[2025-07-29 11:06:51,275] [INFO] root: Logging system initialized!
[2025-07-29 11:06:51,285] [INFO] transport: Outgoing connecting to: ipc:///tmp/fprime-server-in
[2025-07-29 11:06:51,285] [INFO] transport: Incoming connecting to: ipc:///tmp/fprime-server-out
[2025-07-29 11:07:28,794] [WARNING] distributor: Decoding error occurred: microsecond must be in 0..999999. Skipping.
[2025-07-29 11:07:28,794] [WARNING] distributor: No decoder registered for: FW_PACKET_PACKETIZED_TLM
[2025-07-29 11:07:28,794] [WARNING] distributor: No decoder registered for: FW_PACKET_IDLE
[2025-07-29 11:08:01,567] [WARNING] distributor: Decoding error occurred: microsecond must be in 0..999999. Skipping.
[2025-07-29 11:08:01,568] [WARNING] distributor: No decoder registered for: FW_PACKET_PACKETIZED_TLM
[2025-07-29 11:08:01,568] [WARNING] distributor: No decoder registered for: FW_PACKET_IDLE
[2025-07-29 11:08:37,405] [WARNING] distributor: Decoding error occurred: microsecond must be in 0..999999. Skipping.
[2025-07-29 11:08:37,405] [WARNING] distributor: No decoder registered for: FW_PACKET_PACKETIZED_TLM
[2025-07-29 11:08:37,405] [WARNING] distributor: No decoder registered for: FW_PACKET_IDLE
[2025-07-29 11:09:10,261] [WARNING] distributor: Decoding error occurred: microsecond must be in 0..999999. Skipping.
[2025-07-29 11:09:10,261] [WARNING] distributor: No decoder registered for: FW_PACKET_PACKETIZED_TLM
[2025-07-29 11:09:10,264] [WARNING] distributor: No decoder registered for: FW_PACKET_IDLE
[2025-07-29 11:12:04,424] [WARNING] distributor: No decoder registered for: FW_PACKET_TELEM
[2025-07-29 11:12:04,424] [WARNING] distributor: No decoder registered for: FW_PACKET_TELEM
[2025-07-29 11:12:04,425] [WARNING] distributor: No decoder registered for: FW_PACKET_TELEM
[2025-07-29 11:12:04,425] [WARNING] distributor: No decoder registered for: FW_PACKET_IDLE
[2025-07-29 11:12:39,237] [WARNING] distributor: No decoder registered for: FW_PACKET_TELEM
[2025-07-29 11:12:39,237] [WARNING] distributor: No decoder registered for: FW_PACKET_TELEM
[2025-07-29 11:12:39,237] [WARNING] distributor: No decoder registered for: FW_PACKET_TELEM
[2025-07-29 11:12:39,237] [WARNING] distributor: No decoder registered for: FW_PACKET_IDLE
