[APRS] APRS command server listening on port 8080
Hit Ctrl-C to quit
EVENT: (3334) (2:1753814260,798975) WARNING_HI: (prmDb) PrmFileReadError : Parameter file read failed in stage OPEN (0) with record 0 and error 1
EVENT: (1280) (2:1753814260,799025) DIAGNOSTIC: (cmdDisp) OpCodeRegistered : Opcode 0x500 registered to port 0 slot 0
EVENT: (1280) (2:1753814260,799030) DIAGNOSTIC: (cmdDisp) OpCodeRegistered : Opcode 0x501 registered to port 0 slot 1
EVENT: (1280) (2:1753814260,799033) DIAGNOSTIC: (cmdDisp) OpCodeRegistered : Opcode 0x502 registered to port 0 slot 2
EVENT: (1280) (2:1753814260,799035) DIAGNOSTIC: (cmdDisp) OpCodeRegistered : Opcode 0x503 registered to port 0 slot 3
EVENT: (1280) (2:1753814260,799038) DIAGNOSTIC: (cmdDisp) OpCodeRegistered : Opcode 0x600 registered to port 1 slot 4
EVENT: (1280) (2:1753814260,799040) DIAGNOSTIC: (cmdDisp) OpCodeRegistered : Opcode 0x601 registered to port 1 slot 5
EVENT: (1280) (2:1753814260,799042) DIAGNOSTIC: (cmdDisp) OpCodeRegistered : Opcode 0x602 registered to port 1 slot 6
EVENT: (1280) (2:1753814260,799044) DIAGNOSTIC: (cmdDisp) OpCodeRegistered : Opcode 0x603 registered to port 1 slot 7
EVENT: (1280) (2:1753814260,799047) DIAGNOSTIC: (cmdDisp) OpCodeRegistered : Opcode 0x604 registered to port 1 slot 8
EVENT: (1280) (2:1753814260,799049) DIAGNOSTIC: (cmdDisp) OpCodeRegistered : Opcode 0x605 registered to port 1 slot 9
EVENT: (1280) (2:1753814260,799051) DIAGNOSTIC: (cmdDisp) OpCodeRegistered : Opcode 0x606 registered to port 1 slot 10
EVENT: (1280) (2:1753814260,799053) DIAGNOSTIC: (cmdDisp) OpCodeRegistered : Opcode 0x607 registered to port 1 slot 11
EVENT: (1280) (2:1753814260,799056) DIAGNOSTIC: (cmdDisp) OpCodeRegistered : Opcode 0xb00 registered to port 2 slot 12
EVENT: (1280) (2:1753814260,799058) DIAGNOSTIC: (cmdDisp) OpCodeRegistered : Opcode 0xb02 registered to port 2 slot 13
EVENT: (1280) (2:1753814260,799060) DIAGNOSTIC: (cmdDisp) OpCodeRegistered : Opcode 0xb03 registered to port 2 slot 14
EVENT: (1280) (2:1753814260,799062) DIAGNOSTIC: (cmdDisp) OpCodeRegistered : Opcode 0x800 registered to port 3 slot 15
EVENT: (1280) (2:1753814260,799065) DIAGNOSTIC: (cmdDisp) OpCodeRegistered : Opcode 0x801 registered to port 3 slot 16
EVENT: (1280) (2:1753814260,799067) DIAGNOSTIC: (cmdDisp) OpCodeRegistered : Opcode 0x802 registered to port 3 slot 17
EVENT: (1280) (2:1753814260,799069) DIAGNOSTIC: (cmdDisp) OpCodeRegistered : Opcode 0x900 registered to port 4 slot 18
EVENT: (1280) (2:1753814260,799071) DIAGNOSTIC: (cmdDisp) OpCodeRegistered : Opcode 0x901 registered to port 4 slot 19
EVENT: (1280) (2:1753814260,799074) DIAGNOSTIC: (cmdDisp) OpCodeRegistered : Opcode 0x902 registered to port 4 slot 20
EVENT: (1280) (2:1753814260,799076) DIAGNOSTIC: (cmdDisp) OpCodeRegistered : Opcode 0x903 registered to port 4 slot 21
EVENT: (1280) (2:1753814260,799078) DIAGNOSTIC: (cmdDisp) OpCodeRegistered : Opcode 0x904 registered to port 4 slot 22
EVENT: (1280) (2:1753814260,799080) DIAGNOSTIC: (cmdDisp) OpCodeRegistered : Opcode 0x905 registered to port 4 slot 23
EVENT: (1280) (2:1753814260,799082) DIAGNOSTIC: (cmdDisp) OpCodeRegistered : Opcode 0x906 registered to port 4 slot 24
EVENT: (1280) (2:1753814260,799085) DIAGNOSTIC: (cmdDisp) OpCodeRegistered : Opcode 0x2000 registered to port 5 slot 25
EVENT: (1280) (2:1753814260,799087) DIAGNOSTIC: (cmdDisp) OpCodeRegistered : Opcode 0x2001 registered to port 5 slot 26
EVENT: (1280) (2:1753814260,799090) DIAGNOSTIC: (cmdDisp) OpCodeRegistered : Opcode 0x2002 registered to port 5 slot 27
EVENT: (1280) (2:1753814260,799092) DIAGNOSTIC: (cmdDisp) OpCodeRegistered : Opcode 0xd00 registered to port 6 slot 28
EVENT: (1280) (2:1753814260,799095) DIAGNOSTIC: (cmdDisp) OpCodeRegistered : Opcode 0x4a00 registered to port 7 slot 29
EVENT: (1280) (2:1753814260,799098) DIAGNOSTIC: (cmdDisp) OpCodeRegistered : Opcode 0x5000 registered to port 8 slot 30
EVENT: (1280) (2:1753814260,799100) DIAGNOSTIC: (cmdDisp) OpCodeRegistered : Opcode 0x5001 registered to port 8 slot 31
EVENT: (1280) (2:1753814260,799102) DIAGNOSTIC: (cmdDisp) OpCodeRegistered : Opcode 0x5002 registered to port 8 slot 32
EVENT: (1280) (2:1753814260,799112) DIAGNOSTIC: (cmdDisp) OpCodeRegistered : Opcode 0x5003 registered to port 8 slot 33
EVENT: (1280) (2:1753814260,799114) DIAGNOSTIC: (cmdDisp) OpCodeRegistered : Opcode 0x5004 registered to port 8 slot 34
EVENT: (1280) (2:1753814260,799116) DIAGNOSTIC: (cmdDisp) OpCodeRegistered : Opcode 0x4e00 registered to port 9 slot 35
EVENT: (1280) (2:1753814260,799119) DIAGNOSTIC: (cmdDisp) OpCodeRegistered : Opcode 0x4e01 registered to port 9 slot 36
[WARNING] cmdDisp high task priority of 101 clamped to 99
[WARNING] cmdSeq high task priority of 100 clamped to 99
[WARNING] comQueue high task priority of 100 clamped to 99
[WARNING] fileDownlink high task priority of 100 clamped to 99
[WARNING] fileManager high task priority of 100 clamped to 99
[WARNING] fileUplink high task priority of 100 clamped to 99
[WARNING] rateGroup1 high task priority of 120 clamped to 99
[WARNING] rateGroup2 high task priority of 119 clamped to 99
EVENT: (512) (2:1753814260,799463) DIAGNOSTIC: (rateGroup1) RateGroupStarted : Rate group started.
EVENT: (768) (2:1753814260,799491) DIAGNOSTIC: (rateGroup2) RateGroupStarted : Rate group started.
[WARNING] rateGroup3 high task priority of 118 clamped to 99
[WARNING] ReceiveTask high task priority of 100 clamped to 99
EVENT: (1024) (2:1753814260,799667) DIAGNOSTIC: (rateGroup3) RateGroupStarted : Rate group started.
[WARNING] Failed to listen on port 50000 with status -9
[WARNING] Failed to listen on port 50000 with status -9
[WARNING] Failed to listen on port 50000 with status -9
[WARNING] Failed to listen on port 50000 with status -9
[WARNING] Failed to listen on port 50000 with status -9
[WARNING] Failed to listen on port 50000 with status -9
[WARNING] Failed to listen on port 50000 with status -9
[WARNING] Failed to listen on port 50000 with status -9
[WARNING] Failed to listen on port 50000 with status -9
[WARNING] Failed to listen on port 50000 with status -9
[WARNING] Failed to listen on port 50000 with status -9
[WARNING] Failed to listen on port 50000 with status -9
[WARNING] Failed to listen on port 50000 with status -9
[WARNING] Failed to listen on port 50000 with status -9
[WARNING] Failed to listen on port 50000 with status -9
[WARNING] Failed to listen on port 50000 with status -9
[WARNING] Failed to listen on port 50000 with status -9
[WARNING] Failed to listen on port 50000 with status -9
[WARNING] Failed to listen on port 50000 with status -9
[WARNING] Failed to listen on port 50000 with status -9
[WARNING] Failed to listen on port 50000 with status -9
[WARNING] Failed to listen on port 50000 with status -9
[WARNING] Failed to listen on port 50000 with status -9
[WARNING] Failed to listen on port 50000 with status -9
[WARNING] Failed to listen on port 50000 with status -9
[WARNING] Failed to listen on port 50000 with status -9
[WARNING] Failed to listen on port 50000 with status -9
[WARNING] Failed to listen on port 50000 with status -9
[WARNING] Failed to listen on port 50000 with status -9
[WARNING] Failed to listen on port 50000 with status -9
[WARNING] Failed to listen on port 50000 with status -9
[WARNING] Failed to listen on port 50000 with status -9
[WARNING] Failed to listen on port 50000 with status -9
[WARNING] Failed to listen on port 50000 with status -9
[WARNING] Failed to listen on port 50000 with status -9
[WARNING] Failed to listen on port 50000 with status -9
[WARNING] Failed to listen on port 50000 with status -9
[WARNING] Failed to listen on port 50000 with status -9
[WARNING] Failed to listen on port 50000 with status -9
[WARNING] Failed to listen on port 50000 with status -9
[WARNING] Failed to listen on port 50000 with status -9
[WARNING] Failed to listen on port 50000 with status -9
[WARNING] Failed to listen on port 50000 with status -9
[WARNING] Failed to listen on port 50000 with status -9
[WARNING] Failed to listen on port 50000 with status -9
[WARNING] Failed to listen on port 50000 with status -9
[WARNING] Failed to listen on port 50000 with status -9
[WARNING] Failed to listen on port 50000 with status -9
[WARNING] Failed to listen on port 50000 with status -9
[WARNING] Failed to listen on port 50000 with status -9
[WARNING] Failed to listen on port 50000 with status -9
[WARNING] Failed to listen on port 50000 with status -9
[WARNING] Failed to listen on port 50000 with status -9
[WARNING] Failed to listen on port 50000 with status -9
[WARNING] Failed to listen on port 50000 with status -9
[WARNING] Failed to listen on port 50000 with status -9
[WARNING] Failed to listen on port 50000 with status -9
[WARNING] Failed to listen on port 50000 with status -9
[WARNING] Failed to listen on port 50000 with status -9
[WARNING] Failed to listen on port 50000 with status -9
[WARNING] Failed to listen on port 50000 with status -9
[WARNING] Failed to listen on port 50000 with status -9
[WARNING] Failed to listen on port 50000 with status -9
[WARNING] Failed to listen on port 50000 with status -9
Exiting...
