[2025-07-28 19:00:53,390] [INFO] root: Logging system initialized!
[2025-07-28 19:00:53,406] [INFO] transport: Outgoing connecting to: ipc:///tmp/fprime-server-in
[2025-07-28 19:00:53,407] [INFO] transport: Incoming connecting to: ipc:///tmp/fprime-server-out
[2025-07-28 19:01:23,141] [WARNING] distributor: Decoding error occurred: Channel APRS_LATITUDE failed to decode: unpack_from requires a buffer of at least 19 bytes for unpacking 4 bytes at offset 15 (actual buffer size is 16). Skipping.
[2025-07-28 19:01:23,141] [WARNING] distributor: No decoder registered for: FW_PACKET_TELEM
[2025-07-28 19:01:23,141] [WARNING] distributor: Decoding error occurred: Channel APRS_LONGITUDE failed to decode: unpack_from requires a buffer of at least 19 bytes for unpacking 4 bytes at offset 15 (actual buffer size is 16). Skipping.
[2025-07-28 19:01:23,141] [WARNING] distributor: No decoder registered for: FW_PACKET_TELEM
[2025-07-28 19:01:23,141] [WARNING] distributor: Decoding error occurred: Channel APRS_BATTERY failed to decode: unpack_from requires a buffer of at least 19 bytes for unpacking 4 bytes at offset 15 (actual buffer size is 16). Skipping.
[2025-07-28 19:01:23,141] [WARNING] distributor: No decoder registered for: FW_PACKET_TELEM
[2025-07-28 19:01:23,141] [WARNING] distributor: No decoder registered for: FW_PACKET_IDLE
[2025-07-28 19:01:57,957] [WARNING] distributor: Decoding error occurred: Channel APRS_LATITUDE failed to decode: unpack_from requires a buffer of at least 19 bytes for unpacking 4 bytes at offset 15 (actual buffer size is 16). Skipping.
[2025-07-28 19:01:57,957] [WARNING] distributor: No decoder registered for: FW_PACKET_TELEM
[2025-07-28 19:01:57,957] [WARNING] distributor: Decoding error occurred: Channel APRS_LONGITUDE failed to decode: unpack_from requires a buffer of at least 19 bytes for unpacking 4 bytes at offset 15 (actual buffer size is 16). Skipping.
[2025-07-28 19:01:57,957] [WARNING] distributor: No decoder registered for: FW_PACKET_TELEM
[2025-07-28 19:01:57,957] [WARNING] distributor: Decoding error occurred: Channel APRS_BATTERY failed to decode: unpack_from requires a buffer of at least 19 bytes for unpacking 4 bytes at offset 15 (actual buffer size is 16). Skipping.
[2025-07-28 19:01:57,957] [WARNING] distributor: No decoder registered for: FW_PACKET_TELEM
[2025-07-28 19:01:57,957] [WARNING] distributor: No decoder registered for: FW_PACKET_IDLE
[2025-07-28 19:02:29,786] [WARNING] distributor: Decoding error occurred: Channel APRS_LATITUDE failed to decode: unpack_from requires a buffer of at least 19 bytes for unpacking 4 bytes at offset 15 (actual buffer size is 16). Skipping.
[2025-07-28 19:02:29,786] [WARNING] distributor: No decoder registered for: FW_PACKET_TELEM
[2025-07-28 19:02:29,786] [WARNING] distributor: Decoding error occurred: Channel APRS_LONGITUDE failed to decode: unpack_from requires a buffer of at least 19 bytes for unpacking 4 bytes at offset 15 (actual buffer size is 16). Skipping.
[2025-07-28 19:02:29,786] [WARNING] distributor: No decoder registered for: FW_PACKET_TELEM
[2025-07-28 19:02:29,786] [WARNING] distributor: Decoding error occurred: Channel APRS_BATTERY failed to decode: unpack_from requires a buffer of at least 19 bytes for unpacking 4 bytes at offset 15 (actual buffer size is 16). Skipping.
[2025-07-28 19:02:29,786] [WARNING] distributor: No decoder registered for: FW_PACKET_TELEM
[2025-07-28 19:02:29,786] [WARNING] distributor: No decoder registered for: FW_PACKET_IDLE
[2025-07-28 19:03:05,626] [WARNING] distributor: Decoding error occurred: Channel APRS_LATITUDE failed to decode: unpack_from requires a buffer of at least 19 bytes for unpacking 4 bytes at offset 15 (actual buffer size is 16). Skipping.
[2025-07-28 19:03:05,626] [WARNING] distributor: No decoder registered for: FW_PACKET_TELEM
[2025-07-28 19:03:05,626] [WARNING] distributor: Decoding error occurred: Channel APRS_LONGITUDE failed to decode: unpack_from requires a buffer of at least 19 bytes for unpacking 4 bytes at offset 15 (actual buffer size is 16). Skipping.
[2025-07-28 19:03:05,626] [WARNING] distributor: No decoder registered for: FW_PACKET_TELEM
[2025-07-28 19:03:05,626] [WARNING] distributor: Decoding error occurred: Channel APRS_BATTERY failed to decode: unpack_from requires a buffer of at least 19 bytes for unpacking 4 bytes at offset 15 (actual buffer size is 16). Skipping.
[2025-07-28 19:03:05,626] [WARNING] distributor: No decoder registered for: FW_PACKET_TELEM
[2025-07-28 19:03:05,626] [WARNING] distributor: No decoder registered for: FW_PACKET_IDLE
[2025-07-28 19:03:37,455] [WARNING] distributor: Decoding error occurred: Channel APRS_LATITUDE failed to decode: unpack_from requires a buffer of at least 19 bytes for unpacking 4 bytes at offset 15 (actual buffer size is 16). Skipping.
[2025-07-28 19:03:37,455] [WARNING] distributor: No decoder registered for: FW_PACKET_TELEM
[2025-07-28 19:03:37,455] [WARNING] distributor: Decoding error occurred: Channel APRS_LONGITUDE failed to decode: unpack_from requires a buffer of at least 19 bytes for unpacking 4 bytes at offset 15 (actual buffer size is 16). Skipping.
[2025-07-28 19:03:37,455] [WARNING] distributor: No decoder registered for: FW_PACKET_TELEM
[2025-07-28 19:03:37,455] [WARNING] distributor: Decoding error occurred: Channel APRS_BATTERY failed to decode: unpack_from requires a buffer of at least 19 bytes for unpacking 4 bytes at offset 15 (actual buffer size is 16). Skipping.
[2025-07-28 19:03:37,455] [WARNING] distributor: No decoder registered for: FW_PACKET_TELEM
[2025-07-28 19:03:37,455] [WARNING] distributor: No decoder registered for: FW_PACKET_IDLE
[2025-07-28 19:04:11,331] [WARNING] distributor: Decoding error occurred: Channel APRS_LATITUDE failed to decode: unpack_from requires a buffer of at least 19 bytes for unpacking 4 bytes at offset 15 (actual buffer size is 16). Skipping.
[2025-07-28 19:04:11,331] [WARNING] distributor: No decoder registered for: FW_PACKET_TELEM
[2025-07-28 19:04:11,331] [WARNING] distributor: Decoding error occurred: Channel APRS_LONGITUDE failed to decode: unpack_from requires a buffer of at least 19 bytes for unpacking 4 bytes at offset 15 (actual buffer size is 16). Skipping.
[2025-07-28 19:04:11,331] [WARNING] distributor: No decoder registered for: FW_PACKET_TELEM
[2025-07-28 19:04:11,331] [WARNING] distributor: Decoding error occurred: Channel APRS_BATTERY failed to decode: unpack_from requires a buffer of at least 19 bytes for unpacking 4 bytes at offset 15 (actual buffer size is 16). Skipping.
[2025-07-28 19:04:11,331] [WARNING] distributor: No decoder registered for: FW_PACKET_TELEM
[2025-07-28 19:04:11,331] [WARNING] distributor: No decoder registered for: FW_PACKET_IDLE
[2025-07-28 19:04:47,171] [WARNING] distributor: Decoding error occurred: Channel APRS_LATITUDE failed to decode: unpack_from requires a buffer of at least 19 bytes for unpacking 4 bytes at offset 15 (actual buffer size is 16). Skipping.
[2025-07-28 19:04:47,171] [WARNING] distributor: No decoder registered for: FW_PACKET_TELEM
[2025-07-28 19:04:47,171] [WARNING] distributor: Decoding error occurred: Channel APRS_LONGITUDE failed to decode: unpack_from requires a buffer of at least 19 bytes for unpacking 4 bytes at offset 15 (actual buffer size is 16). Skipping.
[2025-07-28 19:04:47,171] [WARNING] distributor: No decoder registered for: FW_PACKET_TELEM
[2025-07-28 19:04:47,171] [WARNING] distributor: Decoding error occurred: Channel APRS_BATTERY failed to decode: unpack_from requires a buffer of at least 19 bytes for unpacking 4 bytes at offset 15 (actual buffer size is 16). Skipping.
[2025-07-28 19:04:47,171] [WARNING] distributor: No decoder registered for: FW_PACKET_TELEM
[2025-07-28 19:04:47,172] [WARNING] distributor: No decoder registered for: FW_PACKET_IDLE
[2025-07-28 19:05:20,963] [WARNING] distributor: Decoding error occurred: Channel APRS_LATITUDE failed to decode: unpack_from requires a buffer of at least 19 bytes for unpacking 4 bytes at offset 15 (actual buffer size is 16). Skipping.
[2025-07-28 19:05:20,963] [WARNING] distributor: No decoder registered for: FW_PACKET_TELEM
[2025-07-28 19:05:20,963] [WARNING] distributor: Decoding error occurred: Channel APRS_LONGITUDE failed to decode: unpack_from requires a buffer of at least 19 bytes for unpacking 4 bytes at offset 15 (actual buffer size is 16). Skipping.
[2025-07-28 19:05:20,963] [WARNING] distributor: No decoder registered for: FW_PACKET_TELEM
[2025-07-28 19:05:20,963] [WARNING] distributor: Decoding error occurred: Channel APRS_BATTERY failed to decode: unpack_from requires a buffer of at least 19 bytes for unpacking 4 bytes at offset 15 (actual buffer size is 16). Skipping.
[2025-07-28 19:05:20,963] [WARNING] distributor: No decoder registered for: FW_PACKET_TELEM
[2025-07-28 19:05:20,964] [WARNING] distributor: No decoder registered for: FW_PACKET_IDLE
