[2025-07-24 10:31:35,038] [INFO] root: Logging system initialized!
[2025-07-24 10:31:35,048] [INFO] transport: Outgoing connecting to: ipc:///tmp/fprime-server-in
[2025-07-24 10:31:35,049] [INFO] transport: Incoming connecting to: ipc:///tmp/fprime-server-out
[2025-07-24 10:32:13,981] [WARNING] distributor: Decoding error occurred: Channel 13700 not found in dictionary. Skipping.
[2025-07-24 10:32:13,982] [WARNING] distributor: No decoder registered for: FW_PACKET_TELEM
[2025-07-24 10:32:13,982] [WARNING] distributor: Decoding error occurred: Channel 13701 not found in dictionary. Skipping.
[2025-07-24 10:32:13,982] [WARNING] distributor: No decoder registered for: FW_PACKET_TELEM
[2025-07-24 10:32:13,982] [WARNING] distributor: Decoding error occurred: Channel 13702 not found in dictionary. Skipping.
[2025-07-24 10:32:13,982] [WARNING] distributor: No decoder registered for: FW_PACKET_TELEM
[2025-07-24 10:32:13,982] [WARNING] distributor: Decoding error occurred: Channel 13703 not found in dictionary. Skipping.
[2025-07-24 10:32:13,982] [WARNING] distributor: No decoder registered for: FW_PACKET_TELEM
[2025-07-24 10:32:13,982] [WARNING] distributor: No decoder registered for: FW_PACKET_IDLE
[2025-07-24 10:32:21,902] [WARNING] distributor: Decoding error occurred: Channel 13700 not found in dictionary. Skipping.
[2025-07-24 10:32:21,902] [WARNING] distributor: No decoder registered for: FW_PACKET_TELEM
[2025-07-24 10:32:21,944] [WARNING] distributor: Decoding error occurred: Channel 13701 not found in dictionary. Skipping.
[2025-07-24 10:32:21,944] [WARNING] distributor: No decoder registered for: FW_PACKET_TELEM
[2025-07-24 10:32:21,944] [WARNING] distributor: Decoding error occurred: Channel 13702 not found in dictionary. Skipping.
[2025-07-24 10:32:21,944] [WARNING] distributor: No decoder registered for: FW_PACKET_TELEM
[2025-07-24 10:32:21,944] [WARNING] distributor: Decoding error occurred: Channel 13703 not found in dictionary. Skipping.
[2025-07-24 10:32:21,944] [WARNING] distributor: No decoder registered for: FW_PACKET_TELEM
[2025-07-24 10:32:21,944] [WARNING] distributor: No decoder registered for: FW_PACKET_IDLE
[2025-07-24 10:32:58,848] [WARNING] distributor: Decoding error occurred: Channel 13700 not found in dictionary. Skipping.
[2025-07-24 10:32:58,848] [WARNING] distributor: No decoder registered for: FW_PACKET_TELEM
[2025-07-24 10:32:58,848] [WARNING] distributor: Decoding error occurred: Channel 13701 not found in dictionary. Skipping.
[2025-07-24 10:32:58,848] [WARNING] distributor: No decoder registered for: FW_PACKET_TELEM
[2025-07-24 10:32:58,849] [WARNING] distributor: Decoding error occurred: Channel 13702 not found in dictionary. Skipping.
[2025-07-24 10:32:58,849] [WARNING] distributor: No decoder registered for: FW_PACKET_TELEM
[2025-07-24 10:32:58,849] [WARNING] distributor: No decoder registered for: FW_PACKET_IDLE
[2025-07-24 10:33:34,689] [WARNING] distributor: Decoding error occurred: Channel 13700 not found in dictionary. Skipping.
[2025-07-24 10:33:34,689] [WARNING] distributor: No decoder registered for: FW_PACKET_TELEM
[2025-07-24 10:33:34,689] [WARNING] distributor: Decoding error occurred: Channel 13701 not found in dictionary. Skipping.
[2025-07-24 10:33:34,689] [WARNING] distributor: No decoder registered for: FW_PACKET_TELEM
[2025-07-24 10:33:34,689] [WARNING] distributor: Decoding error occurred: Channel 13702 not found in dictionary. Skipping.
[2025-07-24 10:33:34,689] [WARNING] distributor: No decoder registered for: FW_PACKET_TELEM
[2025-07-24 10:33:34,689] [WARNING] distributor: No decoder registered for: FW_PACKET_IDLE
[2025-07-24 10:34:07,566] [WARNING] distributor: Decoding error occurred: Channel 13700 not found in dictionary. Skipping.
[2025-07-24 10:34:07,566] [WARNING] distributor: No decoder registered for: FW_PACKET_TELEM
[2025-07-24 10:34:07,566] [WARNING] distributor: Decoding error occurred: Channel 13701 not found in dictionary. Skipping.
[2025-07-24 10:34:07,566] [WARNING] distributor: No decoder registered for: FW_PACKET_TELEM
[2025-07-24 10:34:07,566] [WARNING] distributor: Decoding error occurred: Channel 13702 not found in dictionary. Skipping.
[2025-07-24 10:34:07,566] [WARNING] distributor: No decoder registered for: FW_PACKET_TELEM
[2025-07-24 10:34:07,566] [WARNING] distributor: No decoder registered for: FW_PACKET_IDLE
[2025-07-24 10:34:42,413] [WARNING] distributor: Decoding error occurred: Channel 13700 not found in dictionary. Skipping.
[2025-07-24 10:34:42,413] [WARNING] distributor: No decoder registered for: FW_PACKET_TELEM
[2025-07-24 10:34:42,413] [WARNING] distributor: Decoding error occurred: Channel 13701 not found in dictionary. Skipping.
[2025-07-24 10:34:42,413] [WARNING] distributor: No decoder registered for: FW_PACKET_TELEM
[2025-07-24 10:34:42,413] [WARNING] distributor: Decoding error occurred: Channel 13702 not found in dictionary. Skipping.
[2025-07-24 10:34:42,413] [WARNING] distributor: No decoder registered for: FW_PACKET_TELEM
[2025-07-24 10:34:42,413] [WARNING] distributor: No decoder registered for: FW_PACKET_IDLE
[2025-07-24 10:35:53,013] [WARNING] distributor: Decoding error occurred: Channel 1298 not found in dictionary. Skipping.
[2025-07-24 10:35:53,013] [WARNING] distributor: No decoder registered for: FW_PACKET_TELEM
[2025-07-24 10:35:53,013] [WARNING] distributor: Decoding error occurred: Channel 1299 not found in dictionary. Skipping.
[2025-07-24 10:35:53,013] [WARNING] distributor: No decoder registered for: FW_PACKET_TELEM
[2025-07-24 10:35:53,013] [WARNING] distributor: Decoding error occurred: Channel 1896 not found in dictionary. Skipping.
[2025-07-24 10:35:53,013] [WARNING] distributor: No decoder registered for: FW_PACKET_TELEM
[2025-07-24 10:35:53,013] [WARNING] distributor: No decoder registered for: FW_PACKET_IDLE
[2025-07-24 10:36:24,842] [WARNING] distributor: Decoding error occurred: Channel 1298 not found in dictionary. Skipping.
[2025-07-24 10:36:24,842] [WARNING] distributor: No decoder registered for: FW_PACKET_TELEM
[2025-07-24 10:36:24,842] [WARNING] distributor: Decoding error occurred: Channel 1299 not found in dictionary. Skipping.
[2025-07-24 10:36:24,842] [WARNING] distributor: No decoder registered for: FW_PACKET_TELEM
[2025-07-24 10:36:24,842] [WARNING] distributor: Decoding error occurred: Channel 1896 not found in dictionary. Skipping.
[2025-07-24 10:36:24,842] [WARNING] distributor: No decoder registered for: FW_PACKET_TELEM
[2025-07-24 10:36:24,842] [WARNING] distributor: No decoder registered for: FW_PACKET_IDLE
[2025-07-24 10:36:59,715] [WARNING] distributor: Decoding error occurred: Channel 1298 not found in dictionary. Skipping.
[2025-07-24 10:36:59,715] [WARNING] distributor: No decoder registered for: FW_PACKET_TELEM
[2025-07-24 10:36:59,715] [WARNING] distributor: Decoding error occurred: Channel 1299 not found in dictionary. Skipping.
[2025-07-24 10:36:59,715] [WARNING] distributor: No decoder registered for: FW_PACKET_TELEM
[2025-07-24 10:36:59,715] [WARNING] distributor: Decoding error occurred: Channel 1896 not found in dictionary. Skipping.
[2025-07-24 10:36:59,715] [WARNING] distributor: No decoder registered for: FW_PACKET_TELEM
[2025-07-24 10:36:59,715] [WARNING] distributor: No decoder registered for: FW_PACKET_IDLE
