[2025-07-28 17:23:33,583] [INFO] root: Logging system initialized!
[2025-07-28 17:23:33,597] [INFO] transport: Outgoing connecting to: ipc:///tmp/fprime-server-in
[2025-07-28 17:23:33,597] [INFO] transport: Incoming connecting to: ipc:///tmp/fprime-server-out
[2025-07-28 17:27:52,942] [WARNING] distributor: Decoding error occurred: unpack_from requires a buffer of at least 23 bytes for unpacking 4 bytes at offset 19 (actual buffer size is 22). Skipping.
[2025-07-28 17:27:52,942] [WARNING] distributor: No decoder registered for: FW_PACKET_TELEM
[2025-07-28 17:27:52,942] [WARNING] distributor: Decoding error occurred: unpack_from requires a buffer of at least 23 bytes for unpacking 4 bytes at offset 19 (actual buffer size is 22). Skipping.
[2025-07-28 17:27:52,942] [WARNING] distributor: No decoder registered for: FW_PACKET_TELEM
[2025-07-28 17:27:52,942] [WARNING] distributor: Decoding error occurred: unpack_from requires a buffer of at least 23 bytes for unpacking 4 bytes at offset 19 (actual buffer size is 22). Skipping.
[2025-07-28 17:27:52,942] [WARNING] distributor: No decoder registered for: FW_PACKET_TELEM
[2025-07-28 17:27:52,943] [WARNING] distributor: No decoder registered for: FW_PACKET_IDLE
[2025-07-28 17:28:00,790] [WARNING] distributor: Decoding error occurred: unpack_from requires a buffer of at least 23 bytes for unpacking 4 bytes at offset 19 (actual buffer size is 22). Skipping.
[2025-07-28 17:28:00,790] [WARNING] distributor: No decoder registered for: FW_PACKET_TELEM
[2025-07-28 17:28:00,791] [WARNING] distributor: Decoding error occurred: unpack_from requires a buffer of at least 23 bytes for unpacking 4 bytes at offset 19 (actual buffer size is 22). Skipping.
[2025-07-28 17:28:00,791] [WARNING] distributor: No decoder registered for: FW_PACKET_TELEM
[2025-07-28 17:28:00,791] [WARNING] distributor: Decoding error occurred: unpack_from requires a buffer of at least 23 bytes for unpacking 4 bytes at offset 19 (actual buffer size is 22). Skipping.
[2025-07-28 17:28:00,791] [WARNING] distributor: No decoder registered for: FW_PACKET_TELEM
[2025-07-28 17:28:00,791] [WARNING] distributor: No decoder registered for: FW_PACKET_IDLE
[2025-07-28 17:28:37,570] [WARNING] distributor: Decoding error occurred: unpack_from requires a buffer of at least 23 bytes for unpacking 4 bytes at offset 19 (actual buffer size is 22). Skipping.
[2025-07-28 17:28:37,570] [WARNING] distributor: No decoder registered for: FW_PACKET_TELEM
[2025-07-28 17:28:37,616] [WARNING] distributor: Decoding error occurred: unpack_from requires a buffer of at least 23 bytes for unpacking 4 bytes at offset 19 (actual buffer size is 22). Skipping.
[2025-07-28 17:28:37,616] [WARNING] distributor: No decoder registered for: FW_PACKET_TELEM
[2025-07-28 17:28:37,616] [WARNING] distributor: Decoding error occurred: unpack_from requires a buffer of at least 23 bytes for unpacking 4 bytes at offset 19 (actual buffer size is 22). Skipping.
[2025-07-28 17:28:37,617] [WARNING] distributor: No decoder registered for: FW_PACKET_TELEM
[2025-07-28 17:28:37,617] [WARNING] distributor: Decoding error occurred: unpack_from requires a buffer of at least 23 bytes for unpacking 4 bytes at offset 19 (actual buffer size is 22). Skipping.
[2025-07-28 17:28:37,617] [WARNING] distributor: No decoder registered for: FW_PACKET_TELEM
[2025-07-28 17:28:37,617] [WARNING] distributor: No decoder registered for: FW_PACKET_IDLE
[2025-07-28 17:29:13,409] [WARNING] distributor: Decoding error occurred: unpack_from requires a buffer of at least 23 bytes for unpacking 4 bytes at offset 19 (actual buffer size is 22). Skipping.
[2025-07-28 17:29:13,409] [WARNING] distributor: No decoder registered for: FW_PACKET_TELEM
[2025-07-28 17:29:13,410] [WARNING] distributor: Decoding error occurred: unpack_from requires a buffer of at least 23 bytes for unpacking 4 bytes at offset 19 (actual buffer size is 22). Skipping.
[2025-07-28 17:29:13,410] [WARNING] distributor: No decoder registered for: FW_PACKET_TELEM
[2025-07-28 17:29:13,410] [WARNING] distributor: Decoding error occurred: unpack_from requires a buffer of at least 23 bytes for unpacking 4 bytes at offset 19 (actual buffer size is 22). Skipping.
[2025-07-28 17:29:13,410] [WARNING] distributor: No decoder registered for: FW_PACKET_TELEM
[2025-07-28 17:29:13,410] [WARNING] distributor: Decoding error occurred: unpack_from requires a buffer of at least 23 bytes for unpacking 4 bytes at offset 19 (actual buffer size is 22). Skipping.
[2025-07-28 17:29:13,410] [WARNING] distributor: No decoder registered for: FW_PACKET_TELEM
[2025-07-28 17:29:13,410] [WARNING] distributor: No decoder registered for: FW_PACKET_IDLE
[2025-07-28 17:29:46,262] [WARNING] distributor: Decoding error occurred: unpack_from requires a buffer of at least 23 bytes for unpacking 4 bytes at offset 19 (actual buffer size is 22). Skipping.
[2025-07-28 17:29:46,262] [WARNING] distributor: No decoder registered for: FW_PACKET_TELEM
[2025-07-28 17:29:46,262] [WARNING] distributor: Decoding error occurred: unpack_from requires a buffer of at least 23 bytes for unpacking 4 bytes at offset 19 (actual buffer size is 22). Skipping.
[2025-07-28 17:29:46,262] [WARNING] distributor: No decoder registered for: FW_PACKET_TELEM
[2025-07-28 17:29:46,262] [WARNING] distributor: Decoding error occurred: unpack_from requires a buffer of at least 23 bytes for unpacking 4 bytes at offset 19 (actual buffer size is 22). Skipping.
[2025-07-28 17:29:46,262] [WARNING] distributor: No decoder registered for: FW_PACKET_TELEM
[2025-07-28 17:29:46,262] [WARNING] distributor: Decoding error occurred: unpack_from requires a buffer of at least 23 bytes for unpacking 4 bytes at offset 19 (actual buffer size is 22). Skipping.
[2025-07-28 17:29:46,262] [WARNING] distributor: No decoder registered for: FW_PACKET_TELEM
[2025-07-28 17:29:46,262] [WARNING] distributor: No decoder registered for: FW_PACKET_IDLE
[2025-07-28 17:30:21,078] [WARNING] distributor: Decoding error occurred: unpack_from requires a buffer of at least 23 bytes for unpacking 4 bytes at offset 19 (actual buffer size is 22). Skipping.
[2025-07-28 17:30:21,078] [WARNING] distributor: No decoder registered for: FW_PACKET_TELEM
[2025-07-28 17:30:21,078] [WARNING] distributor: Decoding error occurred: unpack_from requires a buffer of at least 23 bytes for unpacking 4 bytes at offset 19 (actual buffer size is 22). Skipping.
[2025-07-28 17:30:21,078] [WARNING] distributor: No decoder registered for: FW_PACKET_TELEM
[2025-07-28 17:30:21,078] [WARNING] distributor: Decoding error occurred: unpack_from requires a buffer of at least 23 bytes for unpacking 4 bytes at offset 19 (actual buffer size is 22). Skipping.
[2025-07-28 17:30:21,078] [WARNING] distributor: No decoder registered for: FW_PACKET_TELEM
[2025-07-28 17:30:21,078] [WARNING] distributor: Decoding error occurred: unpack_from requires a buffer of at least 23 bytes for unpacking 4 bytes at offset 19 (actual buffer size is 22). Skipping.
[2025-07-28 17:30:21,078] [WARNING] distributor: No decoder registered for: FW_PACKET_TELEM
[2025-07-28 17:30:21,078] [WARNING] distributor: No decoder registered for: FW_PACKET_IDLE
[2025-07-28 17:30:56,919] [WARNING] distributor: Decoding error occurred: unpack_from requires a buffer of at least 23 bytes for unpacking 4 bytes at offset 19 (actual buffer size is 22). Skipping.
[2025-07-28 17:30:56,919] [WARNING] distributor: No decoder registered for: FW_PACKET_TELEM
[2025-07-28 17:30:56,920] [WARNING] distributor: Decoding error occurred: unpack_from requires a buffer of at least 23 bytes for unpacking 4 bytes at offset 19 (actual buffer size is 22). Skipping.
[2025-07-28 17:30:56,920] [WARNING] distributor: No decoder registered for: FW_PACKET_TELEM
[2025-07-28 17:30:56,920] [WARNING] distributor: Decoding error occurred: unpack_from requires a buffer of at least 23 bytes for unpacking 4 bytes at offset 19 (actual buffer size is 22). Skipping.
[2025-07-28 17:30:56,920] [WARNING] distributor: No decoder registered for: FW_PACKET_TELEM
[2025-07-28 17:30:56,920] [WARNING] distributor: Decoding error occurred: unpack_from requires a buffer of at least 23 bytes for unpacking 4 bytes at offset 19 (actual buffer size is 22). Skipping.
[2025-07-28 17:30:56,920] [WARNING] distributor: No decoder registered for: FW_PACKET_TELEM
[2025-07-28 17:30:56,920] [WARNING] distributor: No decoder registered for: FW_PACKET_IDLE
[2025-07-28 17:34:21,376] [WARNING] distributor: Decoding error occurred: unpack_from requires a buffer of at least 23 bytes for unpacking 4 bytes at offset 19 (actual buffer size is 22). Skipping.
[2025-07-28 17:34:21,376] [WARNING] distributor: No decoder registered for: FW_PACKET_TELEM
[2025-07-28 17:34:21,376] [WARNING] distributor: Decoding error occurred: unpack_from requires a buffer of at least 23 bytes for unpacking 4 bytes at offset 19 (actual buffer size is 22). Skipping.
[2025-07-28 17:34:21,376] [WARNING] distributor: No decoder registered for: FW_PACKET_TELEM
[2025-07-28 17:34:21,376] [WARNING] distributor: Decoding error occurred: unpack_from requires a buffer of at least 23 bytes for unpacking 4 bytes at offset 19 (actual buffer size is 22). Skipping.
[2025-07-28 17:34:21,376] [WARNING] distributor: No decoder registered for: FW_PACKET_TELEM
[2025-07-28 17:34:21,376] [WARNING] distributor: Decoding error occurred: unpack_from requires a buffer of at least 23 bytes for unpacking 4 bytes at offset 19 (actual buffer size is 22). Skipping.
[2025-07-28 17:34:21,376] [WARNING] distributor: No decoder registered for: FW_PACKET_TELEM
[2025-07-28 17:34:21,376] [WARNING] distributor: No decoder registered for: FW_PACKET_IDLE
[2025-07-28 17:34:54,228] [WARNING] distributor: Decoding error occurred: unpack_from requires a buffer of at least 23 bytes for unpacking 4 bytes at offset 19 (actual buffer size is 22). Skipping.
[2025-07-28 17:34:54,228] [WARNING] distributor: No decoder registered for: FW_PACKET_TELEM
[2025-07-28 17:34:54,228] [WARNING] distributor: Decoding error occurred: unpack_from requires a buffer of at least 23 bytes for unpacking 4 bytes at offset 19 (actual buffer size is 22). Skipping.
[2025-07-28 17:34:54,228] [WARNING] distributor: No decoder registered for: FW_PACKET_TELEM
[2025-07-28 17:34:54,228] [WARNING] distributor: Decoding error occurred: unpack_from requires a buffer of at least 23 bytes for unpacking 4 bytes at offset 19 (actual buffer size is 22). Skipping.
[2025-07-28 17:34:54,228] [WARNING] distributor: No decoder registered for: FW_PACKET_TELEM
[2025-07-28 17:34:54,228] [WARNING] distributor: Decoding error occurred: unpack_from requires a buffer of at least 23 bytes for unpacking 4 bytes at offset 19 (actual buffer size is 22). Skipping.
[2025-07-28 17:34:54,228] [WARNING] distributor: No decoder registered for: FW_PACKET_TELEM
[2025-07-28 17:34:54,228] [WARNING] distributor: No decoder registered for: FW_PACKET_IDLE
