[2025-07-28 18:10:56,222] [INFO] root: Logging system initialized!
[2025-07-28 18:10:56,231] [INFO] transport: Outgoing connecting to: ipc:///tmp/fprime-server-in
[2025-07-28 18:10:56,232] [INFO] transport: Incoming connecting to: ipc:///tmp/fprime-server-out
[2025-07-28 18:11:33,084] [WARNING] distributor: Decoding error occurred: Channel 256 not found in dictionary. Skipping.
[2025-07-28 18:11:33,084] [WARNING] distributor: No decoder registered for: FW_PACKET_TELEM
[2025-07-28 18:11:33,084] [WARNING] distributor: Decoding error occurred: Channel 257 not found in dictionary. Skipping.
[2025-07-28 18:11:33,084] [WARNING] distributor: No decoder registered for: FW_PACKET_TELEM
[2025-07-28 18:11:33,084] [WARNING] distributor: Decoding error occurred: Channel 258 not found in dictionary. Skipping.
[2025-07-28 18:11:33,084] [WARNING] distributor: No decoder registered for: FW_PACKET_TELEM
[2025-07-28 18:11:33,084] [WARNING] distributor: Decoding error occurred: Channel 259 not found in dictionary. Skipping.
[2025-07-28 18:11:33,084] [WARNING] distributor: No decoder registered for: FW_PACKET_TELEM
[2025-07-28 18:11:33,084] [WARNING] distributor: No decoder registered for: FW_PACKET_IDLE
[2025-07-28 18:11:40,931] [WARNING] distributor: Decoding error occurred: Channel 256 not found in dictionary. Skipping.
[2025-07-28 18:11:40,931] [WARNING] distributor: No decoder registered for: FW_PACKET_TELEM
[2025-07-28 18:11:40,932] [WARNING] distributor: Decoding error occurred: Channel 257 not found in dictionary. Skipping.
[2025-07-28 18:11:40,932] [WARNING] distributor: No decoder registered for: FW_PACKET_TELEM
[2025-07-28 18:11:40,932] [WARNING] distributor: Decoding error occurred: Channel 258 not found in dictionary. Skipping.
[2025-07-28 18:11:40,932] [WARNING] distributor: No decoder registered for: FW_PACKET_TELEM
[2025-07-28 18:11:40,932] [WARNING] distributor: Decoding error occurred: Channel 259 not found in dictionary. Skipping.
[2025-07-28 18:11:40,932] [WARNING] distributor: No decoder registered for: FW_PACKET_TELEM
[2025-07-28 18:11:40,932] [WARNING] distributor: No decoder registered for: FW_PACKET_IDLE
[2025-07-28 18:12:17,710] [WARNING] distributor: Decoding error occurred: Channel 256 not found in dictionary. Skipping.
[2025-07-28 18:12:17,711] [WARNING] distributor: No decoder registered for: FW_PACKET_TELEM
[2025-07-28 18:12:17,711] [WARNING] distributor: Decoding error occurred: Channel 257 not found in dictionary. Skipping.
[2025-07-28 18:12:17,711] [WARNING] distributor: No decoder registered for: FW_PACKET_TELEM
[2025-07-28 18:12:17,711] [WARNING] distributor: Decoding error occurred: Channel 258 not found in dictionary. Skipping.
[2025-07-28 18:12:17,711] [WARNING] distributor: No decoder registered for: FW_PACKET_TELEM
[2025-07-28 18:12:17,711] [WARNING] distributor: No decoder registered for: FW_PACKET_IDLE
[2025-07-28 18:12:53,551] [WARNING] distributor: Decoding error occurred: Channel 256 not found in dictionary. Skipping.
[2025-07-28 18:12:53,551] [WARNING] distributor: No decoder registered for: FW_PACKET_TELEM
[2025-07-28 18:12:53,551] [WARNING] distributor: Decoding error occurred: Channel 257 not found in dictionary. Skipping.
[2025-07-28 18:12:53,551] [WARNING] distributor: No decoder registered for: FW_PACKET_TELEM
[2025-07-28 18:12:53,551] [WARNING] distributor: Decoding error occurred: Channel 258 not found in dictionary. Skipping.
[2025-07-28 18:12:53,551] [WARNING] distributor: No decoder registered for: FW_PACKET_TELEM
[2025-07-28 18:12:53,551] [WARNING] distributor: No decoder registered for: FW_PACKET_IDLE
[2025-07-28 18:13:25,380] [WARNING] distributor: Decoding error occurred: Channel 256 not found in dictionary. Skipping.
[2025-07-28 18:13:25,380] [WARNING] distributor: No decoder registered for: FW_PACKET_TELEM
[2025-07-28 18:13:25,380] [WARNING] distributor: Decoding error occurred: Channel 257 not found in dictionary. Skipping.
[2025-07-28 18:13:25,380] [WARNING] distributor: No decoder registered for: FW_PACKET_TELEM
[2025-07-28 18:13:25,380] [WARNING] distributor: Decoding error occurred: Channel 258 not found in dictionary. Skipping.
[2025-07-28 18:13:25,380] [WARNING] distributor: No decoder registered for: FW_PACKET_TELEM
[2025-07-28 18:13:25,380] [WARNING] distributor: No decoder registered for: FW_PACKET_IDLE
[2025-07-28 18:14:01,218] [WARNING] distributor: Decoding error occurred: Channel 256 not found in dictionary. Skipping.
[2025-07-28 18:14:01,218] [WARNING] distributor: No decoder registered for: FW_PACKET_TELEM
[2025-07-28 18:14:01,218] [WARNING] distributor: Decoding error occurred: Channel 257 not found in dictionary. Skipping.
[2025-07-28 18:14:01,218] [WARNING] distributor: No decoder registered for: FW_PACKET_TELEM
[2025-07-28 18:14:01,218] [WARNING] distributor: Decoding error occurred: Channel 258 not found in dictionary. Skipping.
[2025-07-28 18:14:01,218] [WARNING] distributor: No decoder registered for: FW_PACKET_TELEM
[2025-07-28 18:14:01,218] [WARNING] distributor: No decoder registered for: FW_PACKET_IDLE
[2025-07-28 18:14:37,060] [WARNING] distributor: Decoding error occurred: Channel 256 not found in dictionary. Skipping.
[2025-07-28 18:14:37,060] [WARNING] distributor: No decoder registered for: FW_PACKET_TELEM
[2025-07-28 18:14:37,060] [WARNING] distributor: Decoding error occurred: Channel 257 not found in dictionary. Skipping.
[2025-07-28 18:14:37,060] [WARNING] distributor: No decoder registered for: FW_PACKET_TELEM
[2025-07-28 18:14:37,060] [WARNING] distributor: Decoding error occurred: Channel 258 not found in dictionary. Skipping.
[2025-07-28 18:14:37,060] [WARNING] distributor: No decoder registered for: FW_PACKET_TELEM
[2025-07-28 18:14:37,060] [WARNING] distributor: No decoder registered for: FW_PACKET_IDLE
[2025-07-28 18:15:11,875] [WARNING] distributor: Decoding error occurred: Channel 256 not found in dictionary. Skipping.
[2025-07-28 18:15:11,875] [WARNING] distributor: No decoder registered for: FW_PACKET_TELEM
[2025-07-28 18:15:11,875] [WARNING] distributor: Decoding error occurred: Channel 257 not found in dictionary. Skipping.
[2025-07-28 18:15:11,875] [WARNING] distributor: No decoder registered for: FW_PACKET_TELEM
[2025-07-28 18:15:11,875] [WARNING] distributor: Decoding error occurred: Channel 258 not found in dictionary. Skipping.
[2025-07-28 18:15:11,876] [WARNING] distributor: No decoder registered for: FW_PACKET_TELEM
[2025-07-28 18:15:11,876] [WARNING] distributor: No decoder registered for: FW_PACKET_IDLE
