[2025-07-24 15:31:27,013] [INFO] root: Logging system initialized!
[2025-07-24 15:31:27,025] [INFO] transport: Outgoing connecting to: ipc:///tmp/fprime-server-in
[2025-07-24 15:31:27,025] [INFO] transport: Incoming connecting to: ipc:///tmp/fprime-server-out
[2025-07-24 15:31:52,395] [WARNING] distributor: Decoding error occurred: Event 256 not found in dictionary. Skipping.
[2025-07-24 15:31:52,396] [WARNING] distributor: No decoder registered for: FW_PACKET_LOG
[2025-07-24 15:31:52,396] [WARNING] distributor: Decoding error occurred: Event 257 not found in dictionary. Skipping.
[2025-07-24 15:31:52,396] [WARNING] distributor: No decoder registered for: FW_PACKET_LOG
[2025-07-24 15:31:52,396] [WARNING] distributor: Decoding error occurred: Event 258 not found in dictionary. Skipping.
[2025-07-24 15:31:52,396] [WARNING] distributor: No decoder registered for: FW_PACKET_LOG
[2025-07-24 15:31:52,396] [INFO] downlink: Received START packet with metadata:
	Size: 2192857088
	Source: pRece
	Destination: ved APRS from AMSAT-11
[2025-07-24 15:31:52,396] [WARNING] distributor: No decoder registered for: FW_PACKET_FILE
[2025-07-24 15:32:12,396] [WARNING] downlink: Timeout while downlinking file, aborting
[2025-07-24 15:32:27,390] [WARNING] distributor: Decoding error occurred: Event 256 not found in dictionary. Skipping.
[2025-07-24 15:32:27,390] [WARNING] distributor: No decoder registered for: FW_PACKET_LOG
[2025-07-24 15:32:27,390] [WARNING] distributor: Decoding error occurred: Event 257 not found in dictionary. Skipping.
[2025-07-24 15:32:27,390] [WARNING] distributor: No decoder registered for: FW_PACKET_LOG
[2025-07-24 15:32:27,390] [WARNING] distributor: Decoding error occurred: Event 258 not found in dictionary. Skipping.
[2025-07-24 15:32:27,390] [WARNING] distributor: No decoder registered for: FW_PACKET_LOG
[2025-07-24 15:32:47,390] [WARNING] downlink: Timeout while downlinking file, aborting
