[2025-07-23 17:09:28,780] [INFO] root: Logging system initialized!
[2025-07-23 17:09:28,788] [INFO] transport: Outgoing connecting to: ipc:///tmp/fprime-server-in
[2025-07-23 17:09:28,788] [INFO] transport: Incoming connecting to: ipc:///tmp/fprime-server-out
[2025-07-23 17:09:50,282] [WARNING] distributor: Decoding error occurred: 256 is not a valid TimeBase. Skipping.
[2025-07-23 17:09:50,282] [WARNING] distributor: No decoder registered for: FW_PACKET_PACKETIZED_TLM
[2025-07-23 17:09:50,282] [WARNING] distributor: Decoding error occurred: 257 is not a valid TimeBase. Skipping.
[2025-07-23 17:09:50,282] [WARNING] distributor: No decoder registered for: FW_PACKET_PACKETIZED_TLM
[2025-07-23 17:09:50,282] [WARNING] distributor: Decoding error occurred: 258 is not a valid TimeBase. Skipping.
[2025-07-23 17:09:50,282] [WARNING] distributor: No decoder registered for: FW_PACKET_PACKETIZED_TLM
[2025-07-23 17:09:50,282] [WARNING] distributor: Decoding error occurred: 259 is not a valid TimeBase. Skipping.
[2025-07-23 17:09:50,282] [WARNING] distributor: No decoder registered for: FW_PACKET_PACKETIZED_TLM
[2025-07-23 17:09:50,282] [WARNING] distributor: No decoder registered for: FW_PACKET_IDLE
[2025-07-23 17:10:27,139] [WARNING] distributor: Decoding error occurred: 256 is not a valid TimeBase. Skipping.
[2025-07-23 17:10:27,139] [WARNING] distributor: No decoder registered for: FW_PACKET_PACKETIZED_TLM
[2025-07-23 17:10:27,186] [WARNING] distributor: Decoding error occurred: 257 is not a valid TimeBase. Skipping.
[2025-07-23 17:10:27,186] [WARNING] distributor: No decoder registered for: FW_PACKET_PACKETIZED_TLM
[2025-07-23 17:10:27,186] [WARNING] distributor: Decoding error occurred: 258 is not a valid TimeBase. Skipping.
[2025-07-23 17:10:27,186] [WARNING] distributor: No decoder registered for: FW_PACKET_PACKETIZED_TLM
[2025-07-23 17:10:27,186] [WARNING] distributor: Decoding error occurred: 259 is not a valid TimeBase. Skipping.
[2025-07-23 17:10:27,186] [WARNING] distributor: No decoder registered for: FW_PACKET_PACKETIZED_TLM
[2025-07-23 17:10:27,186] [WARNING] distributor: No decoder registered for: FW_PACKET_IDLE
