Hit Ctrl-C to quit
EVENT: (3334) (2:1753220704,522907) WARNING_HI: (prmDb) PrmFileReadError : Parameter file read failed in stage OPEN (0) with record 0 and error 1
EVENT: (1280) (2:1753220704,522993) DIAGNOSTIC: (cmdDisp) OpCodeRegistered : Opcode 0x500 registered to port 0 slot 0
EVENT: (1280) (2:1753220704,523002) DIAGNOSTIC: (cmdDisp) OpCodeRegistered : Opcode 0x501 registered to port 0 slot 1
EVENT: (1280) (2:1753220704,523008) DIAGNOSTIC: (cmdDisp) OpCodeRegistered : Opcode 0x502 registered to port 0 slot 2
EVENT: (1280) (2:1753220704,523013) DIAGNOSTIC: (cmdDisp) OpCodeRegistered : Opcode 0x503 registered to port 0 slot 3
EVENT: (1280) (2:1753220704,523018) DIAGNOSTIC: (cmdDisp) OpCodeRegistered : Opcode 0x600 registered to port 1 slot 4
EVENT: (1280) (2:1753220704,523023) DIAGNOSTIC: (cmdDisp) OpCodeRegistered : Opcode 0x601 registered to port 1 slot 5
EVENT: (1280) (2:1753220704,523029) DIAGNOSTIC: (cmdDisp) OpCodeRegistered : Opcode 0x602 registered to port 1 slot 6
EVENT: (1280) (2:1753220704,523034) DIAGNOSTIC: (cmdDisp) OpCodeRegistered : Opcode 0x603 registered to port 1 slot 7
EVENT: (1280) (2:1753220704,523038) DIAGNOSTIC: (cmdDisp) OpCodeRegistered : Opcode 0x604 registered to port 1 slot 8
EVENT: (1280) (2:1753220704,523043) DIAGNOSTIC: (cmdDisp) OpCodeRegistered : Opcode 0x605 registered to port 1 slot 9
EVENT: (1280) (2:1753220704,523048) DIAGNOSTIC: (cmdDisp) OpCodeRegistered : Opcode 0x606 registered to port 1 slot 10
EVENT: (1280) (2:1753220704,523053) DIAGNOSTIC: (cmdDisp) OpCodeRegistered : Opcode 0x607 registered to port 1 slot 11
EVENT: (1280) (2:1753220704,523059) DIAGNOSTIC: (cmdDisp) OpCodeRegistered : Opcode 0xb00 registered to port 2 slot 12
EVENT: (1280) (2:1753220704,523064) DIAGNOSTIC: (cmdDisp) OpCodeRegistered : Opcode 0xb02 registered to port 2 slot 13
EVENT: (1280) (2:1753220704,523069) DIAGNOSTIC: (cmdDisp) OpCodeRegistered : Opcode 0xb03 registered to port 2 slot 14
EVENT: (1280) (2:1753220704,523074) DIAGNOSTIC: (cmdDisp) OpCodeRegistered : Opcode 0x800 registered to port 3 slot 15
EVENT: (1280) (2:1753220704,523079) DIAGNOSTIC: (cmdDisp) OpCodeRegistered : Opcode 0x801 registered to port 3 slot 16
EVENT: (1280) (2:1753220704,523084) DIAGNOSTIC: (cmdDisp) OpCodeRegistered : Opcode 0x802 registered to port 3 slot 17
EVENT: (1280) (2:1753220704,523089) DIAGNOSTIC: (cmdDisp) OpCodeRegistered : Opcode 0x900 registered to port 4 slot 18
EVENT: (1280) (2:1753220704,523094) DIAGNOSTIC: (cmdDisp) OpCodeRegistered : Opcode 0x901 registered to port 4 slot 19
EVENT: (1280) (2:1753220704,523099) DIAGNOSTIC: (cmdDisp) OpCodeRegistered : Opcode 0x902 registered to port 4 slot 20
EVENT: (1280) (2:1753220704,523104) DIAGNOSTIC: (cmdDisp) OpCodeRegistered : Opcode 0x903 registered to port 4 slot 21
EVENT: (1280) (2:1753220704,523109) DIAGNOSTIC: (cmdDisp) OpCodeRegistered : Opcode 0x904 registered to port 4 slot 22
EVENT: (1280) (2:1753220704,523114) DIAGNOSTIC: (cmdDisp) OpCodeRegistered : Opcode 0x905 registered to port 4 slot 23
EVENT: (1280) (2:1753220704,523119) DIAGNOSTIC: (cmdDisp) OpCodeRegistered : Opcode 0x906 registered to port 4 slot 24
EVENT: (1280) (2:1753220704,523124) DIAGNOSTIC: (cmdDisp) OpCodeRegistered : Opcode 0x2000 registered to port 5 slot 25
EVENT: (1280) (2:1753220704,523129) DIAGNOSTIC: (cmdDisp) OpCodeRegistered : Opcode 0x2001 registered to port 5 slot 26
EVENT: (1280) (2:1753220704,523134) DIAGNOSTIC: (cmdDisp) OpCodeRegistered : Opcode 0x2002 registered to port 5 slot 27
EVENT: (1280) (2:1753220704,523139) DIAGNOSTIC: (cmdDisp) OpCodeRegistered : Opcode 0xd00 registered to port 6 slot 28
EVENT: (1280) (2:1753220704,523145) DIAGNOSTIC: (cmdDisp) OpCodeRegistered : Opcode 0x4a00 registered to port 7 slot 29
EVENT: (1280) (2:1753220704,523150) DIAGNOSTIC: (cmdDisp) OpCodeRegistered : Opcode 0xe00 registered to port 8 slot 30
EVENT: (1280) (2:1753220704,523155) DIAGNOSTIC: (cmdDisp) OpCodeRegistered : Opcode 0xe01 registered to port 8 slot 31
EVENT: (1280) (2:1753220704,523160) DIAGNOSTIC: (cmdDisp) OpCodeRegistered : Opcode 0x4e00 registered to port 9 slot 32
EVENT: (1280) (2:1753220704,523165) DIAGNOSTIC: (cmdDisp) OpCodeRegistered : Opcode 0x4e01 registered to port 9 slot 33
[WARNING] cmdDisp high task priority of 101 clamped to 99
[WARNING] cmdSeq high task priority of 100 clamped to 99
[WARNING] comQueue high task priority of 100 clamped to 99
[WARNING] fileDownlink high task priority of 100 clamped to 99
[WARNING] fileManager high task priority of 100 clamped to 99
[WARNING] fileUplink high task priority of 100 clamped to 99
[WARNING] rateGroup1 high task priority of 120 clamped to 99
[WARNING] rateGroup2 high task priority of 119 clamped to 99
[WARNING] rateGroup3 high task priority of 118 clamped to 99
EVENT: (512) (2:1753220704,523844) DIAGNOSTIC: (rateGroup1) RateGroupStarted : Rate group started.
EVENT: (768) (2:1753220704,523973) DIAGNOSTIC: (rateGroup2) RateGroupStarted : Rate group started.
[WARNING] ReceiveTask high task priority of 100 clamped to 99
EVENT: (1024) (2:1753220704,524073) DIAGNOSTIC: (rateGroup3) RateGroupStarted : Rate group started.
[WARNING] Failed to listen on port 50000 with status -9
[WARNING] Failed to listen on port 50000 with status -9
[WARNING] Failed to listen on port 50000 with status -9
[WARNING] Failed to listen on port 50000 with status -9
[WARNING] Failed to listen on port 50000 with status -9
[WARNING] Failed to listen on port 50000 with status -9
[WARNING] Failed to listen on port 50000 with status -9
[WARNING] Failed to listen on port 50000 with status -9
[WARNING] Failed to listen on port 50000 with status -9
[WARNING] Failed to listen on port 50000 with status -9
[WARNING] Failed to listen on port 50000 with status -9
[WARNING] Failed to listen on port 50000 with status -9
[WARNING] Failed to listen on port 50000 with status -9
[WARNING] Failed to listen on port 50000 with status -9
[WARNING] Failed to listen on port 50000 with status -9
[WARNING] Failed to listen on port 50000 with status -9
[WARNING] Failed to listen on port 50000 with status -9
[WARNING] Failed to listen on port 50000 with status -9
[WARNING] Failed to listen on port 50000 with status -9
[WARNING] Failed to listen on port 50000 with status -9
[WARNING] Failed to listen on port 50000 with status -9
[WARNING] Failed to listen on port 50000 with status -9
[WARNING] Failed to listen on port 50000 with status -9
[WARNING] Failed to listen on port 50000 with status -9
[WARNING] Failed to listen on port 50000 with status -9
[WARNING] Failed to listen on port 50000 with status -9
[WARNING] Failed to listen on port 50000 with status -9
[WARNING] Failed to listen on port 50000 with status -9
[WARNING] Failed to listen on port 50000 with status -9
[WARNING] Failed to listen on port 50000 with status -9
[WARNING] Failed to listen on port 50000 with status -9
[WARNING] Failed to listen on port 50000 with status -9
[WARNING] Failed to listen on port 50000 with status -9
[WARNING] Failed to listen on port 50000 with status -9
[WARNING] Failed to listen on port 50000 with status -9
[WARNING] Failed to listen on port 50000 with status -9
[WARNING] Failed to listen on port 50000 with status -9
[WARNING] Failed to listen on port 50000 with status -9
[WARNING] Failed to listen on port 50000 with status -9
[WARNING] Failed to listen on port 50000 with status -9
[WARNING] Failed to listen on port 50000 with status -9
[WARNING] Failed to listen on port 50000 with status -9
[WARNING] Failed to listen on port 50000 with status -9
[WARNING] Failed to listen on port 50000 with status -9
[WARNING] Failed to listen on port 50000 with status -9
[WARNING] Failed to listen on port 50000 with status -9
[WARNING] Failed to listen on port 50000 with status -9
[WARNING] Failed to listen on port 50000 with status -9
[WARNING] Failed to listen on port 50000 with status -9
[WARNING] Failed to listen on port 50000 with status -9
[WARNING] Failed to listen on port 50000 with status -9
[WARNING] Failed to listen on port 50000 with status -9
[WARNING] Failed to listen on port 50000 with status -9
[WARNING] Failed to listen on port 50000 with status -9
[WARNING] Failed to listen on port 50000 with status -9
[WARNING] Failed to listen on port 50000 with status -9
[WARNING] Failed to listen on port 50000 with status -9
[WARNING] Failed to listen on port 50000 with status -9
[WARNING] Failed to listen on port 50000 with status -9
[WARNING] Failed to listen on port 50000 with status -9
[WARNING] Failed to listen on port 50000 with status -9
[WARNING] Failed to listen on port 50000 with status -9
[WARNING] Failed to listen on port 50000 with status -9
[WARNING] Failed to listen on port 50000 with status -9
[WARNING] Failed to listen on port 50000 with status -9
[WARNING] Failed to listen on port 50000 with status -9
[WARNING] Failed to listen on port 50000 with status -9
[WARNING] Failed to listen on port 50000 with status -9
[WARNING] Failed to listen on port 50000 with status -9
[WARNING] Failed to listen on port 50000 with status -9
[WARNING] Failed to listen on port 50000 with status -9
[WARNING] Failed to listen on port 50000 with status -9
[WARNING] Failed to listen on port 50000 with status -9
[WARNING] Failed to listen on port 50000 with status -9
[WARNING] Failed to listen on port 50000 with status -9
[WARNING] Failed to listen on port 50000 with status -9
[WARNING] Failed to listen on port 50000 with status -9
[WARNING] Failed to listen on port 50000 with status -9
[WARNING] Failed to listen on port 50000 with status -9
[WARNING] Failed to listen on port 50000 with status -9
[WARNING] Failed to listen on port 50000 with status -9
[WARNING] Failed to listen on port 50000 with status -9
[WARNING] Failed to listen on port 50000 with status -9
[WARNING] Failed to listen on port 50000 with status -9
[WARNING] Failed to listen on port 50000 with status -9
[WARNING] Failed to listen on port 50000 with status -9
[WARNING] Failed to listen on port 50000 with status -9
[WARNING] Failed to listen on port 50000 with status -9
[WARNING] Failed to listen on port 50000 with status -9
[WARNING] Failed to listen on port 50000 with status -9
[WARNING] Failed to listen on port 50000 with status -9
[WARNING] Failed to listen on port 50000 with status -9
[WARNING] Failed to listen on port 50000 with status -9
[WARNING] Failed to listen on port 50000 with status -9
[WARNING] Failed to listen on port 50000 with status -9
[WARNING] Failed to listen on port 50000 with status -9
[WARNING] Failed to listen on port 50000 with status -9
[WARNING] Failed to listen on port 50000 with status -9
[WARNING] Failed to listen on port 50000 with status -9
[WARNING] Failed to listen on port 50000 with status -9
[WARNING] Failed to listen on port 50000 with status -9
[WARNING] Failed to listen on port 50000 with status -9
[WARNING] Failed to listen on port 50000 with status -9
[WARNING] Failed to listen on port 50000 with status -9
[WARNING] Failed to listen on port 50000 with status -9
[WARNING] Failed to listen on port 50000 with status -9
[WARNING] Failed to listen on port 50000 with status -9
[WARNING] Failed to listen on port 50000 with status -9
[WARNING] Failed to listen on port 50000 with status -9
[WARNING] Failed to listen on port 50000 with status -9
[WARNING] Failed to listen on port 50000 with status -9
[WARNING] Failed to listen on port 50000 with status -9
[WARNING] Failed to listen on port 50000 with status -9
[WARNING] Failed to listen on port 50000 with status -9
[WARNING] Failed to listen on port 50000 with status -9
[WARNING] Failed to listen on port 50000 with status -9
[WARNING] Failed to listen on port 50000 with status -9
[WARNING] Failed to listen on port 50000 with status -9
[WARNING] Failed to listen on port 50000 with status -9
[WARNING] Failed to listen on port 50000 with status -9
[WARNING] Failed to listen on port 50000 with status -9
[WARNING] Failed to listen on port 50000 with status -9
[WARNING] Failed to listen on port 50000 with status -9
[WARNING] Failed to listen on port 50000 with status -9
[WARNING] Failed to listen on port 50000 with status -9
[WARNING] Failed to listen on port 50000 with status -9
[WARNING] Failed to listen on port 50000 with status -9
[WARNING] Failed to listen on port 50000 with status -9
[WARNING] Failed to listen on port 50000 with status -9
[WARNING] Failed to listen on port 50000 with status -9
[WARNING] Failed to listen on port 50000 with status -9
[WARNING] Failed to listen on port 50000 with status -9
[WARNING] Failed to listen on port 50000 with status -9
[WARNING] Failed to listen on port 50000 with status -9
[WARNING] Failed to listen on port 50000 with status -9
[WARNING] Failed to listen on port 50000 with status -9
[WARNING] Failed to listen on port 50000 with status -9
[WARNING] Failed to listen on port 50000 with status -9
[WARNING] Failed to listen on port 50000 with status -9
[WARNING] Failed to listen on port 50000 with status -9
[WARNING] Failed to listen on port 50000 with status -9
[WARNING] Failed to listen on port 50000 with status -9
[WARNING] Failed to listen on port 50000 with status -9
[WARNING] Failed to listen on port 50000 with status -9
[WARNING] Failed to listen on port 50000 with status -9
[WARNING] Failed to listen on port 50000 with status -9
[WARNING] Failed to listen on port 50000 with status -9
[WARNING] Failed to listen on port 50000 with status -9
[WARNING] Failed to listen on port 50000 with status -9
[WARNING] Failed to listen on port 50000 with status -9
[WARNING] Failed to listen on port 50000 with status -9
[WARNING] Failed to listen on port 50000 with status -9
[WARNING] Failed to listen on port 50000 with status -9
[WARNING] Failed to listen on port 50000 with status -9
[WARNING] Failed to listen on port 50000 with status -9
[WARNING] Failed to listen on port 50000 with status -9
[WARNING] Failed to listen on port 50000 with status -9
[WARNING] Failed to listen on port 50000 with status -9
[WARNING] Failed to listen on port 50000 with status -9
[WARNING] Failed to listen on port 50000 with status -9
[WARNING] Failed to listen on port 50000 with status -9
[WARNING] Failed to listen on port 50000 with status -9
[WARNING] Failed to listen on port 50000 with status -9
[WARNING] Failed to listen on port 50000 with status -9
[WARNING] Failed to listen on port 50000 with status -9
[WARNING] Failed to listen on port 50000 with status -9
[WARNING] Failed to listen on port 50000 with status -9
[WARNING] Failed to listen on port 50000 with status -9
[WARNING] Failed to listen on port 50000 with status -9
[WARNING] Failed to listen on port 50000 with status -9
[WARNING] Failed to listen on port 50000 with status -9
[WARNING] Failed to listen on port 50000 with status -9
[WARNING] Failed to listen on port 50000 with status -9
[WARNING] Failed to listen on port 50000 with status -9
[WARNING] Failed to listen on port 50000 with status -9
[WARNING] Failed to listen on port 50000 with status -9
[WARNING] Failed to listen on port 50000 with status -9
[WARNING] Failed to listen on port 50000 with status -9
[WARNING] Failed to listen on port 50000 with status -9
[WARNING] Failed to listen on port 50000 with status -9
[WARNING] Failed to listen on port 50000 with status -9
[WARNING] Failed to listen on port 50000 with status -9
[WARNING] Failed to listen on port 50000 with status -9
[WARNING] Failed to listen on port 50000 with status -9
[WARNING] Failed to listen on port 50000 with status -9
[WARNING] Failed to listen on port 50000 with status -9
[WARNING] Failed to listen on port 50000 with status -9
[WARNING] Failed to listen on port 50000 with status -9
[WARNING] Failed to listen on port 50000 with status -9
[WARNING] Failed to listen on port 50000 with status -9
[WARNING] Failed to listen on port 50000 with status -9
[WARNING] Failed to listen on port 50000 with status -9
[WARNING] Failed to listen on port 50000 with status -9
[WARNING] Failed to listen on port 50000 with status -9
[WARNING] Failed to listen on port 50000 with status -9
[WARNING] Failed to listen on port 50000 with status -9
[WARNING] Failed to listen on port 50000 with status -9
[WARNING] Failed to listen on port 50000 with status -9
[WARNING] Failed to listen on port 50000 with status -9
[WARNING] Failed to listen on port 50000 with status -9
[WARNING] Failed to listen on port 50000 with status -9
[WARNING] Failed to listen on port 50000 with status -9
[WARNING] Failed to listen on port 50000 with status -9
[WARNING] Failed to listen on port 50000 with status -9
[WARNING] Failed to listen on port 50000 with status -9
[WARNING] Failed to listen on port 50000 with status -9
[WARNING] Failed to listen on port 50000 with status -9
[WARNING] Failed to listen on port 50000 with status -9
[WARNING] Failed to listen on port 50000 with status -9
[WARNING] Failed to listen on port 50000 with status -9
[WARNING] Failed to listen on port 50000 with status -9
[WARNING] Failed to listen on port 50000 with status -9
[WARNING] Failed to listen on port 50000 with status -9
[WARNING] Failed to listen on port 50000 with status -9
[WARNING] Failed to listen on port 50000 with status -9
[WARNING] Failed to listen on port 50000 with status -9
[WARNING] Failed to listen on port 50000 with status -9
[WARNING] Failed to listen on port 50000 with status -9
[WARNING] Failed to listen on port 50000 with status -9
[WARNING] Failed to listen on port 50000 with status -9
[WARNING] Failed to listen on port 50000 with status -9
[WARNING] Failed to listen on port 50000 with status -9
[WARNING] Failed to listen on port 50000 with status -9
[WARNING] Failed to listen on port 50000 with status -9
[WARNING] Failed to listen on port 50000 with status -9
[WARNING] Failed to listen on port 50000 with status -9
[WARNING] Failed to listen on port 50000 with status -9
[WARNING] Failed to listen on port 50000 with status -9
[WARNING] Failed to listen on port 50000 with status -9
[WARNING] Failed to listen on port 50000 with status -9
[WARNING] Failed to listen on port 50000 with status -9
[WARNING] Failed to listen on port 50000 with status -9
[WARNING] Failed to listen on port 50000 with status -9
[WARNING] Failed to listen on port 50000 with status -9
[WARNING] Failed to listen on port 50000 with status -9
[WARNING] Failed to listen on port 50000 with status -9
[WARNING] Failed to listen on port 50000 with status -9
[WARNING] Failed to listen on port 50000 with status -9
[WARNING] Failed to listen on port 50000 with status -9
[WARNING] Failed to listen on port 50000 with status -9
[WARNING] Failed to listen on port 50000 with status -9
[WARNING] Failed to listen on port 50000 with status -9
[WARNING] Failed to listen on port 50000 with status -9
[WARNING] Failed to listen on port 50000 with status -9
[WARNING] Failed to listen on port 50000 with status -9
[WARNING] Failed to listen on port 50000 with status -9
[WARNING] Failed to listen on port 50000 with status -9
[WARNING] Failed to listen on port 50000 with status -9
[WARNING] Failed to listen on port 50000 with status -9
[WARNING] Failed to listen on port 50000 with status -9
[WARNING] Failed to listen on port 50000 with status -9
[WARNING] Failed to listen on port 50000 with status -9
[WARNING] Failed to listen on port 50000 with status -9
[WARNING] Failed to listen on port 50000 with status -9
[WARNING] Failed to listen on port 50000 with status -9
[WARNING] Failed to listen on port 50000 with status -9
[WARNING] Failed to listen on port 50000 with status -9
[WARNING] Failed to listen on port 50000 with status -9
[WARNING] Failed to listen on port 50000 with status -9
[WARNING] Failed to listen on port 50000 with status -9
[WARNING] Failed to listen on port 50000 with status -9
[WARNING] Failed to listen on port 50000 with status -9
[WARNING] Failed to listen on port 50000 with status -9
[WARNING] Failed to listen on port 50000 with status -9
[WARNING] Failed to listen on port 50000 with status -9
[WARNING] Failed to listen on port 50000 with status -9
[WARNING] Failed to listen on port 50000 with status -9
[WARNING] Failed to listen on port 50000 with status -9
[WARNING] Failed to listen on port 50000 with status -9
[WARNING] Failed to listen on port 50000 with status -9
[WARNING] Failed to listen on port 50000 with status -9
[WARNING] Failed to listen on port 50000 with status -9
[WARNING] Failed to listen on port 50000 with status -9
[WARNING] Failed to listen on port 50000 with status -9
[WARNING] Failed to listen on port 50000 with status -9
[WARNING] Failed to listen on port 50000 with status -9
[WARNING] Failed to listen on port 50000 with status -9
[WARNING] Failed to listen on port 50000 with status -9
[WARNING] Failed to listen on port 50000 with status -9
[WARNING] Failed to listen on port 50000 with status -9
[WARNING] Failed to listen on port 50000 with status -9
[WARNING] Failed to listen on port 50000 with status -9
[WARNING] Failed to listen on port 50000 with status -9
[WARNING] Failed to listen on port 50000 with status -9
[WARNING] Failed to listen on port 50000 with status -9
[WARNING] Failed to listen on port 50000 with status -9
[WARNING] Failed to listen on port 50000 with status -9
[WARNING] Failed to listen on port 50000 with status -9
[WARNING] Failed to listen on port 50000 with status -9
[WARNING] Failed to listen on port 50000 with status -9
[WARNING] Failed to listen on port 50000 with status -9
[WARNING] Failed to listen on port 50000 with status -9
[WARNING] Failed to listen on port 50000 with status -9
[WARNING] Failed to listen on port 50000 with status -9
[WARNING] Failed to listen on port 50000 with status -9
[WARNING] Failed to listen on port 50000 with status -9
[WARNING] Failed to listen on port 50000 with status -9
[WARNING] Failed to listen on port 50000 with status -9
[WARNING] Failed to listen on port 50000 with status -9
[WARNING] Failed to listen on port 50000 with status -9
[WARNING] Failed to listen on port 50000 with status -9
[WARNING] Failed to listen on port 50000 with status -9
[WARNING] Failed to listen on port 50000 with status -9
[WARNING] Failed to listen on port 50000 with status -9
[WARNING] Failed to listen on port 50000 with status -9
[WARNING] Failed to listen on port 50000 with status -9
[WARNING] Failed to listen on port 50000 with status -9
[WARNING] Failed to listen on port 50000 with status -9
[WARNING] Failed to listen on port 50000 with status -9
[WARNING] Failed to listen on port 50000 with status -9
[WARNING] Failed to listen on port 50000 with status -9
[WARNING] Failed to listen on port 50000 with status -9
[WARNING] Failed to listen on port 50000 with status -9
[WARNING] Failed to listen on port 50000 with status -9
[WARNING] Failed to listen on port 50000 with status -9
[WARNING] Failed to listen on port 50000 with status -9
[WARNING] Failed to listen on port 50000 with status -9
[WARNING] Failed to listen on port 50000 with status -9
[WARNING] Failed to listen on port 50000 with status -9
[WARNING] Failed to listen on port 50000 with status -9
[WARNING] Failed to listen on port 50000 with status -9
[WARNING] Failed to listen on port 50000 with status -9
[WARNING] Failed to listen on port 50000 with status -9
[WARNING] Failed to listen on port 50000 with status -9
[WARNING] Failed to listen on port 50000 with status -9
[WARNING] Failed to listen on port 50000 with status -9
[WARNING] Failed to listen on port 50000 with status -9
[WARNING] Failed to listen on port 50000 with status -9
[WARNING] Failed to listen on port 50000 with status -9
[WARNING] Failed to listen on port 50000 with status -9
[WARNING] Failed to listen on port 50000 with status -9
[WARNING] Failed to listen on port 50000 with status -9
[WARNING] Failed to listen on port 50000 with status -9
[WARNING] Failed to listen on port 50000 with status -9
[WARNING] Failed to listen on port 50000 with status -9
[WARNING] Failed to listen on port 50000 with status -9
[WARNING] Failed to listen on port 50000 with status -9
[WARNING] Failed to listen on port 50000 with status -9
[WARNING] Failed to listen on port 50000 with status -9
[WARNING] Failed to listen on port 50000 with status -9
[WARNING] Failed to listen on port 50000 with status -9
[WARNING] Failed to listen on port 50000 with status -9
[WARNING] Failed to listen on port 50000 with status -9
[WARNING] Failed to listen on port 50000 with status -9
[WARNING] Failed to listen on port 50000 with status -9
[WARNING] Failed to listen on port 50000 with status -9
[WARNING] Failed to listen on port 50000 with status -9
[WARNING] Failed to listen on port 50000 with status -9
[WARNING] Failed to listen on port 50000 with status -9
[WARNING] Failed to listen on port 50000 with status -9
[WARNING] Failed to listen on port 50000 with status -9
[WARNING] Failed to listen on port 50000 with status -9
[WARNING] Failed to listen on port 50000 with status -9
[WARNING] Failed to listen on port 50000 with status -9
[WARNING] Failed to listen on port 50000 with status -9
[WARNING] Failed to listen on port 50000 with status -9
[WARNING] Failed to listen on port 50000 with status -9
[WARNING] Failed to listen on port 50000 with status -9
[WARNING] Failed to listen on port 50000 with status -9
[WARNING] Failed to listen on port 50000 with status -9
[WARNING] Failed to listen on port 50000 with status -9
[WARNING] Failed to listen on port 50000 with status -9
[WARNING] Failed to listen on port 50000 with status -9
[WARNING] Failed to listen on port 50000 with status -9
[WARNING] Failed to listen on port 50000 with status -9
[WARNING] Failed to listen on port 50000 with status -9
[WARNING] Failed to listen on port 50000 with status -9
[WARNING] Failed to listen on port 50000 with status -9
[WARNING] Failed to listen on port 50000 with status -9
[WARNING] Failed to listen on port 50000 with status -9
[WARNING] Failed to listen on port 50000 with status -9
[WARNING] Failed to listen on port 50000 with status -9
[WARNING] Failed to listen on port 50000 with status -9
[WARNING] Failed to listen on port 50000 with status -9
[WARNING] Failed to listen on port 50000 with status -9
[WARNING] Failed to listen on port 50000 with status -9
[WARNING] Failed to listen on port 50000 with status -9
[WARNING] Failed to listen on port 50000 with status -9
[WARNING] Failed to listen on port 50000 with status -9
[WARNING] Failed to listen on port 50000 with status -9
[WARNING] Failed to listen on port 50000 with status -9
[WARNING] Failed to listen on port 50000 with status -9
[WARNING] Failed to listen on port 50000 with status -9
[WARNING] Failed to listen on port 50000 with status -9
[WARNING] Failed to listen on port 50000 with status -9
[WARNING] Failed to listen on port 50000 with status -9
[WARNING] Failed to listen on port 50000 with status -9
[WARNING] Failed to listen on port 50000 with status -9
[WARNING] Failed to listen on port 50000 with status -9
[WARNING] Failed to listen on port 50000 with status -9
[WARNING] Failed to listen on port 50000 with status -9
[WARNING] Failed to listen on port 50000 with status -9
[WARNING] Failed to listen on port 50000 with status -9
[WARNING] Failed to listen on port 50000 with status -9
[WARNING] Failed to listen on port 50000 with status -9
[WARNING] Failed to listen on port 50000 with status -9
[WARNING] Failed to listen on port 50000 with status -9
[WARNING] Failed to listen on port 50000 with status -9
[WARNING] Failed to listen on port 50000 with status -9
[WARNING] Failed to listen on port 50000 with status -9
[WARNING] Failed to listen on port 50000 with status -9
[WARNING] Failed to listen on port 50000 with status -9
[WARNING] Failed to listen on port 50000 with status -9
[WARNING] Failed to listen on port 50000 with status -9
[WARNING] Failed to listen on port 50000 with status -9
[WARNING] Failed to listen on port 50000 with status -9
[WARNING] Failed to listen on port 50000 with status -9
[WARNING] Failed to listen on port 50000 with status -9
[WARNING] Failed to listen on port 50000 with status -9
[WARNING] Failed to listen on port 50000 with status -9
[WARNING] Failed to listen on port 50000 with status -9
[WARNING] Failed to listen on port 50000 with status -9
[WARNING] Failed to listen on port 50000 with status -9
[WARNING] Failed to listen on port 50000 with status -9
[WARNING] Failed to listen on port 50000 with status -9
[WARNING] Failed to listen on port 50000 with status -9
[WARNING] Failed to listen on port 50000 with status -9
[WARNING] Failed to listen on port 50000 with status -9
[WARNING] Failed to listen on port 50000 with status -9
[WARNING] Failed to listen on port 50000 with status -9
[WARNING] Failed to listen on port 50000 with status -9
[WARNING] Failed to listen on port 50000 with status -9
[WARNING] Failed to listen on port 50000 with status -9
[WARNING] Failed to listen on port 50000 with status -9
[WARNING] Failed to listen on port 50000 with status -9
[WARNING] Failed to listen on port 50000 with status -9
[WARNING] Failed to listen on port 50000 with status -9
[WARNING] Failed to listen on port 50000 with status -9
[WARNING] Failed to listen on port 50000 with status -9
[WARNING] Failed to listen on port 50000 with status -9
[WARNING] Failed to listen on port 50000 with status -9
[WARNING] Failed to listen on port 50000 with status -9
[WARNING] Failed to listen on port 50000 with status -9
[WARNING] Failed to listen on port 50000 with status -9
[WARNING] Failed to listen on port 50000 with status -9
[WARNING] Failed to listen on port 50000 with status -9
[WARNING] Failed to listen on port 50000 with status -9
[WARNING] Failed to listen on port 50000 with status -9
[WARNING] Failed to listen on port 50000 with status -9
[WARNING] Failed to listen on port 50000 with status -9
[WARNING] Failed to listen on port 50000 with status -9
[WARNING] Failed to listen on port 50000 with status -9
[WARNING] Failed to listen on port 50000 with status -9
[WARNING] Failed to listen on port 50000 with status -9
[WARNING] Failed to listen on port 50000 with status -9
[WARNING] Failed to listen on port 50000 with status -9
[WARNING] Failed to listen on port 50000 with status -9
[WARNING] Failed to listen on port 50000 with status -9
[WARNING] Failed to listen on port 50000 with status -9
[WARNING] Failed to listen on port 50000 with status -9
[WARNING] Failed to listen on port 50000 with status -9
[WARNING] Failed to listen on port 50000 with status -9
[WARNING] Failed to listen on port 50000 with status -9
[WARNING] Failed to listen on port 50000 with status -9
[WARNING] Failed to listen on port 50000 with status -9
[WARNING] Failed to listen on port 50000 with status -9
[WARNING] Failed to listen on port 50000 with status -9
[WARNING] Failed to listen on port 50000 with status -9
[WARNING] Failed to listen on port 50000 with status -9
[WARNING] Failed to listen on port 50000 with status -9
[WARNING] Failed to listen on port 50000 with status -9
[WARNING] Failed to listen on port 50000 with status -9
[WARNING] Failed to listen on port 50000 with status -9
[WARNING] Failed to listen on port 50000 with status -9
[WARNING] Failed to listen on port 50000 with status -9
[WARNING] Failed to listen on port 50000 with status -9
[WARNING] Failed to listen on port 50000 with status -9
[WARNING] Failed to listen on port 50000 with status -9
[WARNING] Failed to listen on port 50000 with status -9
[WARNING] Failed to listen on port 50000 with status -9
[WARNING] Failed to listen on port 50000 with status -9
[WARNING] Failed to listen on port 50000 with status -9
[WARNING] Failed to listen on port 50000 with status -9
[WARNING] Failed to listen on port 50000 with status -9
[WARNING] Failed to listen on port 50000 with status -9
[WARNING] Failed to listen on port 50000 with status -9
[WARNING] Failed to listen on port 50000 with status -9
[WARNING] Failed to listen on port 50000 with status -9
[WARNING] Failed to listen on port 50000 with status -9
[WARNING] Failed to listen on port 50000 with status -9
[WARNING] Failed to listen on port 50000 with status -9
[WARNING] Failed to listen on port 50000 with status -9
[WARNING] Failed to listen on port 50000 with status -9
[WARNING] Failed to listen on port 50000 with status -9
[WARNING] Failed to listen on port 50000 with status -9
[WARNING] Failed to listen on port 50000 with status -9
[WARNING] Failed to listen on port 50000 with status -9
[WARNING] Failed to listen on port 50000 with status -9
[WARNING] Failed to listen on port 50000 with status -9
[WARNING] Failed to listen on port 50000 with status -9
[WARNING] Failed to listen on port 50000 with status -9
[WARNING] Failed to listen on port 50000 with status -9
[WARNING] Failed to listen on port 50000 with status -9
[WARNING] Failed to listen on port 50000 with status -9
[WARNING] Failed to listen on port 50000 with status -9
[WARNING] Failed to listen on port 50000 with status -9
[WARNING] Failed to listen on port 50000 with status -9
[WARNING] Failed to listen on port 50000 with status -9
[WARNING] Failed to listen on port 50000 with status -9
[WARNING] Failed to listen on port 50000 with status -9
EVENT: (1792) (2:1753221204,525290) WARNING_HI: (comQueue) QueueOverflow : The COM_QUEUE (0) queue at index 1 overflowed
[WARNING] Failed to listen on port 50000 with status -9
[WARNING] Failed to listen on port 50000 with status -9
[WARNING] Failed to listen on port 50000 with status -9
[WARNING] Failed to listen on port 50000 with status -9
[WARNING] Failed to listen on port 50000 with status -9
[WARNING] Failed to listen on port 50000 with status -9
[WARNING] Failed to listen on port 50000 with status -9
[WARNING] Failed to listen on port 50000 with status -9
[WARNING] Failed to listen on port 50000 with status -9
[WARNING] Failed to listen on port 50000 with status -9
[WARNING] Failed to listen on port 50000 with status -9
[WARNING] Failed to listen on port 50000 with status -9
[WARNING] Failed to listen on port 50000 with status -9
[WARNING] Failed to listen on port 50000 with status -9
[WARNING] Failed to listen on port 50000 with status -9
[WARNING] Failed to listen on port 50000 with status -9
[WARNING] Failed to listen on port 50000 with status -9
[WARNING] Failed to listen on port 50000 with status -9
[WARNING] Failed to listen on port 50000 with status -9
[WARNING] Failed to listen on port 50000 with status -9
[WARNING] Failed to listen on port 50000 with status -9
[WARNING] Failed to listen on port 50000 with status -9
[WARNING] Failed to listen on port 50000 with status -9
[WARNING] Failed to listen on port 50000 with status -9
[WARNING] Failed to listen on port 50000 with status -9
[WARNING] Failed to listen on port 50000 with status -9
[WARNING] Failed to listen on port 50000 with status -9
[WARNING] Failed to listen on port 50000 with status -9
[WARNING] Failed to listen on port 50000 with status -9
[WARNING] Failed to listen on port 50000 with status -9
[WARNING] Failed to listen on port 50000 with status -9
[WARNING] Failed to listen on port 50000 with status -9
[WARNING] Failed to listen on port 50000 with status -9
[WARNING] Failed to listen on port 50000 with status -9
[WARNING] Failed to listen on port 50000 with status -9
[WARNING] Failed to listen on port 50000 with status -9
[WARNING] Failed to listen on port 50000 with status -9
[WARNING] Failed to listen on port 50000 with status -9
[WARNING] Failed to listen on port 50000 with status -9
[WARNING] Failed to listen on port 50000 with status -9
[WARNING] Failed to listen on port 50000 with status -9
[WARNING] Failed to listen on port 50000 with status -9
[WARNING] Failed to listen on port 50000 with status -9
[WARNING] Failed to listen on port 50000 with status -9
[WARNING] Failed to listen on port 50000 with status -9
[WARNING] Failed to listen on port 50000 with status -9
[WARNING] Failed to listen on port 50000 with status -9
[WARNING] Failed to listen on port 50000 with status -9
[WARNING] Failed to listen on port 50000 with status -9
[WARNING] Failed to listen on port 50000 with status -9
[WARNING] Failed to listen on port 50000 with status -9
[WARNING] Failed to listen on port 50000 with status -9
[WARNING] Failed to listen on port 50000 with status -9
[WARNING] Failed to listen on port 50000 with status -9
[WARNING] Failed to listen on port 50000 with status -9
[WARNING] Failed to listen on port 50000 with status -9
[WARNING] Failed to listen on port 50000 with status -9
[WARNING] Failed to listen on port 50000 with status -9
[WARNING] Failed to listen on port 50000 with status -9
[WARNING] Failed to listen on port 50000 with status -9
[WARNING] Failed to listen on port 50000 with status -9
[WARNING] Failed to listen on port 50000 with status -9
[WARNING] Failed to listen on port 50000 with status -9
[WARNING] Failed to listen on port 50000 with status -9
[WARNING] Failed to listen on port 50000 with status -9
[WARNING] Failed to listen on port 50000 with status -9
[WARNING] Failed to listen on port 50000 with status -9
[WARNING] Failed to listen on port 50000 with status -9
[WARNING] Failed to listen on port 50000 with status -9
[WARNING] Failed to listen on port 50000 with status -9
[WARNING] Failed to listen on port 50000 with status -9
[WARNING] Failed to listen on port 50000 with status -9
[WARNING] Failed to listen on port 50000 with status -9
[WARNING] Failed to listen on port 50000 with status -9
[WARNING] Failed to listen on port 50000 with status -9
[WARNING] Failed to listen on port 50000 with status -9
[WARNING] Failed to listen on port 50000 with status -9
[WARNING] Failed to listen on port 50000 with status -9
[WARNING] Failed to listen on port 50000 with status -9
[WARNING] Failed to listen on port 50000 with status -9
[WARNING] Failed to listen on port 50000 with status -9
[WARNING] Failed to listen on port 50000 with status -9
[WARNING] Failed to listen on port 50000 with status -9
[WARNING] Failed to listen on port 50000 with status -9
[WARNING] Failed to listen on port 50000 with status -9
[WARNING] Failed to listen on port 50000 with status -9
[WARNING] Failed to listen on port 50000 with status -9
[WARNING] Failed to listen on port 50000 with status -9
[WARNING] Failed to listen on port 50000 with status -9
[WARNING] Failed to listen on port 50000 with status -9
[WARNING] Failed to listen on port 50000 with status -9
[WARNING] Failed to listen on port 50000 with status -9
[WARNING] Failed to listen on port 50000 with status -9
[WARNING] Failed to listen on port 50000 with status -9
[WARNING] Failed to listen on port 50000 with status -9
[WARNING] Failed to listen on port 50000 with status -9
[WARNING] Failed to listen on port 50000 with status -9
[WARNING] Failed to listen on port 50000 with status -9
[WARNING] Failed to listen on port 50000 with status -9
[WARNING] Failed to listen on port 50000 with status -9
[WARNING] Failed to listen on port 50000 with status -9
[WARNING] Failed to listen on port 50000 with status -9
[WARNING] Failed to listen on port 50000 with status -9
[WARNING] Failed to listen on port 50000 with status -9
[WARNING] Failed to listen on port 50000 with status -9
[WARNING] Failed to listen on port 50000 with status -9
[WARNING] Failed to listen on port 50000 with status -9
[WARNING] Failed to listen on port 50000 with status -9
[WARNING] Failed to listen on port 50000 with status -9
[WARNING] Failed to listen on port 50000 with status -9
[WARNING] Failed to listen on port 50000 with status -9
[WARNING] Failed to listen on port 50000 with status -9
[WARNING] Failed to listen on port 50000 with status -9
[WARNING] Failed to listen on port 50000 with status -9
[WARNING] Failed to listen on port 50000 with status -9
[WARNING] Failed to listen on port 50000 with status -9
[WARNING] Failed to listen on port 50000 with status -9
[WARNING] Failed to listen on port 50000 with status -9
[WARNING] Failed to listen on port 50000 with status -9
[WARNING] Failed to listen on port 50000 with status -9
[WARNING] Failed to listen on port 50000 with status -9
[WARNING] Failed to listen on port 50000 with status -9
[WARNING] Failed to listen on port 50000 with status -9
[WARNING] Failed to listen on port 50000 with status -9
[WARNING] Failed to listen on port 50000 with status -9
[WARNING] Failed to listen on port 50000 with status -9
[WARNING] Failed to listen on port 50000 with status -9
[WARNING] Failed to listen on port 50000 with status -9
[WARNING] Failed to listen on port 50000 with status -9
[WARNING] Failed to listen on port 50000 with status -9
[WARNING] Failed to listen on port 50000 with status -9
[WARNING] Failed to listen on port 50000 with status -9
[WARNING] Failed to listen on port 50000 with status -9
[WARNING] Failed to listen on port 50000 with status -9
[WARNING] Failed to listen on port 50000 with status -9
[WARNING] Failed to listen on port 50000 with status -9
[WARNING] Failed to listen on port 50000 with status -9
[WARNING] Failed to listen on port 50000 with status -9
[WARNING] Failed to listen on port 50000 with status -9
[WARNING] Failed to listen on port 50000 with status -9
[WARNING] Failed to listen on port 50000 with status -9
[WARNING] Failed to listen on port 50000 with status -9
[WARNING] Failed to listen on port 50000 with status -9
[WARNING] Failed to listen on port 50000 with status -9
[WARNING] Failed to listen on port 50000 with status -9
[WARNING] Failed to listen on port 50000 with status -9
[WARNING] Failed to listen on port 50000 with status -9
[WARNING] Failed to listen on port 50000 with status -9
[WARNING] Failed to listen on port 50000 with status -9
[WARNING] Failed to listen on port 50000 with status -9
[WARNING] Failed to listen on port 50000 with status -9
[WARNING] Failed to listen on port 50000 with status -9
[WARNING] Failed to listen on port 50000 with status -9
[WARNING] Failed to listen on port 50000 with status -9
[WARNING] Failed to listen on port 50000 with status -9
[WARNING] Failed to listen on port 50000 with status -9
[WARNING] Failed to listen on port 50000 with status -9
[WARNING] Failed to listen on port 50000 with status -9
[WARNING] Failed to listen on port 50000 with status -9
[WARNING] Failed to listen on port 50000 with status -9
[WARNING] Failed to listen on port 50000 with status -9
[WARNING] Failed to listen on port 50000 with status -9
[WARNING] Failed to listen on port 50000 with status -9
[WARNING] Failed to listen on port 50000 with status -9
[WARNING] Failed to listen on port 50000 with status -9
[WARNING] Failed to listen on port 50000 with status -9
[WARNING] Failed to listen on port 50000 with status -9
[WARNING] Failed to listen on port 50000 with status -9
[WARNING] Failed to listen on port 50000 with status -9
[WARNING] Failed to listen on port 50000 with status -9
[WARNING] Failed to listen on port 50000 with status -9
[WARNING] Failed to listen on port 50000 with status -9
[WARNING] Failed to listen on port 50000 with status -9
[WARNING] Failed to listen on port 50000 with status -9
[WARNING] Failed to listen on port 50000 with status -9
[WARNING] Failed to listen on port 50000 with status -9
[WARNING] Failed to listen on port 50000 with status -9
[WARNING] Failed to listen on port 50000 with status -9
[WARNING] Failed to listen on port 50000 with status -9
[WARNING] Failed to listen on port 50000 with status -9
[WARNING] Failed to listen on port 50000 with status -9
[WARNING] Failed to listen on port 50000 with status -9
[WARNING] Failed to listen on port 50000 with status -9
[WARNING] Failed to listen on port 50000 with status -9
[WARNING] Failed to listen on port 50000 with status -9
[WARNING] Failed to listen on port 50000 with status -9
[WARNING] Failed to listen on port 50000 with status -9
[WARNING] Failed to listen on port 50000 with status -9
[WARNING] Failed to listen on port 50000 with status -9
[WARNING] Failed to listen on port 50000 with status -9
[WARNING] Failed to listen on port 50000 with status -9
[WARNING] Failed to listen on port 50000 with status -9
[WARNING] Failed to listen on port 50000 with status -9
[WARNING] Failed to listen on port 50000 with status -9
[WARNING] Failed to listen on port 50000 with status -9
[WARNING] Failed to listen on port 50000 with status -9
[WARNING] Failed to listen on port 50000 with status -9
[WARNING] Failed to listen on port 50000 with status -9
[WARNING] Failed to listen on port 50000 with status -9
[WARNING] Failed to listen on port 50000 with status -9
[WARNING] Failed to listen on port 50000 with status -9
[WARNING] Failed to listen on port 50000 with status -9
[WARNING] Failed to listen on port 50000 with status -9
[WARNING] Failed to listen on port 50000 with status -9
[WARNING] Failed to listen on port 50000 with status -9
[WARNING] Failed to listen on port 50000 with status -9
[WARNING] Failed to listen on port 50000 with status -9
[WARNING] Failed to listen on port 50000 with status -9
[WARNING] Failed to listen on port 50000 with status -9
[WARNING] Failed to listen on port 50000 with status -9
[WARNING] Failed to listen on port 50000 with status -9
[WARNING] Failed to listen on port 50000 with status -9
[WARNING] Failed to listen on port 50000 with status -9
[WARNING] Failed to listen on port 50000 with status -9
[WARNING] Failed to listen on port 50000 with status -9
[WARNING] Failed to listen on port 50000 with status -9
[WARNING] Failed to listen on port 50000 with status -9
[WARNING] Failed to listen on port 50000 with status -9
[WARNING] Failed to listen on port 50000 with status -9
[WARNING] Failed to listen on port 50000 with status -9
[WARNING] Failed to listen on port 50000 with status -9
[WARNING] Failed to listen on port 50000 with status -9
[WARNING] Failed to listen on port 50000 with status -9
[WARNING] Failed to listen on port 50000 with status -9
[WARNING] Failed to listen on port 50000 with status -9
[WARNING] Failed to listen on port 50000 with status -9
[WARNING] Failed to listen on port 50000 with status -9
[WARNING] Failed to listen on port 50000 with status -9
[WARNING] Failed to listen on port 50000 with status -9
[WARNING] Failed to listen on port 50000 with status -9
[WARNING] Failed to listen on port 50000 with status -9
[WARNING] Failed to listen on port 50000 with status -9
[WARNING] Failed to listen on port 50000 with status -9
[WARNING] Failed to listen on port 50000 with status -9
[WARNING] Failed to listen on port 50000 with status -9
[WARNING] Failed to listen on port 50000 with status -9
[WARNING] Failed to listen on port 50000 with status -9
[WARNING] Failed to listen on port 50000 with status -9
[WARNING] Failed to listen on port 50000 with status -9
[WARNING] Failed to listen on port 50000 with status -9
[WARNING] Failed to listen on port 50000 with status -9
[WARNING] Failed to listen on port 50000 with status -9
[WARNING] Failed to listen on port 50000 with status -9
[WARNING] Failed to listen on port 50000 with status -9
[WARNING] Failed to listen on port 50000 with status -9
[WARNING] Failed to listen on port 50000 with status -9
[WARNING] Failed to listen on port 50000 with status -9
[WARNING] Failed to listen on port 50000 with status -9
[WARNING] Failed to listen on port 50000 with status -9
[WARNING] Failed to listen on port 50000 with status -9
[WARNING] Failed to listen on port 50000 with status -9
[WARNING] Failed to listen on port 50000 with status -9
[WARNING] Failed to listen on port 50000 with status -9
[WARNING] Failed to listen on port 50000 with status -9
[WARNING] Failed to listen on port 50000 with status -9
[WARNING] Failed to listen on port 50000 with status -9
[WARNING] Failed to listen on port 50000 with status -9
[WARNING] Failed to listen on port 50000 with status -9
[WARNING] Failed to listen on port 50000 with status -9
[WARNING] Failed to listen on port 50000 with status -9
[WARNING] Failed to listen on port 50000 with status -9
[WARNING] Failed to listen on port 50000 with status -9
[WARNING] Failed to listen on port 50000 with status -9
[WARNING] Failed to listen on port 50000 with status -9
[WARNING] Failed to listen on port 50000 with status -9
[WARNING] Failed to listen on port 50000 with status -9
[WARNING] Failed to listen on port 50000 with status -9
[WARNING] Failed to listen on port 50000 with status -9
[WARNING] Failed to listen on port 50000 with status -9
[WARNING] Failed to listen on port 50000 with status -9
[WARNING] Failed to listen on port 50000 with status -9
[WARNING] Failed to listen on port 50000 with status -9
[WARNING] Failed to listen on port 50000 with status -9
[WARNING] Failed to listen on port 50000 with status -9
[WARNING] Failed to listen on port 50000 with status -9
[WARNING] Failed to listen on port 50000 with status -9
[WARNING] Failed to listen on port 50000 with status -9
[WARNING] Failed to listen on port 50000 with status -9
[WARNING] Failed to listen on port 50000 with status -9
[WARNING] Failed to listen on port 50000 with status -9
[WARNING] Failed to listen on port 50000 with status -9
[WARNING] Failed to listen on port 50000 with status -9
[WARNING] Failed to listen on port 50000 with status -9
[WARNING] Failed to listen on port 50000 with status -9
[WARNING] Failed to listen on port 50000 with status -9
[WARNING] Failed to listen on port 50000 with status -9
[WARNING] Failed to listen on port 50000 with status -9
[WARNING] Failed to listen on port 50000 with status -9
[WARNING] Failed to listen on port 50000 with status -9
[WARNING] Failed to listen on port 50000 with status -9
[WARNING] Failed to listen on port 50000 with status -9
[WARNING] Failed to listen on port 50000 with status -9
[WARNING] Failed to listen on port 50000 with status -9
[WARNING] Failed to listen on port 50000 with status -9
[WARNING] Failed to listen on port 50000 with status -9
[WARNING] Failed to listen on port 50000 with status -9
[WARNING] Failed to listen on port 50000 with status -9
[WARNING] Failed to listen on port 50000 with status -9
[WARNING] Failed to listen on port 50000 with status -9
[WARNING] Failed to listen on port 50000 with status -9
[WARNING] Failed to listen on port 50000 with status -9
[WARNING] Failed to listen on port 50000 with status -9
[WARNING] Failed to listen on port 50000 with status -9
[WARNING] Failed to listen on port 50000 with status -9
[WARNING] Failed to listen on port 50000 with status -9
[WARNING] Failed to listen on port 50000 with status -9
[WARNING] Failed to listen on port 50000 with status -9
[WARNING] Failed to listen on port 50000 with status -9
[WARNING] Failed to listen on port 50000 with status -9
[WARNING] Failed to listen on port 50000 with status -9
[WARNING] Failed to listen on port 50000 with status -9
[WARNING] Failed to listen on port 50000 with status -9
[WARNING] Failed to listen on port 50000 with status -9
[WARNING] Failed to listen on port 50000 with status -9
[WARNING] Failed to listen on port 50000 with status -9
[WARNING] Failed to listen on port 50000 with status -9
[WARNING] Failed to listen on port 50000 with status -9
[WARNING] Failed to listen on port 50000 with status -9
[WARNING] Failed to listen on port 50000 with status -9
[WARNING] Failed to listen on port 50000 with status -9
[WARNING] Failed to listen on port 50000 with status -9
[WARNING] Failed to listen on port 50000 with status -9
[WARNING] Failed to listen on port 50000 with status -9
[WARNING] Failed to listen on port 50000 with status -9
[WARNING] Failed to listen on port 50000 with status -9
[WARNING] Failed to listen on port 50000 with status -9
[WARNING] Failed to listen on port 50000 with status -9
[WARNING] Failed to listen on port 50000 with status -9
[WARNING] Failed to listen on port 50000 with status -9
[WARNING] Failed to listen on port 50000 with status -9
[WARNING] Failed to listen on port 50000 with status -9
[WARNING] Failed to listen on port 50000 with status -9
[WARNING] Failed to listen on port 50000 with status -9
[WARNING] Failed to listen on port 50000 with status -9
[WARNING] Failed to listen on port 50000 with status -9
[WARNING] Failed to listen on port 50000 with status -9
[WARNING] Failed to listen on port 50000 with status -9
[WARNING] Failed to listen on port 50000 with status -9
[WARNING] Failed to listen on port 50000 with status -9
[WARNING] Failed to listen on port 50000 with status -9
[WARNING] Failed to listen on port 50000 with status -9
[WARNING] Failed to listen on port 50000 with status -9
[WARNING] Failed to listen on port 50000 with status -9
[WARNING] Failed to listen on port 50000 with status -9
[WARNING] Failed to listen on port 50000 with status -9
[WARNING] Failed to listen on port 50000 with status -9
[WARNING] Failed to listen on port 50000 with status -9
[WARNING] Failed to listen on port 50000 with status -9
[WARNING] Failed to listen on port 50000 with status -9
[WARNING] Failed to listen on port 50000 with status -9
[WARNING] Failed to listen on port 50000 with status -9
[WARNING] Failed to listen on port 50000 with status -9
[WARNING] Failed to listen on port 50000 with status -9
[WARNING] Failed to listen on port 50000 with status -9
[WARNING] Failed to listen on port 50000 with status -9
[WARNING] Failed to listen on port 50000 with status -9
[WARNING] Failed to listen on port 50000 with status -9
[WARNING] Failed to listen on port 50000 with status -9
[WARNING] Failed to listen on port 50000 with status -9
[WARNING] Failed to listen on port 50000 with status -9
[WARNING] Failed to listen on port 50000 with status -9
[WARNING] Failed to listen on port 50000 with status -9
[WARNING] Failed to listen on port 50000 with status -9
[WARNING] Failed to listen on port 50000 with status -9
[WARNING] Failed to listen on port 50000 with status -9
[WARNING] Failed to listen on port 50000 with status -9
[WARNING] Failed to listen on port 50000 with status -9
[WARNING] Failed to listen on port 50000 with status -9
[WARNING] Failed to listen on port 50000 with status -9
[WARNING] Failed to listen on port 50000 with status -9
[WARNING] Failed to listen on port 50000 with status -9
[WARNING] Failed to listen on port 50000 with status -9
[WARNING] Failed to listen on port 50000 with status -9
[WARNING] Failed to listen on port 50000 with status -9
[WARNING] Failed to listen on port 50000 with status -9
[WARNING] Failed to listen on port 50000 with status -9
[WARNING] Failed to listen on port 50000 with status -9
[WARNING] Failed to listen on port 50000 with status -9
[WARNING] Failed to listen on port 50000 with status -9
[WARNING] Failed to listen on port 50000 with status -9
[WARNING] Failed to listen on port 50000 with status -9
[WARNING] Failed to listen on port 50000 with status -9
[WARNING] Failed to listen on port 50000 with status -9
[WARNING] Failed to listen on port 50000 with status -9
[WARNING] Failed to listen on port 50000 with status -9
[WARNING] Failed to listen on port 50000 with status -9
[WARNING] Failed to listen on port 50000 with status -9
[WARNING] Failed to listen on port 50000 with status -9
[WARNING] Failed to listen on port 50000 with status -9
[WARNING] Failed to listen on port 50000 with status -9
[WARNING] Failed to listen on port 50000 with status -9
[WARNING] Failed to listen on port 50000 with status -9
[WARNING] Failed to listen on port 50000 with status -9
[WARNING] Failed to listen on port 50000 with status -9
[WARNING] Failed to listen on port 50000 with status -9
[WARNING] Failed to listen on port 50000 with status -9
[WARNING] Failed to listen on port 50000 with status -9
[WARNING] Failed to listen on port 50000 with status -9
[WARNING] Failed to listen on port 50000 with status -9
[WARNING] Failed to listen on port 50000 with status -9
[WARNING] Failed to listen on port 50000 with status -9
[WARNING] Failed to listen on port 50000 with status -9
[WARNING] Failed to listen on port 50000 with status -9
[WARNING] Failed to listen on port 50000 with status -9
[WARNING] Failed to listen on port 50000 with status -9
[WARNING] Failed to listen on port 50000 with status -9
[WARNING] Failed to listen on port 50000 with status -9
[WARNING] Failed to listen on port 50000 with status -9
[WARNING] Failed to listen on port 50000 with status -9
[WARNING] Failed to listen on port 50000 with status -9
[WARNING] Failed to listen on port 50000 with status -9
[WARNING] Failed to listen on port 50000 with status -9
[WARNING] Failed to listen on port 50000 with status -9
[WARNING] Failed to listen on port 50000 with status -9
[WARNING] Failed to listen on port 50000 with status -9
[WARNING] Failed to listen on port 50000 with status -9
[WARNING] Failed to listen on port 50000 with status -9
[WARNING] Failed to listen on port 50000 with status -9
[WARNING] Failed to listen on port 50000 with status -9
[WARNING] Failed to listen on port 50000 with status -9
[WARNING] Failed to listen on port 50000 with status -9
[WARNING] Failed to listen on port 50000 with status -9
[WARNING] Failed to listen on port 50000 with status -9
[WARNING] Failed to listen on port 50000 with status -9
[WARNING] Failed to listen on port 50000 with status -9
[WARNING] Failed to listen on port 50000 with status -9
[WARNING] Failed to listen on port 50000 with status -9
[WARNING] Failed to listen on port 50000 with status -9
[WARNING] Failed to listen on port 50000 with status -9
[WARNING] Failed to listen on port 50000 with status -9
[WARNING] Failed to listen on port 50000 with status -9
[WARNING] Failed to listen on port 50000 with status -9
[WARNING] Failed to listen on port 50000 with status -9
[WARNING] Failed to listen on port 50000 with status -9
[WARNING] Failed to listen on port 50000 with status -9
[WARNING] Failed to listen on port 50000 with status -9
[WARNING] Failed to listen on port 50000 with status -9
[WARNING] Failed to listen on port 50000 with status -9
[WARNING] Failed to listen on port 50000 with status -9
[WARNING] Failed to listen on port 50000 with status -9
[WARNING] Failed to listen on port 50000 with status -9
[WARNING] Failed to listen on port 50000 with status -9
[WARNING] Failed to listen on port 50000 with status -9
[WARNING] Failed to listen on port 50000 with status -9
[WARNING] Failed to listen on port 50000 with status -9
[WARNING] Failed to listen on port 50000 with status -9
[WARNING] Failed to listen on port 50000 with status -9
[WARNING] Failed to listen on port 50000 with status -9
[WARNING] Failed to listen on port 50000 with status -9
[WARNING] Failed to listen on port 50000 with status -9
[WARNING] Failed to listen on port 50000 with status -9
[WARNING] Failed to listen on port 50000 with status -9
[WARNING] Failed to listen on port 50000 with status -9
[WARNING] Failed to listen on port 50000 with status -9
[WARNING] Failed to listen on port 50000 with status -9
[WARNING] Failed to listen on port 50000 with status -9
[WARNING] Failed to listen on port 50000 with status -9
[WARNING] Failed to listen on port 50000 with status -9
[WARNING] Failed to listen on port 50000 with status -9
[WARNING] Failed to listen on port 50000 with status -9
[WARNING] Failed to listen on port 50000 with status -9
[WARNING] Failed to listen on port 50000 with status -9
[WARNING] Failed to listen on port 50000 with status -9
[WARNING] Failed to listen on port 50000 with status -9
[WARNING] Failed to listen on port 50000 with status -9
[WARNING] Failed to listen on port 50000 with status -9
[WARNING] Failed to listen on port 50000 with status -9
[WARNING] Failed to listen on port 50000 with status -9
[WARNING] Failed to listen on port 50000 with status -9
[WARNING] Failed to listen on port 50000 with status -9
[WARNING] Failed to listen on port 50000 with status -9
[WARNING] Failed to listen on port 50000 with status -9
[WARNING] Failed to listen on port 50000 with status -9
[WARNING] Failed to listen on port 50000 with status -9
[WARNING] Failed to listen on port 50000 with status -9
[WARNING] Failed to listen on port 50000 with status -9
[WARNING] Failed to listen on port 50000 with status -9
[WARNING] Failed to listen on port 50000 with status -9
[WARNING] Failed to listen on port 50000 with status -9
[WARNING] Failed to listen on port 50000 with status -9
[WARNING] Failed to listen on port 50000 with status -9
[WARNING] Failed to listen on port 50000 with status -9
[WARNING] Failed to listen on port 50000 with status -9
[WARNING] Failed to listen on port 50000 with status -9
[WARNING] Failed to listen on port 50000 with status -9
[WARNING] Failed to listen on port 50000 with status -9
[WARNING] Failed to listen on port 50000 with status -9
[WARNING] Failed to listen on port 50000 with status -9
[WARNING] Failed to listen on port 50000 with status -9
[WARNING] Failed to listen on port 50000 with status -9
[WARNING] Failed to listen on port 50000 with status -9
[WARNING] Failed to listen on port 50000 with status -9
[WARNING] Failed to listen on port 50000 with status -9
[WARNING] Failed to listen on port 50000 with status -9
[WARNING] Failed to listen on port 50000 with status -9
[WARNING] Failed to listen on port 50000 with status -9
[WARNING] Failed to listen on port 50000 with status -9
[WARNING] Failed to listen on port 50000 with status -9
[WARNING] Failed to listen on port 50000 with status -9
[WARNING] Failed to listen on port 50000 with status -9
[WARNING] Failed to listen on port 50000 with status -9
[WARNING] Failed to listen on port 50000 with status -9
[WARNING] Failed to listen on port 50000 with status -9
[WARNING] Failed to listen on port 50000 with status -9
[WARNING] Failed to listen on port 50000 with status -9
[WARNING] Failed to listen on port 50000 with status -9
[WARNING] Failed to listen on port 50000 with status -9
[WARNING] Failed to listen on port 50000 with status -9
[WARNING] Failed to listen on port 50000 with status -9
[WARNING] Failed to listen on port 50000 with status -9
[WARNING] Failed to listen on port 50000 with status -9
[WARNING] Failed to listen on port 50000 with status -9
[WARNING] Failed to listen on port 50000 with status -9
[WARNING] Failed to listen on port 50000 with status -9
[WARNING] Failed to listen on port 50000 with status -9
[WARNING] Failed to listen on port 50000 with status -9
[WARNING] Failed to listen on port 50000 with status -9
[WARNING] Failed to listen on port 50000 with status -9
[WARNING] Failed to listen on port 50000 with status -9
[WARNING] Failed to listen on port 50000 with status -9
[WARNING] Failed to listen on port 50000 with status -9
[WARNING] Failed to listen on port 50000 with status -9
[WARNING] Failed to listen on port 50000 with status -9
[WARNING] Failed to listen on port 50000 with status -9
[WARNING] Failed to listen on port 50000 with status -9
[WARNING] Failed to listen on port 50000 with status -9
[WARNING] Failed to listen on port 50000 with status -9
[WARNING] Failed to listen on port 50000 with status -9
[WARNING] Failed to listen on port 50000 with status -9
[WARNING] Failed to listen on port 50000 with status -9
[WARNING] Failed to listen on port 50000 with status -9
[WARNING] Failed to listen on port 50000 with status -9
[WARNING] Failed to listen on port 50000 with status -9
[WARNING] Failed to listen on port 50000 with status -9
[WARNING] Failed to listen on port 50000 with status -9
[WARNING] Failed to listen on port 50000 with status -9
[WARNING] Failed to listen on port 50000 with status -9
[WARNING] Failed to listen on port 50000 with status -9
[WARNING] Failed to listen on port 50000 with status -9
[WARNING] Failed to listen on port 50000 with status -9
[WARNING] Failed to listen on port 50000 with status -9
[WARNING] Failed to listen on port 50000 with status -9
[WARNING] Failed to listen on port 50000 with status -9
[WARNING] Failed to listen on port 50000 with status -9
[WARNING] Failed to listen on port 50000 with status -9
[WARNING] Failed to listen on port 50000 with status -9
[WARNING] Failed to listen on port 50000 with status -9
[WARNING] Failed to listen on port 50000 with status -9
[WARNING] Failed to listen on port 50000 with status -9
[WARNING] Failed to listen on port 50000 with status -9
[WARNING] Failed to listen on port 50000 with status -9
[WARNING] Failed to listen on port 50000 with status -9
[WARNING] Failed to listen on port 50000 with status -9
[WARNING] Failed to listen on port 50000 with status -9
[WARNING] Failed to listen on port 50000 with status -9
[WARNING] Failed to listen on port 50000 with status -9
[WARNING] Failed to listen on port 50000 with status -9
[WARNING] Failed to listen on port 50000 with status -9
[WARNING] Failed to listen on port 50000 with status -9
[WARNING] Failed to listen on port 50000 with status -9
[WARNING] Failed to listen on port 50000 with status -9
[WARNING] Failed to listen on port 50000 with status -9
[WARNING] Failed to listen on port 50000 with status -9
[WARNING] Failed to listen on port 50000 with status -9
[WARNING] Failed to listen on port 50000 with status -9
[WARNING] Failed to listen on port 50000 with status -9
[WARNING] Failed to listen on port 50000 with status -9
[WARNING] Failed to listen on port 50000 with status -9
[WARNING] Failed to listen on port 50000 with status -9
[WARNING] Failed to listen on port 50000 with status -9
[WARNING] Failed to listen on port 50000 with status -9
[WARNING] Failed to listen on port 50000 with status -9
[WARNING] Failed to listen on port 50000 with status -9
[WARNING] Failed to listen on port 50000 with status -9
[WARNING] Failed to listen on port 50000 with status -9
[WARNING] Failed to listen on port 50000 with status -9
[WARNING] Failed to listen on port 50000 with status -9
[WARNING] Failed to listen on port 50000 with status -9
[WARNING] Failed to listen on port 50000 with status -9
[WARNING] Failed to listen on port 50000 with status -9
[WARNING] Failed to listen on port 50000 with status -9
[WARNING] Failed to listen on port 50000 with status -9
[WARNING] Failed to listen on port 50000 with status -9
[WARNING] Failed to listen on port 50000 with status -9
[WARNING] Failed to listen on port 50000 with status -9
[WARNING] Failed to listen on port 50000 with status -9
[WARNING] Failed to listen on port 50000 with status -9
[WARNING] Failed to listen on port 50000 with status -9
[WARNING] Failed to listen on port 50000 with status -9
[WARNING] Failed to listen on port 50000 with status -9
[WARNING] Failed to listen on port 50000 with status -9
[WARNING] Failed to listen on port 50000 with status -9
[WARNING] Failed to listen on port 50000 with status -9
[WARNING] Failed to listen on port 50000 with status -9
[WARNING] Failed to listen on port 50000 with status -9
[WARNING] Failed to listen on port 50000 with status -9
[WARNING] Failed to listen on port 50000 with status -9
[WARNING] Failed to listen on port 50000 with status -9
[WARNING] Failed to listen on port 50000 with status -9
[WARNING] Failed to listen on port 50000 with status -9
[WARNING] Failed to listen on port 50000 with status -9
[WARNING] Failed to listen on port 50000 with status -9
[WARNING] Failed to listen on port 50000 with status -9
[WARNING] Failed to listen on port 50000 with status -9
[WARNING] Failed to listen on port 50000 with status -9
[WARNING] Failed to listen on port 50000 with status -9
[WARNING] Failed to listen on port 50000 with status -9
[WARNING] Failed to listen on port 50000 with status -9
[WARNING] Failed to listen on port 50000 with status -9
[WARNING] Failed to listen on port 50000 with status -9
[WARNING] Failed to listen on port 50000 with status -9
[WARNING] Failed to listen on port 50000 with status -9
[WARNING] Failed to listen on port 50000 with status -9
[WARNING] Failed to listen on port 50000 with status -9
[WARNING] Failed to listen on port 50000 with status -9
[WARNING] Failed to listen on port 50000 with status -9
[WARNING] Failed to listen on port 50000 with status -9
[WARNING] Failed to listen on port 50000 with status -9
[WARNING] Failed to listen on port 50000 with status -9
[WARNING] Failed to listen on port 50000 with status -9
[WARNING] Failed to listen on port 50000 with status -9
[WARNING] Failed to listen on port 50000 with status -9
[WARNING] Failed to listen on port 50000 with status -9
[WARNING] Failed to listen on port 50000 with status -9
[WARNING] Failed to listen on port 50000 with status -9
[WARNING] Failed to listen on port 50000 with status -9
[WARNING] Failed to listen on port 50000 with status -9
[WARNING] Failed to listen on port 50000 with status -9
[WARNING] Failed to listen on port 50000 with status -9
[WARNING] Failed to listen on port 50000 with status -9
[WARNING] Failed to listen on port 50000 with status -9
[WARNING] Failed to listen on port 50000 with status -9
[WARNING] Failed to listen on port 50000 with status -9
[WARNING] Failed to listen on port 50000 with status -9
[WARNING] Failed to listen on port 50000 with status -9
[WARNING] Failed to listen on port 50000 with status -9
[WARNING] Failed to listen on port 50000 with status -9
[WARNING] Failed to listen on port 50000 with status -9
[WARNING] Failed to listen on port 50000 with status -9
[WARNING] Failed to listen on port 50000 with status -9
[WARNING] Failed to listen on port 50000 with status -9
[WARNING] Failed to listen on port 50000 with status -9
[WARNING] Failed to listen on port 50000 with status -9
[WARNING] Failed to listen on port 50000 with status -9
[WARNING] Failed to listen on port 50000 with status -9
[WARNING] Failed to listen on port 50000 with status -9
[WARNING] Failed to listen on port 50000 with status -9
[WARNING] Failed to listen on port 50000 with status -9
[WARNING] Failed to listen on port 50000 with status -9
[WARNING] Failed to listen on port 50000 with status -9
[WARNING] Failed to listen on port 50000 with status -9
[WARNING] Failed to listen on port 50000 with status -9
[WARNING] Failed to listen on port 50000 with status -9
[WARNING] Failed to listen on port 50000 with status -9
[WARNING] Failed to listen on port 50000 with status -9
[WARNING] Failed to listen on port 50000 with status -9
[WARNING] Failed to listen on port 50000 with status -9
[WARNING] Failed to listen on port 50000 with status -9
[WARNING] Failed to listen on port 50000 with status -9
[WARNING] Failed to listen on port 50000 with status -9
[WARNING] Failed to listen on port 50000 with status -9
[WARNING] Failed to listen on port 50000 with status -9
[WARNING] Failed to listen on port 50000 with status -9
[WARNING] Failed to listen on port 50000 with status -9
[WARNING] Failed to listen on port 50000 with status -9
[WARNING] Failed to listen on port 50000 with status -9
[WARNING] Failed to listen on port 50000 with status -9
[WARNING] Failed to listen on port 50000 with status -9
[WARNING] Failed to listen on port 50000 with status -9
[WARNING] Failed to listen on port 50000 with status -9
[WARNING] Failed to listen on port 50000 with status -9
[WARNING] Failed to listen on port 50000 with status -9
[WARNING] Failed to listen on port 50000 with status -9
[WARNING] Failed to listen on port 50000 with status -9
[WARNING] Failed to listen on port 50000 with status -9
[WARNING] Failed to listen on port 50000 with status -9
[WARNING] Failed to listen on port 50000 with status -9
[WARNING] Failed to listen on port 50000 with status -9
[WARNING] Failed to listen on port 50000 with status -9
[WARNING] Failed to listen on port 50000 with status -9
[WARNING] Failed to listen on port 50000 with status -9
[WARNING] Failed to listen on port 50000 with status -9
[WARNING] Failed to listen on port 50000 with status -9
[WARNING] Failed to listen on port 50000 with status -9
[WARNING] Failed to listen on port 50000 with status -9
[WARNING] Failed to listen on port 50000 with status -9
[WARNING] Failed to listen on port 50000 with status -9
[WARNING] Failed to listen on port 50000 with status -9
[WARNING] Failed to listen on port 50000 with status -9
[WARNING] Failed to listen on port 50000 with status -9
[WARNING] Failed to listen on port 50000 with status -9
[WARNING] Failed to listen on port 50000 with status -9
[WARNING] Failed to listen on port 50000 with status -9
[WARNING] Failed to listen on port 50000 with status -9
[WARNING] Failed to listen on port 50000 with status -9
[WARNING] Failed to listen on port 50000 with status -9
[WARNING] Failed to listen on port 50000 with status -9
[WARNING] Failed to listen on port 50000 with status -9
[WARNING] Failed to listen on port 50000 with status -9
[WARNING] Failed to listen on port 50000 with status -9
[WARNING] Failed to listen on port 50000 with status -9
[WARNING] Failed to listen on port 50000 with status -9
[WARNING] Failed to listen on port 50000 with status -9
[WARNING] Failed to listen on port 50000 with status -9
[WARNING] Failed to listen on port 50000 with status -9
[WARNING] Failed to listen on port 50000 with status -9
[WARNING] Failed to listen on port 50000 with status -9
[WARNING] Failed to listen on port 50000 with status -9
[WARNING] Failed to listen on port 50000 with status -9
[WARNING] Failed to listen on port 50000 with status -9
[WARNING] Failed to listen on port 50000 with status -9
[WARNING] Failed to listen on port 50000 with status -9
[WARNING] Failed to listen on port 50000 with status -9
[WARNING] Failed to listen on port 50000 with status -9
[WARNING] Failed to listen on port 50000 with status -9
[WARNING] Failed to listen on port 50000 with status -9
[WARNING] Failed to listen on port 50000 with status -9
[WARNING] Failed to listen on port 50000 with status -9
[WARNING] Failed to listen on port 50000 with status -9
[WARNING] Failed to listen on port 50000 with status -9
[WARNING] Failed to listen on port 50000 with status -9
[WARNING] Failed to listen on port 50000 with status -9
[WARNING] Failed to listen on port 50000 with status -9
[WARNING] Failed to listen on port 50000 with status -9
[WARNING] Failed to listen on port 50000 with status -9
[WARNING] Failed to listen on port 50000 with status -9
[WARNING] Failed to listen on port 50000 with status -9
[WARNING] Failed to listen on port 50000 with status -9
[WARNING] Failed to listen on port 50000 with status -9
[WARNING] Failed to listen on port 50000 with status -9
[WARNING] Failed to listen on port 50000 with status -9
[WARNING] Failed to listen on port 50000 with status -9
[WARNING] Failed to listen on port 50000 with status -9
[WARNING] Failed to listen on port 50000 with status -9
[WARNING] Failed to listen on port 50000 with status -9
[WARNING] Failed to listen on port 50000 with status -9
[WARNING] Failed to listen on port 50000 with status -9
[WARNING] Failed to listen on port 50000 with status -9
[WARNING] Failed to listen on port 50000 with status -9
[WARNING] Failed to listen on port 50000 with status -9
[WARNING] Failed to listen on port 50000 with status -9
[WARNING] Failed to listen on port 50000 with status -9
[WARNING] Failed to listen on port 50000 with status -9
[WARNING] Failed to listen on port 50000 with status -9
[WARNING] Failed to listen on port 50000 with status -9
[WARNING] Failed to listen on port 50000 with status -9
[WARNING] Failed to listen on port 50000 with status -9
[WARNING] Failed to listen on port 50000 with status -9
[WARNING] Failed to listen on port 50000 with status -9
[WARNING] Failed to listen on port 50000 with status -9
[WARNING] Failed to listen on port 50000 with status -9
[WARNING] Failed to listen on port 50000 with status -9
[WARNING] Failed to listen on port 50000 with status -9
[WARNING] Failed to listen on port 50000 with status -9
[WARNING] Failed to listen on port 50000 with status -9
[WARNING] Failed to listen on port 50000 with status -9
[WARNING] Failed to listen on port 50000 with status -9
[WARNING] Failed to listen on port 50000 with status -9
[WARNING] Failed to listen on port 50000 with status -9
[WARNING] Failed to listen on port 50000 with status -9
[WARNING] Failed to listen on port 50000 with status -9
[WARNING] Failed to listen on port 50000 with status -9
[WARNING] Failed to listen on port 50000 with status -9
[WARNING] Failed to listen on port 50000 with status -9
[WARNING] Failed to listen on port 50000 with status -9
[WARNING] Failed to listen on port 50000 with status -9
[WARNING] Failed to listen on port 50000 with status -9
[WARNING] Failed to listen on port 50000 with status -9
[WARNING] Failed to listen on port 50000 with status -9
[WARNING] Failed to listen on port 50000 with status -9
[WARNING] Failed to listen on port 50000 with status -9
[WARNING] Failed to listen on port 50000 with status -9
[WARNING] Failed to listen on port 50000 with status -9
[WARNING] Failed to listen on port 50000 with status -9
[WARNING] Failed to listen on port 50000 with status -9
[WARNING] Failed to listen on port 50000 with status -9
[WARNING] Failed to listen on port 50000 with status -9
[WARNING] Failed to listen on port 50000 with status -9
[WARNING] Failed to listen on port 50000 with status -9
[WARNING] Failed to listen on port 50000 with status -9
[WARNING] Failed to listen on port 50000 with status -9
[WARNING] Failed to listen on port 50000 with status -9
[WARNING] Failed to listen on port 50000 with status -9
[WARNING] Failed to listen on port 50000 with status -9
[WARNING] Failed to listen on port 50000 with status -9
[WARNING] Failed to listen on port 50000 with status -9
[WARNING] Failed to listen on port 50000 with status -9
[WARNING] Failed to listen on port 50000 with status -9
[WARNING] Failed to listen on port 50000 with status -9
[WARNING] Failed to listen on port 50000 with status -9
[WARNING] Failed to listen on port 50000 with status -9
[WARNING] Failed to listen on port 50000 with status -9
[WARNING] Failed to listen on port 50000 with status -9
[WARNING] Failed to listen on port 50000 with status -9
[WARNING] Failed to listen on port 50000 with status -9
[WARNING] Failed to listen on port 50000 with status -9
[WARNING] Failed to listen on port 50000 with status -9
[WARNING] Failed to listen on port 50000 with status -9
[WARNING] Failed to listen on port 50000 with status -9
[WARNING] Failed to listen on port 50000 with status -9
[WARNING] Failed to listen on port 50000 with status -9
[WARNING] Failed to listen on port 50000 with status -9
[WARNING] Failed to listen on port 50000 with status -9
[WARNING] Failed to listen on port 50000 with status -9
[WARNING] Failed to listen on port 50000 with status -9
[WARNING] Failed to listen on port 50000 with status -9
[WARNING] Failed to listen on port 50000 with status -9
[WARNING] Failed to listen on port 50000 with status -9
[WARNING] Failed to listen on port 50000 with status -9
[WARNING] Failed to listen on port 50000 with status -9
[WARNING] Failed to listen on port 50000 with status -9
[WARNING] Failed to listen on port 50000 with status -9
[WARNING] Failed to listen on port 50000 with status -9
[WARNING] Failed to listen on port 50000 with status -9
[WARNING] Failed to listen on port 50000 with status -9
[WARNING] Failed to listen on port 50000 with status -9
[WARNING] Failed to listen on port 50000 with status -9
[WARNING] Failed to listen on port 50000 with status -9
[WARNING] Failed to listen on port 50000 with status -9
[WARNING] Failed to listen on port 50000 with status -9
[WARNING] Failed to listen on port 50000 with status -9
[WARNING] Failed to listen on port 50000 with status -9
[WARNING] Failed to listen on port 50000 with status -9
[WARNING] Failed to listen on port 50000 with status -9
[WARNING] Failed to listen on port 50000 with status -9
[WARNING] Failed to listen on port 50000 with status -9
[WARNING] Failed to listen on port 50000 with status -9
[WARNING] Failed to listen on port 50000 with status -9
[WARNING] Failed to listen on port 50000 with status -9
[WARNING] Failed to listen on port 50000 with status -9
[WARNING] Failed to listen on port 50000 with status -9
[WARNING] Failed to listen on port 50000 with status -9
[WARNING] Failed to listen on port 50000 with status -9
[WARNING] Failed to listen on port 50000 with status -9
[WARNING] Failed to listen on port 50000 with status -9
[WARNING] Failed to listen on port 50000 with status -9
[WARNING] Failed to listen on port 50000 with status -9
[WARNING] Failed to listen on port 50000 with status -9
[WARNING] Failed to listen on port 50000 with status -9
[WARNING] Failed to listen on port 50000 with status -9
[WARNING] Failed to listen on port 50000 with status -9
[WARNING] Failed to listen on port 50000 with status -9
[WARNING] Failed to listen on port 50000 with status -9
[WARNING] Failed to listen on port 50000 with status -9
[WARNING] Failed to listen on port 50000 with status -9
[WARNING] Failed to listen on port 50000 with status -9
[WARNING] Failed to listen on port 50000 with status -9
[WARNING] Failed to listen on port 50000 with status -9
[WARNING] Failed to listen on port 50000 with status -9
[WARNING] Failed to listen on port 50000 with status -9
[WARNING] Failed to listen on port 50000 with status -9
[WARNING] Failed to listen on port 50000 with status -9
[WARNING] Failed to listen on port 50000 with status -9
[WARNING] Failed to listen on port 50000 with status -9
[WARNING] Failed to listen on port 50000 with status -9
[WARNING] Failed to listen on port 50000 with status -9
[WARNING] Failed to listen on port 50000 with status -9
[WARNING] Failed to listen on port 50000 with status -9
[WARNING] Failed to listen on port 50000 with status -9
[WARNING] Failed to listen on port 50000 with status -9
[WARNING] Failed to listen on port 50000 with status -9
[WARNING] Failed to listen on port 50000 with status -9
[WARNING] Failed to listen on port 50000 with status -9
[WARNING] Failed to listen on port 50000 with status -9
[WARNING] Failed to listen on port 50000 with status -9
[WARNING] Failed to listen on port 50000 with status -9
[WARNING] Failed to listen on port 50000 with status -9
[WARNING] Failed to listen on port 50000 with status -9
[WARNING] Failed to listen on port 50000 with status -9
[WARNING] Failed to listen on port 50000 with status -9
[WARNING] Failed to listen on port 50000 with status -9
[WARNING] Failed to listen on port 50000 with status -9
[WARNING] Failed to listen on port 50000 with status -9
[WARNING] Failed to listen on port 50000 with status -9
[WARNING] Failed to listen on port 50000 with status -9
[WARNING] Failed to listen on port 50000 with status -9
[WARNING] Failed to listen on port 50000 with status -9
[WARNING] Failed to listen on port 50000 with status -9
[WARNING] Failed to listen on port 50000 with status -9
[WARNING] Failed to listen on port 50000 with status -9
[WARNING] Failed to listen on port 50000 with status -9
[WARNING] Failed to listen on port 50000 with status -9
[WARNING] Failed to listen on port 50000 with status -9
[WARNING] Failed to listen on port 50000 with status -9
[WARNING] Failed to listen on port 50000 with status -9
[WARNING] Failed to listen on port 50000 with status -9
[WARNING] Failed to listen on port 50000 with status -9
[WARNING] Failed to listen on port 50000 with status -9
[WARNING] Failed to listen on port 50000 with status -9
[WARNING] Failed to listen on port 50000 with status -9
[WARNING] Failed to listen on port 50000 with status -9
[WARNING] Failed to listen on port 50000 with status -9
[WARNING] Failed to listen on port 50000 with status -9
[WARNING] Failed to listen on port 50000 with status -9
[WARNING] Failed to listen on port 50000 with status -9
[WARNING] Failed to listen on port 50000 with status -9
[WARNING] Failed to listen on port 50000 with status -9
[WARNING] Failed to listen on port 50000 with status -9
[WARNING] Failed to listen on port 50000 with status -9
[WARNING] Failed to listen on port 50000 with status -9
[WARNING] Failed to listen on port 50000 with status -9
[WARNING] Failed to listen on port 50000 with status -9
[WARNING] Failed to listen on port 50000 with status -9
[WARNING] Failed to listen on port 50000 with status -9
[WARNING] Failed to listen on port 50000 with status -9
[WARNING] Failed to listen on port 50000 with status -9
[WARNING] Failed to listen on port 50000 with status -9
[WARNING] Failed to listen on port 50000 with status -9
[WARNING] Failed to listen on port 50000 with status -9
[WARNING] Failed to listen on port 50000 with status -9
[WARNING] Failed to listen on port 50000 with status -9
[WARNING] Failed to listen on port 50000 with status -9
[WARNING] Failed to listen on port 50000 with status -9
[WARNING] Failed to listen on port 50000 with status -9
[WARNING] Failed to listen on port 50000 with status -9
[WARNING] Failed to listen on port 50000 with status -9
[WARNING] Failed to listen on port 50000 with status -9
[WARNING] Failed to listen on port 50000 with status -9
[WARNING] Failed to listen on port 50000 with status -9
[WARNING] Failed to listen on port 50000 with status -9
[WARNING] Failed to listen on port 50000 with status -9
[WARNING] Failed to listen on port 50000 with status -9
[WARNING] Failed to listen on port 50000 with status -9
[WARNING] Failed to listen on port 50000 with status -9
[WARNING] Failed to listen on port 50000 with status -9
[WARNING] Failed to listen on port 50000 with status -9
[WARNING] Failed to listen on port 50000 with status -9
[WARNING] Failed to listen on port 50000 with status -9
[WARNING] Failed to listen on port 50000 with status -9
[WARNING] Failed to listen on port 50000 with status -9
[WARNING] Failed to listen on port 50000 with status -9
[WARNING] Failed to listen on port 50000 with status -9
[WARNING] Failed to listen on port 50000 with status -9
[WARNING] Failed to listen on port 50000 with status -9
[WARNING] Failed to listen on port 50000 with status -9
[WARNING] Failed to listen on port 50000 with status -9
[WARNING] Failed to listen on port 50000 with status -9
[WARNING] Failed to listen on port 50000 with status -9
[WARNING] Failed to listen on port 50000 with status -9
[WARNING] Failed to listen on port 50000 with status -9
[WARNING] Failed to listen on port 50000 with status -9
[WARNING] Failed to listen on port 50000 with status -9
[WARNING] Failed to listen on port 50000 with status -9
[WARNING] Failed to listen on port 50000 with status -9
[WARNING] Failed to listen on port 50000 with status -9
[WARNING] Failed to listen on port 50000 with status -9
[WARNING] Failed to listen on port 50000 with status -9
[WARNING] Failed to listen on port 50000 with status -9
[WARNING] Failed to listen on port 50000 with status -9
[WARNING] Failed to listen on port 50000 with status -9
[WARNING] Failed to listen on port 50000 with status -9
[WARNING] Failed to listen on port 50000 with status -9
[WARNING] Failed to listen on port 50000 with status -9
[WARNING] Failed to listen on port 50000 with status -9
[WARNING] Failed to listen on port 50000 with status -9
[WARNING] Failed to listen on port 50000 with status -9
[WARNING] Failed to listen on port 50000 with status -9
[WARNING] Failed to listen on port 50000 with status -9
[WARNING] Failed to listen on port 50000 with status -9
[WARNING] Failed to listen on port 50000 with status -9
[WARNING] Failed to listen on port 50000 with status -9
[WARNING] Failed to listen on port 50000 with status -9
[WARNING] Failed to listen on port 50000 with status -9
[WARNING] Failed to listen on port 50000 with status -9
[WARNING] Failed to listen on port 50000 with status -9
[WARNING] Failed to listen on port 50000 with status -9
[WARNING] Failed to listen on port 50000 with status -9
[WARNING] Failed to listen on port 50000 with status -9
[WARNING] Failed to listen on port 50000 with status -9
[WARNING] Failed to listen on port 50000 with status -9
[WARNING] Failed to listen on port 50000 with status -9
[WARNING] Failed to listen on port 50000 with status -9
[WARNING] Failed to listen on port 50000 with status -9
[WARNING] Failed to listen on port 50000 with status -9
[WARNING] Failed to listen on port 50000 with status -9
[WARNING] Failed to listen on port 50000 with status -9
[WARNING] Failed to listen on port 50000 with status -9
[WARNING] Failed to listen on port 50000 with status -9
[WARNING] Failed to listen on port 50000 with status -9
[WARNING] Failed to listen on port 50000 with status -9
[WARNING] Failed to listen on port 50000 with status -9
[WARNING] Failed to listen on port 50000 with status -9
[WARNING] Failed to listen on port 50000 with status -9
[WARNING] Failed to listen on port 50000 with status -9
[WARNING] Failed to listen on port 50000 with status -9
[WARNING] Failed to listen on port 50000 with status -9
[WARNING] Failed to listen on port 50000 with status -9
[WARNING] Failed to listen on port 50000 with status -9
[WARNING] Failed to listen on port 50000 with status -9
[WARNING] Failed to listen on port 50000 with status -9
[WARNING] Failed to listen on port 50000 with status -9
[WARNING] Failed to listen on port 50000 with status -9
[WARNING] Failed to listen on port 50000 with status -9
[WARNING] Failed to listen on port 50000 with status -9
[WARNING] Failed to listen on port 50000 with status -9
[WARNING] Failed to listen on port 50000 with status -9
[WARNING] Failed to listen on port 50000 with status -9
[WARNING] Failed to listen on port 50000 with status -9
[WARNING] Failed to listen on port 50000 with status -9
[WARNING] Failed to listen on port 50000 with status -9
[WARNING] Failed to listen on port 50000 with status -9
[WARNING] Failed to listen on port 50000 with status -9
[WARNING] Failed to listen on port 50000 with status -9
[WARNING] Failed to listen on port 50000 with status -9
[WARNING] Failed to listen on port 50000 with status -9
[WARNING] Failed to listen on port 50000 with status -9
[WARNING] Failed to listen on port 50000 with status -9
[WARNING] Failed to listen on port 50000 with status -9
[WARNING] Failed to listen on port 50000 with status -9
[WARNING] Failed to listen on port 50000 with status -9
[WARNING] Failed to listen on port 50000 with status -9
[WARNING] Failed to listen on port 50000 with status -9
[WARNING] Failed to listen on port 50000 with status -9
[WARNING] Failed to listen on port 50000 with status -9
[WARNING] Failed to listen on port 50000 with status -9
[WARNING] Failed to listen on port 50000 with status -9
[WARNING] Failed to listen on port 50000 with status -9
[WARNING] Failed to listen on port 50000 with status -9
[WARNING] Failed to listen on port 50000 with status -9
[WARNING] Failed to listen on port 50000 with status -9
[WARNING] Failed to listen on port 50000 with status -9
[WARNING] Failed to listen on port 50000 with status -9
[WARNING] Failed to listen on port 50000 with status -9
[WARNING] Failed to listen on port 50000 with status -9
[WARNING] Failed to listen on port 50000 with status -9
[WARNING] Failed to listen on port 50000 with status -9
[WARNING] Failed to listen on port 50000 with status -9
[WARNING] Failed to listen on port 50000 with status -9
[WARNING] Failed to listen on port 50000 with status -9
[WARNING] Failed to listen on port 50000 with status -9
[WARNING] Failed to listen on port 50000 with status -9
[WARNING] Failed to listen on port 50000 with status -9
[WARNING] Failed to listen on port 50000 with status -9
[WARNING] Failed to listen on port 50000 with status -9
[WARNING] Failed to listen on port 50000 with status -9
[WARNING] Failed to listen on port 50000 with status -9
[WARNING] Failed to listen on port 50000 with status -9
[WARNING] Failed to listen on port 50000 with status -9
[WARNING] Failed to listen on port 50000 with status -9
[WARNING] Failed to listen on port 50000 with status -9
[WARNING] Failed to listen on port 50000 with status -9
[WARNING] Failed to listen on port 50000 with status -9
[WARNING] Failed to listen on port 50000 with status -9
[WARNING] Failed to listen on port 50000 with status -9
[WARNING] Failed to listen on port 50000 with status -9
[WARNING] Failed to listen on port 50000 with status -9
[WARNING] Failed to listen on port 50000 with status -9
[WARNING] Failed to listen on port 50000 with status -9
[WARNING] Failed to listen on port 50000 with status -9
[WARNING] Failed to listen on port 50000 with status -9
[WARNING] Failed to listen on port 50000 with status -9
[WARNING] Failed to listen on port 50000 with status -9
[WARNING] Failed to listen on port 50000 with status -9
[WARNING] Failed to listen on port 50000 with status -9
[WARNING] Failed to listen on port 50000 with status -9
[WARNING] Failed to listen on port 50000 with status -9
[WARNING] Failed to listen on port 50000 with status -9
[WARNING] Failed to listen on port 50000 with status -9
[WARNING] Failed to listen on port 50000 with status -9
[WARNING] Failed to listen on port 50000 with status -9
[WARNING] Failed to listen on port 50000 with status -9
[WARNING] Failed to listen on port 50000 with status -9
[WARNING] Failed to listen on port 50000 with status -9
[WARNING] Failed to listen on port 50000 with status -9
[WARNING] Failed to listen on port 50000 with status -9
[WARNING] Failed to listen on port 50000 with status -9
[WARNING] Failed to listen on port 50000 with status -9
[WARNING] Failed to listen on port 50000 with status -9
[WARNING] Failed to listen on port 50000 with status -9
[WARNING] Failed to listen on port 50000 with status -9
[WARNING] Failed to listen on port 50000 with status -9
[WARNING] Failed to listen on port 50000 with status -9
[WARNING] Failed to listen on port 50000 with status -9
[WARNING] Failed to listen on port 50000 with status -9
[WARNING] Failed to listen on port 50000 with status -9
[WARNING] Failed to listen on port 50000 with status -9
[WARNING] Failed to listen on port 50000 with status -9
[WARNING] Failed to listen on port 50000 with status -9
[WARNING] Failed to listen on port 50000 with status -9
[WARNING] Failed to listen on port 50000 with status -9
[WARNING] Failed to listen on port 50000 with status -9
[WARNING] Failed to listen on port 50000 with status -9
[WARNING] Failed to listen on port 50000 with status -9
[WARNING] Failed to listen on port 50000 with status -9
[WARNING] Failed to listen on port 50000 with status -9
[WARNING] Failed to listen on port 50000 with status -9
[WARNING] Failed to listen on port 50000 with status -9
[WARNING] Failed to listen on port 50000 with status -9
[WARNING] Failed to listen on port 50000 with status -9
[WARNING] Failed to listen on port 50000 with status -9
[WARNING] Failed to listen on port 50000 with status -9
[WARNING] Failed to listen on port 50000 with status -9
[WARNING] Failed to listen on port 50000 with status -9
[WARNING] Failed to listen on port 50000 with status -9
[WARNING] Failed to listen on port 50000 with status -9
[WARNING] Failed to listen on port 50000 with status -9
[WARNING] Failed to listen on port 50000 with status -9
[WARNING] Failed to listen on port 50000 with status -9
[WARNING] Failed to listen on port 50000 with status -9
[WARNING] Failed to listen on port 50000 with status -9
[WARNING] Failed to listen on port 50000 with status -9
[WARNING] Failed to listen on port 50000 with status -9
[WARNING] Failed to listen on port 50000 with status -9
[WARNING] Failed to listen on port 50000 with status -9
[WARNING] Failed to listen on port 50000 with status -9
[WARNING] Failed to listen on port 50000 with status -9
[WARNING] Failed to listen on port 50000 with status -9
[WARNING] Failed to listen on port 50000 with status -9
[WARNING] Failed to listen on port 50000 with status -9
[WARNING] Failed to listen on port 50000 with status -9
[WARNING] Failed to listen on port 50000 with status -9
[WARNING] Failed to listen on port 50000 with status -9
[WARNING] Failed to listen on port 50000 with status -9
[WARNING] Failed to listen on port 50000 with status -9
[WARNING] Failed to listen on port 50000 with status -9
[WARNING] Failed to listen on port 50000 with status -9
[WARNING] Failed to listen on port 50000 with status -9
[WARNING] Failed to listen on port 50000 with status -9
[WARNING] Failed to listen on port 50000 with status -9
[WARNING] Failed to listen on port 50000 with status -9
[WARNING] Failed to listen on port 50000 with status -9
[WARNING] Failed to listen on port 50000 with status -9
[WARNING] Failed to listen on port 50000 with status -9
[WARNING] Failed to listen on port 50000 with status -9
[WARNING] Failed to listen on port 50000 with status -9
[WARNING] Failed to listen on port 50000 with status -9
[WARNING] Failed to listen on port 50000 with status -9
[WARNING] Failed to listen on port 50000 with status -9
[WARNING] Failed to listen on port 50000 with status -9
[WARNING] Failed to listen on port 50000 with status -9
[WARNING] Failed to listen on port 50000 with status -9
[WARNING] Failed to listen on port 50000 with status -9
[WARNING] Failed to listen on port 50000 with status -9
[WARNING] Failed to listen on port 50000 with status -9
[WARNING] Failed to listen on port 50000 with status -9
[WARNING] Failed to listen on port 50000 with status -9
[WARNING] Failed to listen on port 50000 with status -9
[WARNING] Failed to listen on port 50000 with status -9
[WARNING] Failed to listen on port 50000 with status -9
[WARNING] Failed to listen on port 50000 with status -9
[WARNING] Failed to listen on port 50000 with status -9
[WARNING] Failed to listen on port 50000 with status -9
[WARNING] Failed to listen on port 50000 with status -9
[WARNING] Failed to listen on port 50000 with status -9
[WARNING] Failed to listen on port 50000 with status -9
[WARNING] Failed to listen on port 50000 with status -9
[WARNING] Failed to listen on port 50000 with status -9
[WARNING] Failed to listen on port 50000 with status -9
[WARNING] Failed to listen on port 50000 with status -9
[WARNING] Failed to listen on port 50000 with status -9
