[2025-07-28 17:35:27,382] [INFO] root: Logging system initialized!
[2025-07-28 17:35:27,392] [INFO] transport: Outgoing connecting to: ipc:///tmp/fprime-server-in
[2025-07-28 17:35:27,393] [INFO] transport: Incoming connecting to: ipc:///tmp/fprime-server-out
[2025-07-28 17:36:01,896] [WARNING] distributor: Decoding error occurred: unpack_from requires a buffer of at least 23 bytes for unpacking 4 bytes at offset 19 (actual buffer size is 22). Skipping.
[2025-07-28 17:36:01,897] [WARNING] distributor: No decoder registered for: FW_PACKET_TELEM
[2025-07-28 17:36:01,897] [WARNING] distributor: Decoding error occurred: unpack_from requires a buffer of at least 23 bytes for unpacking 4 bytes at offset 19 (actual buffer size is 22). Skipping.
[2025-07-28 17:36:01,897] [WARNING] distributor: No decoder registered for: FW_PACKET_TELEM
[2025-07-28 17:36:01,897] [WARNING] distributor: Decoding error occurred: unpack_from requires a buffer of at least 23 bytes for unpacking 4 bytes at offset 19 (actual buffer size is 22). Skipping.
[2025-07-28 17:36:01,897] [WARNING] distributor: No decoder registered for: FW_PACKET_TELEM
[2025-07-28 17:36:01,897] [WARNING] distributor: Decoding error occurred: unpack_from requires a buffer of at least 23 bytes for unpacking 4 bytes at offset 19 (actual buffer size is 22). Skipping.
[2025-07-28 17:36:01,897] [WARNING] distributor: No decoder registered for: FW_PACKET_TELEM
[2025-07-28 17:36:01,897] [WARNING] distributor: No decoder registered for: FW_PACKET_IDLE
[2025-07-28 17:36:37,735] [WARNING] distributor: Decoding error occurred: unpack_from requires a buffer of at least 23 bytes for unpacking 4 bytes at offset 19 (actual buffer size is 22). Skipping.
[2025-07-28 17:36:37,736] [WARNING] distributor: No decoder registered for: FW_PACKET_TELEM
[2025-07-28 17:36:37,736] [WARNING] distributor: Decoding error occurred: unpack_from requires a buffer of at least 23 bytes for unpacking 4 bytes at offset 19 (actual buffer size is 22). Skipping.
[2025-07-28 17:36:37,736] [WARNING] distributor: No decoder registered for: FW_PACKET_TELEM
[2025-07-28 17:36:37,736] [WARNING] distributor: Decoding error occurred: unpack_from requires a buffer of at least 23 bytes for unpacking 4 bytes at offset 19 (actual buffer size is 22). Skipping.
[2025-07-28 17:36:37,736] [WARNING] distributor: No decoder registered for: FW_PACKET_TELEM
[2025-07-28 17:36:37,736] [WARNING] distributor: Decoding error occurred: unpack_from requires a buffer of at least 23 bytes for unpacking 4 bytes at offset 19 (actual buffer size is 22). Skipping.
[2025-07-28 17:36:37,736] [WARNING] distributor: No decoder registered for: FW_PACKET_TELEM
[2025-07-28 17:36:37,736] [WARNING] distributor: No decoder registered for: FW_PACKET_IDLE
