[2025-07-28 20:22:16,935] [INFO] root: Logging system initialized!
[2025-07-28 20:22:16,953] [INFO] transport: Outgoing connecting to: ipc:///tmp/fprime-server-in
[2025-07-28 20:22:16,954] [INFO] transport: Incoming connecting to: ipc:///tmp/fprime-server-out
[2025-07-28 20:23:18,637] [WARNING] distributor: Decoding error occurred: Channel APRS_LATITUDE failed to decode: unpack_from requires a buffer of at least 19 bytes for unpacking 4 bytes at offset 15 (actual buffer size is 16). Skipping.
[2025-07-28 20:23:18,637] [WARNING] distributor: No decoder registered for: FW_PACKET_TELEM
[2025-07-28 20:23:18,637] [WARNING] distributor: Decoding error occurred: Channel APRS_LONGITUDE failed to decode: unpack_from requires a buffer of at least 19 bytes for unpacking 4 bytes at offset 15 (actual buffer size is 16). Skipping.
[2025-07-28 20:23:18,637] [WARNING] distributor: No decoder registered for: FW_PACKET_TELEM
[2025-07-28 20:23:18,638] [WARNING] distributor: Decoding error occurred: Channel APRS_BATTERY failed to decode: unpack_from requires a buffer of at least 19 bytes for unpacking 4 bytes at offset 15 (actual buffer size is 16). Skipping.
[2025-07-28 20:23:18,638] [WARNING] distributor: No decoder registered for: FW_PACKET_TELEM
[2025-07-28 20:23:18,638] [WARNING] distributor: Decoding error occurred: Channel APRS_TEMPERATURE failed to decode: unpack_from requires a buffer of at least 19 bytes for unpacking 4 bytes at offset 15 (actual buffer size is 16). Skipping.
[2025-07-28 20:23:18,638] [WARNING] distributor: No decoder registered for: FW_PACKET_TELEM
[2025-07-28 20:23:18,638] [WARNING] distributor: No decoder registered for: FW_PACKET_IDLE
[2025-07-28 20:23:54,476] [WARNING] distributor: Decoding error occurred: Channel APRS_LATITUDE failed to decode: unpack_from requires a buffer of at least 19 bytes for unpacking 4 bytes at offset 15 (actual buffer size is 16). Skipping.
[2025-07-28 20:23:54,476] [WARNING] distributor: No decoder registered for: FW_PACKET_TELEM
[2025-07-28 20:23:54,477] [WARNING] distributor: Decoding error occurred: Channel APRS_LONGITUDE failed to decode: unpack_from requires a buffer of at least 19 bytes for unpacking 4 bytes at offset 15 (actual buffer size is 16). Skipping.
[2025-07-28 20:23:54,477] [WARNING] distributor: No decoder registered for: FW_PACKET_TELEM
[2025-07-28 20:23:54,477] [WARNING] distributor: Decoding error occurred: Channel APRS_BATTERY failed to decode: unpack_from requires a buffer of at least 19 bytes for unpacking 4 bytes at offset 15 (actual buffer size is 16). Skipping.
[2025-07-28 20:23:54,477] [WARNING] distributor: No decoder registered for: FW_PACKET_TELEM
[2025-07-28 20:23:54,477] [WARNING] distributor: Decoding error occurred: Channel APRS_TEMPERATURE failed to decode: unpack_from requires a buffer of at least 19 bytes for unpacking 4 bytes at offset 15 (actual buffer size is 16). Skipping.
[2025-07-28 20:23:54,477] [WARNING] distributor: No decoder registered for: FW_PACKET_TELEM
[2025-07-28 20:23:54,477] [WARNING] distributor: No decoder registered for: FW_PACKET_IDLE
[2025-07-28 20:24:27,414] [WARNING] distributor: Decoding error occurred: Channel APRS_LATITUDE failed to decode: unpack_from requires a buffer of at least 19 bytes for unpacking 4 bytes at offset 15 (actual buffer size is 16). Skipping.
[2025-07-28 20:24:27,414] [WARNING] distributor: No decoder registered for: FW_PACKET_TELEM
[2025-07-28 20:24:27,414] [WARNING] distributor: Decoding error occurred: Channel APRS_LONGITUDE failed to decode: unpack_from requires a buffer of at least 19 bytes for unpacking 4 bytes at offset 15 (actual buffer size is 16). Skipping.
[2025-07-28 20:24:27,414] [WARNING] distributor: No decoder registered for: FW_PACKET_TELEM
[2025-07-28 20:24:27,415] [WARNING] distributor: Decoding error occurred: Channel APRS_BATTERY failed to decode: unpack_from requires a buffer of at least 19 bytes for unpacking 4 bytes at offset 15 (actual buffer size is 16). Skipping.
[2025-07-28 20:24:27,415] [WARNING] distributor: No decoder registered for: FW_PACKET_TELEM
[2025-07-28 20:24:27,415] [WARNING] distributor: Decoding error occurred: Channel APRS_TEMPERATURE failed to decode: unpack_from requires a buffer of at least 19 bytes for unpacking 4 bytes at offset 15 (actual buffer size is 16). Skipping.
[2025-07-28 20:24:27,415] [WARNING] distributor: No decoder registered for: FW_PACKET_TELEM
[2025-07-28 20:24:27,415] [WARNING] distributor: No decoder registered for: FW_PACKET_IDLE
[2025-07-28 20:25:02,230] [WARNING] distributor: Decoding error occurred: Channel APRS_LATITUDE failed to decode: unpack_from requires a buffer of at least 19 bytes for unpacking 4 bytes at offset 15 (actual buffer size is 16). Skipping.
[2025-07-28 20:25:02,230] [WARNING] distributor: No decoder registered for: FW_PACKET_TELEM
[2025-07-28 20:25:02,230] [WARNING] distributor: Decoding error occurred: Channel APRS_LONGITUDE failed to decode: unpack_from requires a buffer of at least 19 bytes for unpacking 4 bytes at offset 15 (actual buffer size is 16). Skipping.
[2025-07-28 20:25:02,230] [WARNING] distributor: No decoder registered for: FW_PACKET_TELEM
[2025-07-28 20:25:02,230] [WARNING] distributor: Decoding error occurred: Channel APRS_BATTERY failed to decode: unpack_from requires a buffer of at least 19 bytes for unpacking 4 bytes at offset 15 (actual buffer size is 16). Skipping.
[2025-07-28 20:25:02,230] [WARNING] distributor: No decoder registered for: FW_PACKET_TELEM
[2025-07-28 20:25:02,231] [WARNING] distributor: Decoding error occurred: Channel APRS_TEMPERATURE failed to decode: unpack_from requires a buffer of at least 19 bytes for unpacking 4 bytes at offset 15 (actual buffer size is 16). Skipping.
[2025-07-28 20:25:02,231] [WARNING] distributor: No decoder registered for: FW_PACKET_TELEM
[2025-07-28 20:25:02,231] [WARNING] distributor: No decoder registered for: FW_PACKET_IDLE
[2025-07-28 20:25:39,264] [WARNING] distributor: Decoding error occurred: Channel APRS_LATITUDE failed to decode: unpack_from requires a buffer of at least 19 bytes for unpacking 4 bytes at offset 15 (actual buffer size is 16). Skipping.
[2025-07-28 20:25:39,264] [WARNING] distributor: No decoder registered for: FW_PACKET_TELEM
[2025-07-28 20:25:39,264] [WARNING] distributor: Decoding error occurred: Channel APRS_LONGITUDE failed to decode: unpack_from requires a buffer of at least 19 bytes for unpacking 4 bytes at offset 15 (actual buffer size is 16). Skipping.
[2025-07-28 20:25:39,264] [WARNING] distributor: No decoder registered for: FW_PACKET_TELEM
[2025-07-28 20:25:39,264] [WARNING] distributor: Decoding error occurred: Channel APRS_BATTERY failed to decode: unpack_from requires a buffer of at least 19 bytes for unpacking 4 bytes at offset 15 (actual buffer size is 16). Skipping.
[2025-07-28 20:25:39,264] [WARNING] distributor: No decoder registered for: FW_PACKET_TELEM
[2025-07-28 20:25:39,264] [WARNING] distributor: Decoding error occurred: Channel APRS_TEMPERATURE failed to decode: unpack_from requires a buffer of at least 19 bytes for unpacking 4 bytes at offset 15 (actual buffer size is 16). Skipping.
[2025-07-28 20:25:39,264] [WARNING] distributor: No decoder registered for: FW_PACKET_TELEM
[2025-07-28 20:25:39,264] [WARNING] distributor: No decoder registered for: FW_PACKET_IDLE
[2025-07-28 20:39:19,995] [WARNING] distributor: Decoding error occurred: Channel APRS_LATITUDE failed to decode: unpack_from requires a buffer of at least 19 bytes for unpacking 4 bytes at offset 15 (actual buffer size is 16). Skipping.
[2025-07-28 20:39:19,995] [WARNING] distributor: No decoder registered for: FW_PACKET_TELEM
[2025-07-28 20:39:19,995] [WARNING] distributor: Decoding error occurred: Channel APRS_LONGITUDE failed to decode: unpack_from requires a buffer of at least 19 bytes for unpacking 4 bytes at offset 15 (actual buffer size is 16). Skipping.
[2025-07-28 20:39:19,995] [WARNING] distributor: No decoder registered for: FW_PACKET_TELEM
[2025-07-28 20:39:19,996] [WARNING] distributor: Decoding error occurred: Channel APRS_BATTERY failed to decode: unpack_from requires a buffer of at least 19 bytes for unpacking 4 bytes at offset 15 (actual buffer size is 16). Skipping.
[2025-07-28 20:39:19,996] [WARNING] distributor: No decoder registered for: FW_PACKET_TELEM
[2025-07-28 20:39:19,996] [WARNING] distributor: No decoder registered for: FW_PACKET_IDLE
[2025-07-28 20:39:55,833] [WARNING] distributor: Decoding error occurred: Channel APRS_LATITUDE failed to decode: unpack_from requires a buffer of at least 19 bytes for unpacking 4 bytes at offset 15 (actual buffer size is 16). Skipping.
[2025-07-28 20:39:55,833] [WARNING] distributor: No decoder registered for: FW_PACKET_TELEM
[2025-07-28 20:39:55,833] [WARNING] distributor: Decoding error occurred: Channel APRS_LONGITUDE failed to decode: unpack_from requires a buffer of at least 19 bytes for unpacking 4 bytes at offset 15 (actual buffer size is 16). Skipping.
[2025-07-28 20:39:55,833] [WARNING] distributor: No decoder registered for: FW_PACKET_TELEM
[2025-07-28 20:39:55,834] [WARNING] distributor: Decoding error occurred: Channel APRS_BATTERY failed to decode: unpack_from requires a buffer of at least 19 bytes for unpacking 4 bytes at offset 15 (actual buffer size is 16). Skipping.
[2025-07-28 20:39:55,834] [WARNING] distributor: No decoder registered for: FW_PACKET_TELEM
[2025-07-28 20:39:55,834] [WARNING] distributor: No decoder registered for: FW_PACKET_IDLE
[2025-07-28 20:40:31,676] [WARNING] distributor: Decoding error occurred: Channel APRS_LATITUDE failed to decode: unpack_from requires a buffer of at least 19 bytes for unpacking 4 bytes at offset 15 (actual buffer size is 16). Skipping.
[2025-07-28 20:40:31,677] [WARNING] distributor: No decoder registered for: FW_PACKET_TELEM
[2025-07-28 20:40:31,677] [WARNING] distributor: Decoding error occurred: Channel APRS_LONGITUDE failed to decode: unpack_from requires a buffer of at least 19 bytes for unpacking 4 bytes at offset 15 (actual buffer size is 16). Skipping.
[2025-07-28 20:40:31,677] [WARNING] distributor: No decoder registered for: FW_PACKET_TELEM
[2025-07-28 20:40:31,677] [WARNING] distributor: Decoding error occurred: Channel APRS_BATTERY failed to decode: unpack_from requires a buffer of at least 19 bytes for unpacking 4 bytes at offset 15 (actual buffer size is 16). Skipping.
[2025-07-28 20:40:31,677] [WARNING] distributor: No decoder registered for: FW_PACKET_TELEM
[2025-07-28 20:40:31,677] [WARNING] distributor: No decoder registered for: FW_PACKET_IDLE
[2025-07-28 20:41:05,465] [WARNING] distributor: Decoding error occurred: Channel APRS_LATITUDE failed to decode: unpack_from requires a buffer of at least 19 bytes for unpacking 4 bytes at offset 15 (actual buffer size is 16). Skipping.
[2025-07-28 20:41:05,465] [WARNING] distributor: No decoder registered for: FW_PACKET_TELEM
[2025-07-28 20:41:05,466] [WARNING] distributor: Decoding error occurred: Channel APRS_LONGITUDE failed to decode: unpack_from requires a buffer of at least 19 bytes for unpacking 4 bytes at offset 15 (actual buffer size is 16). Skipping.
[2025-07-28 20:41:05,466] [WARNING] distributor: No decoder registered for: FW_PACKET_TELEM
[2025-07-28 20:41:05,466] [WARNING] distributor: Decoding error occurred: Channel APRS_BATTERY failed to decode: unpack_from requires a buffer of at least 19 bytes for unpacking 4 bytes at offset 15 (actual buffer size is 16). Skipping.
[2025-07-28 20:41:05,466] [WARNING] distributor: No decoder registered for: FW_PACKET_TELEM
[2025-07-28 20:41:05,466] [WARNING] distributor: No decoder registered for: FW_PACKET_IDLE
[2025-07-28 20:41:39,343] [WARNING] distributor: Decoding error occurred: Channel APRS_LATITUDE failed to decode: unpack_from requires a buffer of at least 19 bytes for unpacking 4 bytes at offset 15 (actual buffer size is 16). Skipping.
[2025-07-28 20:41:39,343] [WARNING] distributor: No decoder registered for: FW_PACKET_TELEM
[2025-07-28 20:41:39,343] [WARNING] distributor: Decoding error occurred: Channel APRS_LONGITUDE failed to decode: unpack_from requires a buffer of at least 19 bytes for unpacking 4 bytes at offset 15 (actual buffer size is 16). Skipping.
[2025-07-28 20:41:39,343] [WARNING] distributor: No decoder registered for: FW_PACKET_TELEM
[2025-07-28 20:41:39,343] [WARNING] distributor: Decoding error occurred: Channel APRS_BATTERY failed to decode: unpack_from requires a buffer of at least 19 bytes for unpacking 4 bytes at offset 15 (actual buffer size is 16). Skipping.
[2025-07-28 20:41:39,343] [WARNING] distributor: No decoder registered for: FW_PACKET_TELEM
[2025-07-28 20:41:39,343] [WARNING] distributor: No decoder registered for: FW_PACKET_IDLE
