[APRS] APRS command server listening on port 8080
Hit Ctrl-C to quit
EVENT: (3334) (2:1753817493,294429) WARNING_HI: (prmDb) PrmFileReadError : Parameter file read failed in stage OPEN (0) with record 0 and error 1
EVENT: (1280) (2:1753817493,294474) DIAGNOSTIC: (cmdDisp) OpCodeRegistered : Opcode 0x500 registered to port 0 slot 0
EVENT: (1280) (2:1753817493,294478) DIAGNOSTIC: (cmdDisp) OpCodeRegistered : Opcode 0x501 registered to port 0 slot 1
EVENT: (1280) (2:1753817493,294480) DIAGNOSTIC: (cmdDisp) OpCodeRegistered : Opcode 0x502 registered to port 0 slot 2
EVENT: (1280) (2:1753817493,294482) DIAGNOSTIC: (cmdDisp) OpCodeRegistered : Opcode 0x503 registered to port 0 slot 3
EVENT: (1280) (2:1753817493,294484) DIAGNOSTIC: (cmdDisp) OpCodeRegistered : Opcode 0x600 registered to port 1 slot 4
EVENT: (1280) (2:1753817493,294486) DIAGNOSTIC: (cmdDisp) OpCodeRegistered : Opcode 0x601 registered to port 1 slot 5
EVENT: (1280) (2:1753817493,294488) DIAGNOSTIC: (cmdDisp) OpCodeRegistered : Opcode 0x602 registered to port 1 slot 6
EVENT: (1280) (2:1753817493,294489) DIAGNOSTIC: (cmdDisp) OpCodeRegistered : Opcode 0x603 registered to port 1 slot 7
EVENT: (1280) (2:1753817493,294491) DIAGNOSTIC: (cmdDisp) OpCodeRegistered : Opcode 0x604 registered to port 1 slot 8
EVENT: (1280) (2:1753817493,294493) DIAGNOSTIC: (cmdDisp) OpCodeRegistered : Opcode 0x605 registered to port 1 slot 9
EVENT: (1280) (2:1753817493,294495) DIAGNOSTIC: (cmdDisp) OpCodeRegistered : Opcode 0x606 registered to port 1 slot 10
EVENT: (1280) (2:1753817493,294497) DIAGNOSTIC: (cmdDisp) OpCodeRegistered : Opcode 0x607 registered to port 1 slot 11
EVENT: (1280) (2:1753817493,294499) DIAGNOSTIC: (cmdDisp) OpCodeRegistered : Opcode 0xb00 registered to port 2 slot 12
EVENT: (1280) (2:1753817493,294500) DIAGNOSTIC: (cmdDisp) OpCodeRegistered : Opcode 0xb02 registered to port 2 slot 13
EVENT: (1280) (2:1753817493,294502) DIAGNOSTIC: (cmdDisp) OpCodeRegistered : Opcode 0xb03 registered to port 2 slot 14
EVENT: (1280) (2:1753817493,294504) DIAGNOSTIC: (cmdDisp) OpCodeRegistered : Opcode 0x800 registered to port 3 slot 15
EVENT: (1280) (2:1753817493,294506) DIAGNOSTIC: (cmdDisp) OpCodeRegistered : Opcode 0x801 registered to port 3 slot 16
EVENT: (1280) (2:1753817493,294508) DIAGNOSTIC: (cmdDisp) OpCodeRegistered : Opcode 0x802 registered to port 3 slot 17
EVENT: (1280) (2:1753817493,294510) DIAGNOSTIC: (cmdDisp) OpCodeRegistered : Opcode 0x900 registered to port 4 slot 18
EVENT: (1280) (2:1753817493,294512) DIAGNOSTIC: (cmdDisp) OpCodeRegistered : Opcode 0x901 registered to port 4 slot 19
EVENT: (1280) (2:1753817493,294513) DIAGNOSTIC: (cmdDisp) OpCodeRegistered : Opcode 0x902 registered to port 4 slot 20
EVENT: (1280) (2:1753817493,294515) DIAGNOSTIC: (cmdDisp) OpCodeRegistered : Opcode 0x903 registered to port 4 slot 21
EVENT: (1280) (2:1753817493,294517) DIAGNOSTIC: (cmdDisp) OpCodeRegistered : Opcode 0x904 registered to port 4 slot 22
EVENT: (1280) (2:1753817493,294519) DIAGNOSTIC: (cmdDisp) OpCodeRegistered : Opcode 0x905 registered to port 4 slot 23
EVENT: (1280) (2:1753817493,294520) DIAGNOSTIC: (cmdDisp) OpCodeRegistered : Opcode 0x906 registered to port 4 slot 24
EVENT: (1280) (2:1753817493,294522) DIAGNOSTIC: (cmdDisp) OpCodeRegistered : Opcode 0x2000 registered to port 5 slot 25
EVENT: (1280) (2:1753817493,294524) DIAGNOSTIC: (cmdDisp) OpCodeRegistered : Opcode 0x2001 registered to port 5 slot 26
EVENT: (1280) (2:1753817493,294526) DIAGNOSTIC: (cmdDisp) OpCodeRegistered : Opcode 0x2002 registered to port 5 slot 27
EVENT: (1280) (2:1753817493,294528) DIAGNOSTIC: (cmdDisp) OpCodeRegistered : Opcode 0xd00 registered to port 6 slot 28
EVENT: (1280) (2:1753817493,294530) DIAGNOSTIC: (cmdDisp) OpCodeRegistered : Opcode 0x4a00 registered to port 7 slot 29
EVENT: (1280) (2:1753817493,294532) DIAGNOSTIC: (cmdDisp) OpCodeRegistered : Opcode 0x5000 registered to port 8 slot 30
EVENT: (1280) (2:1753817493,294533) DIAGNOSTIC: (cmdDisp) OpCodeRegistered : Opcode 0x5001 registered to port 8 slot 31
EVENT: (1280) (2:1753817493,294535) DIAGNOSTIC: (cmdDisp) OpCodeRegistered : Opcode 0x5002 registered to port 8 slot 32
EVENT: (1280) (2:1753817493,294540) DIAGNOSTIC: (cmdDisp) OpCodeRegistered : Opcode 0x5003 registered to port 8 slot 33
EVENT: (1280) (2:1753817493,294541) DIAGNOSTIC: (cmdDisp) OpCodeRegistered : Opcode 0x5004 registered to port 8 slot 34
EVENT: (1280) (2:1753817493,294543) DIAGNOSTIC: (cmdDisp) OpCodeRegistered : Opcode 0x4e00 registered to port 9 slot 35
EVENT: (1280) (2:1753817493,294545) DIAGNOSTIC: (cmdDisp) OpCodeRegistered : Opcode 0x4e01 registered to port 9 slot 36
[WARNING] cmdDisp high task priority of 101 clamped to 99
[WARNING] cmdSeq high task priority of 100 clamped to 99
[WARNING] comQueue high task priority of 100 clamped to 99
[WARNING] fileDownlink high task priority of 100 clamped to 99
[WARNING] fileManager high task priority of 100 clamped to 99
[WARNING] fileUplink high task priority of 100 clamped to 99
[WARNING] rateGroup1 high task priority of 120 clamped to 99
[WARNING] rateGroup2 high task priority of 119 clamped to 99
EVENT: (512) (2:1753817493,295037) DIAGNOSTIC: (rateGroup1) RateGroupStarted : Rate group started.
[WARNING] rateGroup3 high task priority of 118 clamped to 99
EVENT: (768) (2:1753817493,295068) DIAGNOSTIC: (rateGroup2) RateGroupStarted : Rate group started.
EVENT: (1024) (2:1753817493,295099) DIAGNOSTIC: (rateGroup3) RateGroupStarted : Rate group started.
[WARNING] ReceiveTask high task priority of 100 clamped to 99
[WARNING] Failed to listen on port 50000 with status -9
[WARNING] Failed to listen on port 50000 with status -9
[WARNING] Failed to listen on port 50000 with status -9
[WARNING] Failed to listen on port 50000 with status -9
[WARNING] Failed to listen on port 50000 with status -9
[WARNING] Failed to listen on port 50000 with status -9
[WARNING] Failed to listen on port 50000 with status -9
[WARNING] Failed to listen on port 50000 with status -9
[WARNING] Failed to listen on port 50000 with status -9
[WARNING] Failed to listen on port 50000 with status -9
[WARNING] Failed to listen on port 50000 with status -9
[WARNING] Failed to listen on port 50000 with status -9
[WARNING] Failed to listen on port 50000 with status -9
[WARNING] Failed to listen on port 50000 with status -9
[WARNING] Failed to listen on port 50000 with status -9
[WARNING] Failed to listen on port 50000 with status -9
[WARNING] Failed to listen on port 50000 with status -9
[WARNING] Failed to listen on port 50000 with status -9
[WARNING] Failed to listen on port 50000 with status -9
[WARNING] Failed to listen on port 50000 with status -9
[WARNING] Failed to listen on port 50000 with status -9
[WARNING] Failed to listen on port 50000 with status -9
[WARNING] Failed to listen on port 50000 with status -9
[APRS] APRS client connected from 127.0.0.1
[APRS] Received command: APRS_TLM LAT=39.024500 LON=-77.072500 BAT=4.3 TEMP=-258.6 CALL=AMSAT-11
[APRS] Latitude updated: 39.024502 degrees
[APRS] Longitude updated: -77.072502 degrees
[APRS] Battery voltage updated: 4.30 V
[APRS] Temperature updated: -258.6 C
EVENT: (20496) (2:1753817516,296573) ACTIVITY_LO: (usbSoundCard) APRS_PACKET_RECEIVED : Received APRS packet from AMSAT-11
[APRS] Packet #1 received from AMSAT-11
EVENT: (20498) (2:1753817516,296607) ACTIVITY_LO: (usbSoundCard) APRS_POSITION_UPDATE : APRS position update: LAT=39.024502, LON=-77.072502
[APRS] Position: LAT=39.024502, LON=-77.072502
EVENT: (20499) (2:1753817516,296612) ACTIVITY_LO: (usbSoundCard) APRS_TELEMETRY_UPDATE : APRS telemetry: BAT=4.3V, TEMP=-258.6C
[APRS] Telemetry: BAT=4.3V, TEMP=-258.6C
[APRS] Telemetry processed: LAT=39.024502, LON=-77.072502, BAT=4.3, TEMP=-258.6 from AMSAT-11
[WARNING] Failed to listen on port 50000 with status -9
[WARNING] Failed to listen on port 50000 with status -9
[WARNING] Failed to listen on port 50000 with status -9
[WARNING] Failed to listen on port 50000 with status -9
[WARNING] Failed to listen on port 50000 with status -9
[WARNING] Failed to listen on port 50000 with status -9
[WARNING] Failed to listen on port 50000 with status -9
[WARNING] Failed to listen on port 50000 with status -9
[WARNING] Failed to listen on port 50000 with status -9
[WARNING] Failed to listen on port 50000 with status -9
[WARNING] Failed to listen on port 50000 with status -9
[WARNING] Failed to listen on port 50000 with status -9
[WARNING] Failed to listen on port 50000 with status -9
[WARNING] Failed to listen on port 50000 with status -9
[WARNING] Failed to listen on port 50000 with status -9
[WARNING] Failed to listen on port 50000 with status -9
[WARNING] Failed to listen on port 50000 with status -9
[WARNING] Failed to listen on port 50000 with status -9
[WARNING] Failed to listen on port 50000 with status -9
[WARNING] Failed to listen on port 50000 with status -9
[WARNING] Failed to listen on port 50000 with status -9
[WARNING] Failed to listen on port 50000 with status -9
[WARNING] Failed to listen on port 50000 with status -9
[WARNING] Failed to listen on port 50000 with status -9
[WARNING] Failed to listen on port 50000 with status -9
[WARNING] Failed to listen on port 50000 with status -9
[WARNING] Failed to listen on port 50000 with status -9
[WARNING] Failed to listen on port 50000 with status -9
[WARNING] Failed to listen on port 50000 with status -9
[WARNING] Failed to listen on port 50000 with status -9
[WARNING] Failed to listen on port 50000 with status -9
[WARNING] Failed to listen on port 50000 with status -9
[WARNING] Failed to listen on port 50000 with status -9
[WARNING] Failed to listen on port 50000 with status -9
[WARNING] Failed to listen on port 50000 with status -9
[APRS] APRS client connected from 127.0.0.1
[APRS] Received command: APRS_TLM LAT=39.024500 LON=-77.072500 BAT=4.3 TEMP=-271.2 CALL=AMSAT-11
[APRS] Latitude updated: 39.024502 degrees
[APRS] Longitude updated: -77.072502 degrees
[APRS] Battery voltage updated: 4.30 V
[APRS] Temperature updated: -271.2 C
EVENT: (20496) (2:1753817551,296708) ACTIVITY_LO: (usbSoundCard) APRS_PACKET_RECEIVED : Received APRS packet from AMSAT-11
[APRS] Packet #2 received from AMSAT-11
EVENT: (20498) (2:1753817551,296746) ACTIVITY_LO: (usbSoundCard) APRS_POSITION_UPDATE : APRS position update: LAT=39.024502, LON=-77.072502
[APRS] Position: LAT=39.024502, LON=-77.072502
EVENT: (20499) (2:1753817551,296751) ACTIVITY_LO: (usbSoundCard) APRS_TELEMETRY_UPDATE : APRS telemetry: BAT=4.3V, TEMP=-271.2C
[APRS] Telemetry: BAT=4.3V, TEMP=-271.2C
[APRS] Telemetry processed: LAT=39.024502, LON=-77.072502, BAT=4.3, TEMP=-271.2 from AMSAT-11
[WARNING] Failed to listen on port 50000 with status -9
[WARNING] Failed to listen on port 50000 with status -9
[WARNING] Failed to listen on port 50000 with status -9
[WARNING] Failed to listen on port 50000 with status -9
[WARNING] Failed to listen on port 50000 with status -9
[WARNING] Failed to listen on port 50000 with status -9
[WARNING] Failed to listen on port 50000 with status -9
[WARNING] Failed to listen on port 50000 with status -9
[WARNING] Failed to listen on port 50000 with status -9
[WARNING] Failed to listen on port 50000 with status -9
[WARNING] Failed to listen on port 50000 with status -9
[WARNING] Failed to listen on port 50000 with status -9
[WARNING] Failed to listen on port 50000 with status -9
[WARNING] Failed to listen on port 50000 with status -9
[WARNING] Failed to listen on port 50000 with status -9
[WARNING] Failed to listen on port 50000 with status -9
[WARNING] Failed to listen on port 50000 with status -9
[WARNING] Failed to listen on port 50000 with status -9
[WARNING] Failed to listen on port 50000 with status -9
[WARNING] Failed to listen on port 50000 with status -9
[WARNING] Failed to listen on port 50000 with status -9
[WARNING] Failed to listen on port 50000 with status -9
[WARNING] Failed to listen on port 50000 with status -9
[WARNING] Failed to listen on port 50000 with status -9
[WARNING] Failed to listen on port 50000 with status -9
[WARNING] Failed to listen on port 50000 with status -9
[WARNING] Failed to listen on port 50000 with status -9
[WARNING] Failed to listen on port 50000 with status -9
[WARNING] Failed to listen on port 50000 with status -9
[WARNING] Failed to listen on port 50000 with status -9
[WARNING] Failed to listen on port 50000 with status -9
[WARNING] Failed to listen on port 50000 with status -9
[WARNING] Failed to listen on port 50000 with status -9
[WARNING] Failed to listen on port 50000 with status -9
[WARNING] Failed to listen on port 50000 with status -9
[APRS] APRS client connected from 127.0.0.1
[APRS] Received command: APRS_TLM LAT=39.024833 LON=-77.072333 BAT=4.3 TEMP=-271.5 CALL=AMSAT-11
[APRS] Latitude updated: 39.024834 degrees
[APRS] Longitude updated: -77.072334 degrees
[APRS] Battery voltage updated: 4.30 V
[APRS] Temperature updated: -271.5 C
EVENT: (20496) (2:1753817586,296948) ACTIVITY_LO: (usbSoundCard) APRS_PACKET_RECEIVED : Received APRS packet from AMSAT-11
[APRS] Packet #3 received from AMSAT-11
EVENT: (20498) (2:1753817586,296984) ACTIVITY_LO: (usbSoundCard) APRS_POSITION_UPDATE : APRS position update: LAT=39.024834, LON=-77.072334
[APRS] Position: LAT=39.024834, LON=-77.072334
EVENT: (20499) (2:1753817586,296989) ACTIVITY_LO: (usbSoundCard) APRS_TELEMETRY_UPDATE : APRS telemetry: BAT=4.3V, TEMP=-271.5C
[APRS] Telemetry: BAT=4.3V, TEMP=-271.5C
[APRS] Telemetry processed: LAT=39.024834, LON=-77.072334, BAT=4.3, TEMP=-271.5 from AMSAT-11
[WARNING] Failed to listen on port 50000 with status -9
[WARNING] Failed to listen on port 50000 with status -9
[WARNING] Failed to listen on port 50000 with status -9
[WARNING] Failed to listen on port 50000 with status -9
[WARNING] Failed to listen on port 50000 with status -9
[WARNING] Failed to listen on port 50000 with status -9
[WARNING] Failed to listen on port 50000 with status -9
[WARNING] Failed to listen on port 50000 with status -9
[WARNING] Failed to listen on port 50000 with status -9
[WARNING] Failed to listen on port 50000 with status -9
[WARNING] Failed to listen on port 50000 with status -9
[WARNING] Failed to listen on port 50000 with status -9
[WARNING] Failed to listen on port 50000 with status -9
[WARNING] Failed to listen on port 50000 with status -9
[WARNING] Failed to listen on port 50000 with status -9
[WARNING] Failed to listen on port 50000 with status -9
[WARNING] Failed to listen on port 50000 with status -9
[WARNING] Failed to listen on port 50000 with status -9
[WARNING] Failed to listen on port 50000 with status -9
[WARNING] Failed to listen on port 50000 with status -9
[WARNING] Failed to listen on port 50000 with status -9
[WARNING] Failed to listen on port 50000 with status -9
[WARNING] Failed to listen on port 50000 with status -9
[WARNING] Failed to listen on port 50000 with status -9
[WARNING] Failed to listen on port 50000 with status -9
[WARNING] Failed to listen on port 50000 with status -9
[WARNING] Failed to listen on port 50000 with status -9
[WARNING] Failed to listen on port 50000 with status -9
[WARNING] Failed to listen on port 50000 with status -9
[WARNING] Failed to listen on port 50000 with status -9
[WARNING] Failed to listen on port 50000 with status -9
[WARNING] Failed to listen on port 50000 with status -9
[WARNING] Failed to listen on port 50000 with status -9
[WARNING] Failed to listen on port 50000 with status -9
[APRS] APRS client connected from 127.0.0.1
[APRS] Received command: APRS_TLM LAT=39.024833 LON=-77.072333 BAT=4.3 TEMP=-257.2 CALL=AMSAT-11
[APRS] Latitude updated: 39.024834 degrees
[APRS] Longitude updated: -77.072334 degrees
[APRS] Battery voltage updated: 4.30 V
[APRS] Temperature updated: -257.2 C
EVENT: (20496) (2:1753817620,296918) ACTIVITY_LO: (usbSoundCard) APRS_PACKET_RECEIVED : Received APRS packet from AMSAT-11
[APRS] Packet #4 received from AMSAT-11
EVENT: (20498) (2:1753817620,296955) ACTIVITY_LO: (usbSoundCard) APRS_POSITION_UPDATE : APRS position update: LAT=39.024834, LON=-77.072334
[APRS] Position: LAT=39.024834, LON=-77.072334
EVENT: (20499) (2:1753817620,296960) ACTIVITY_LO: (usbSoundCard) APRS_TELEMETRY_UPDATE : APRS telemetry: BAT=4.3V, TEMP=-257.2C
[APRS] Telemetry: BAT=4.3V, TEMP=-257.2C
[APRS] Telemetry processed: LAT=39.024834, LON=-77.072334, BAT=4.3, TEMP=-257.2 from AMSAT-11
[WARNING] Failed to listen on port 50000 with status -9
[WARNING] Failed to listen on port 50000 with status -9
[WARNING] Failed to listen on port 50000 with status -9
[WARNING] Failed to listen on port 50000 with status -9
[WARNING] Failed to listen on port 50000 with status -9
[WARNING] Failed to listen on port 50000 with status -9
[WARNING] Failed to listen on port 50000 with status -9
[WARNING] Failed to listen on port 50000 with status -9
[WARNING] Failed to listen on port 50000 with status -9
[WARNING] Failed to listen on port 50000 with status -9
[WARNING] Failed to listen on port 50000 with status -9
[WARNING] Failed to listen on port 50000 with status -9
[WARNING] Failed to listen on port 50000 with status -9
[WARNING] Failed to listen on port 50000 with status -9
[WARNING] Failed to listen on port 50000 with status -9
[WARNING] Failed to listen on port 50000 with status -9
[WARNING] Failed to listen on port 50000 with status -9
[WARNING] Failed to listen on port 50000 with status -9
[WARNING] Failed to listen on port 50000 with status -9
[WARNING] Failed to listen on port 50000 with status -9
[WARNING] Failed to listen on port 50000 with status -9
[WARNING] Failed to listen on port 50000 with status -9
[WARNING] Failed to listen on port 50000 with status -9
[WARNING] Failed to listen on port 50000 with status -9
[WARNING] Failed to listen on port 50000 with status -9
[WARNING] Failed to listen on port 50000 with status -9
[WARNING] Failed to listen on port 50000 with status -9
[WARNING] Failed to listen on port 50000 with status -9
[WARNING] Failed to listen on port 50000 with status -9
[WARNING] Failed to listen on port 50000 with status -9
[WARNING] Failed to listen on port 50000 with status -9
[WARNING] Failed to listen on port 50000 with status -9
[WARNING] Failed to listen on port 50000 with status -9
[WARNING] Failed to listen on port 50000 with status -9
[WARNING] Failed to listen on port 50000 with status -9
[WARNING] Failed to listen on port 50000 with status -9
[WARNING] Failed to listen on port 50000 with status -9
[APRS] APRS client connected from 127.0.0.1
[APRS] Received command: APRS_TLM LAT=39.025000 LON=-77.072167 BAT=4.3 TEMP=-252.7 CALL=AMSAT-11
[APRS] Latitude updated: 39.025002 degrees
[APRS] Longitude updated: -77.072166 degrees
[APRS] Battery voltage updated: 4.30 V
[APRS] Temperature updated: -252.7 C
EVENT: (20496) (2:1753817657,296760) ACTIVITY_LO: (usbSoundCard) APRS_PACKET_RECEIVED : Received APRS packet from AMSAT-11
[APRS] Packet #5 received from AMSAT-11
EVENT: (20498) (2:1753817657,296801) ACTIVITY_LO: (usbSoundCard) APRS_POSITION_UPDATE : APRS position update: LAT=39.025002, LON=-77.072166
[APRS] Position: LAT=39.025002, LON=-77.072166
EVENT: (20499) (2:1753817657,296806) ACTIVITY_LO: (usbSoundCard) APRS_TELEMETRY_UPDATE : APRS telemetry: BAT=4.3V, TEMP=-252.7C
[APRS] Telemetry: BAT=4.3V, TEMP=-252.7C
[APRS] Telemetry processed: LAT=39.025002, LON=-77.072166, BAT=4.3, TEMP=-252.7 from AMSAT-11
[WARNING] Failed to listen on port 50000 with status -9
[WARNING] Failed to listen on port 50000 with status -9
[WARNING] Failed to listen on port 50000 with status -9
[WARNING] Failed to listen on port 50000 with status -9
[WARNING] Failed to listen on port 50000 with status -9
[WARNING] Failed to listen on port 50000 with status -9
[WARNING] Failed to listen on port 50000 with status -9
[WARNING] Failed to listen on port 50000 with status -9
[WARNING] Failed to listen on port 50000 with status -9
[WARNING] Failed to listen on port 50000 with status -9
[WARNING] Failed to listen on port 50000 with status -9
[WARNING] Failed to listen on port 50000 with status -9
[WARNING] Failed to listen on port 50000 with status -9
[WARNING] Failed to listen on port 50000 with status -9
[WARNING] Failed to listen on port 50000 with status -9
[WARNING] Failed to listen on port 50000 with status -9
[WARNING] Failed to listen on port 50000 with status -9
[WARNING] Failed to listen on port 50000 with status -9
[WARNING] Failed to listen on port 50000 with status -9
[WARNING] Failed to listen on port 50000 with status -9
[WARNING] Failed to listen on port 50000 with status -9
[WARNING] Failed to listen on port 50000 with status -9
[WARNING] Failed to listen on port 50000 with status -9
[WARNING] Failed to listen on port 50000 with status -9
[WARNING] Failed to listen on port 50000 with status -9
[WARNING] Failed to listen on port 50000 with status -9
[WARNING] Failed to listen on port 50000 with status -9
[WARNING] Failed to listen on port 50000 with status -9
[WARNING] Failed to listen on port 50000 with status -9
[WARNING] Failed to listen on port 50000 with status -9
[WARNING] Failed to listen on port 50000 with status -9
[WARNING] Failed to listen on port 50000 with status -9
[WARNING] Failed to listen on port 50000 with status -9
[WARNING] Failed to listen on port 50000 with status -9
[WARNING] Failed to listen on port 50000 with status -9
[APRS] APRS client connected from 127.0.0.1
[APRS] Received command: APRS_TLM LAT=39.025000 LON=-77.072167 BAT=4.3 TEMP=-265.2 CALL=AMSAT-11
[APRS] Latitude updated: 39.025002 degrees
[APRS] Longitude updated: -77.072166 degrees
[APRS] Battery voltage updated: 4.30 V
[APRS] Temperature updated: -265.2 C
EVENT: (20496) (2:1753817692,297873) ACTIVITY_LO: (usbSoundCard) APRS_PACKET_RECEIVED : Received APRS packet from AMSAT-11
[APRS] Packet #6 received from AMSAT-11
EVENT: (20498) (2:1753817692,297920) ACTIVITY_LO: (usbSoundCard) APRS_POSITION_UPDATE : APRS position update: LAT=39.025002, LON=-77.072166
[APRS] Position: LAT=39.025002, LON=-77.072166
EVENT: (20499) (2:1753817692,297926) ACTIVITY_LO: (usbSoundCard) APRS_TELEMETRY_UPDATE : APRS telemetry: BAT=4.3V, TEMP=-265.2C
[APRS] Telemetry: BAT=4.3V, TEMP=-265.2C
[APRS] Telemetry processed: LAT=39.025002, LON=-77.072166, BAT=4.3, TEMP=-265.2 from AMSAT-11
[WARNING] Failed to listen on port 50000 with status -9
[WARNING] Failed to listen on port 50000 with status -9
[WARNING] Failed to listen on port 50000 with status -9
[WARNING] Failed to listen on port 50000 with status -9
[WARNING] Failed to listen on port 50000 with status -9
[WARNING] Failed to listen on port 50000 with status -9
[WARNING] Failed to listen on port 50000 with status -9
[WARNING] Failed to listen on port 50000 with status -9
[WARNING] Failed to listen on port 50000 with status -9
[WARNING] Failed to listen on port 50000 with status -9
[WARNING] Failed to listen on port 50000 with status -9
[WARNING] Failed to listen on port 50000 with status -9
[WARNING] Failed to listen on port 50000 with status -9
[WARNING] Failed to listen on port 50000 with status -9
[WARNING] Failed to listen on port 50000 with status -9
[WARNING] Failed to listen on port 50000 with status -9
[WARNING] Failed to listen on port 50000 with status -9
[WARNING] Failed to listen on port 50000 with status -9
[WARNING] Failed to listen on port 50000 with status -9
[WARNING] Failed to listen on port 50000 with status -9
[WARNING] Failed to listen on port 50000 with status -9
[WARNING] Failed to listen on port 50000 with status -9
[WARNING] Failed to listen on port 50000 with status -9
[WARNING] Failed to listen on port 50000 with status -9
[WARNING] Failed to listen on port 50000 with status -9
[WARNING] Failed to listen on port 50000 with status -9
[WARNING] Failed to listen on port 50000 with status -9
[WARNING] Failed to listen on port 50000 with status -9
[WARNING] Failed to listen on port 50000 with status -9
[WARNING] Failed to listen on port 50000 with status -9
[WARNING] Failed to listen on port 50000 with status -9
[WARNING] Failed to listen on port 50000 with status -9
[WARNING] Failed to listen on port 50000 with status -9
[WARNING] Failed to listen on port 50000 with status -9
[APRS] APRS client connected from 127.0.0.1
[APRS] Received command: APRS_TLM LAT=39.025000 LON=-77.072333 BAT=4.3 TEMP=-266.2 CALL=AMSAT-11
[APRS] Latitude updated: 39.025002 degrees
[APRS] Longitude updated: -77.072334 degrees
[APRS] Battery voltage updated: 4.30 V
[APRS] Temperature updated: -266.2 C
EVENT: (20496) (2:1753817726,296809) ACTIVITY_LO: (usbSoundCard) APRS_PACKET_RECEIVED : Received APRS packet from AMSAT-11
[APRS] Packet #7 received from AMSAT-11
EVENT: (20498) (2:1753817726,296845) ACTIVITY_LO: (usbSoundCard) APRS_POSITION_UPDATE : APRS position update: LAT=39.025002, LON=-77.072334
[APRS] Position: LAT=39.025002, LON=-77.072334
EVENT: (20499) (2:1753817726,296874) ACTIVITY_LO: (usbSoundCard) APRS_TELEMETRY_UPDATE : APRS telemetry: BAT=4.3V, TEMP=-266.2C
[APRS] Telemetry: BAT=4.3V, TEMP=-266.2C
[APRS] Telemetry processed: LAT=39.025002, LON=-77.072334, BAT=4.3, TEMP=-266.2 from AMSAT-11
[WARNING] Failed to listen on port 50000 with status -9
[WARNING] Failed to listen on port 50000 with status -9
[WARNING] Failed to listen on port 50000 with status -9
[WARNING] Failed to listen on port 50000 with status -9
[WARNING] Failed to listen on port 50000 with status -9
[WARNING] Failed to listen on port 50000 with status -9
[WARNING] Failed to listen on port 50000 with status -9
[WARNING] Failed to listen on port 50000 with status -9
[WARNING] Failed to listen on port 50000 with status -9
[WARNING] Failed to listen on port 50000 with status -9
[WARNING] Failed to listen on port 50000 with status -9
[WARNING] Failed to listen on port 50000 with status -9
[WARNING] Failed to listen on port 50000 with status -9
[WARNING] Failed to listen on port 50000 with status -9
[WARNING] Failed to listen on port 50000 with status -9
[WARNING] Failed to listen on port 50000 with status -9
[WARNING] Failed to listen on port 50000 with status -9
[WARNING] Failed to listen on port 50000 with status -9
[WARNING] Failed to listen on port 50000 with status -9
[WARNING] Failed to listen on port 50000 with status -9
[WARNING] Failed to listen on port 50000 with status -9
[WARNING] Failed to listen on port 50000 with status -9
[WARNING] Failed to listen on port 50000 with status -9
[WARNING] Failed to listen on port 50000 with status -9
[WARNING] Failed to listen on port 50000 with status -9
[WARNING] Failed to listen on port 50000 with status -9
[WARNING] Failed to listen on port 50000 with status -9
[WARNING] Failed to listen on port 50000 with status -9
[WARNING] Failed to listen on port 50000 with status -9
[WARNING] Failed to listen on port 50000 with status -9
[WARNING] Failed to listen on port 50000 with status -9
[WARNING] Failed to listen on port 50000 with status -9
[WARNING] Failed to listen on port 50000 with status -9
[WARNING] Failed to listen on port 50000 with status -9
[WARNING] Failed to listen on port 50000 with status -9
[APRS] APRS client connected from 127.0.0.1
[APRS] Received command: APRS_TLM LAT=39.025000 LON=-77.072333 BAT=4.3 TEMP=-266.4 CALL=AMSAT-11
[APRS] Latitude updated: 39.025002 degrees
[APRS] Longitude updated: -77.072334 degrees
[APRS] Battery voltage updated: 4.30 V
[APRS] Temperature updated: -266.4 C
EVENT: (20496) (2:1753817761,297636) ACTIVITY_LO: (usbSoundCard) APRS_PACKET_RECEIVED : Received APRS packet from AMSAT-11
[APRS] Packet #8 received from AMSAT-11
EVENT: (20498) (2:1753817761,297681) ACTIVITY_LO: (usbSoundCard) APRS_POSITION_UPDATE : APRS position update: LAT=39.025002, LON=-77.072334
[APRS] Position: LAT=39.025002, LON=-77.072334
EVENT: (20499) (2:1753817761,297688) ACTIVITY_LO: (usbSoundCard) APRS_TELEMETRY_UPDATE : APRS telemetry: BAT=4.3V, TEMP=-266.4C
[APRS] Telemetry: BAT=4.3V, TEMP=-266.4C
[APRS] Telemetry processed: LAT=39.025002, LON=-77.072334, BAT=4.3, TEMP=-266.4 from AMSAT-11
[WARNING] Failed to listen on port 50000 with status -9
[WARNING] Failed to listen on port 50000 with status -9
[WARNING] Failed to listen on port 50000 with status -9
[WARNING] Failed to listen on port 50000 with status -9
[WARNING] Failed to listen on port 50000 with status -9
[WARNING] Failed to listen on port 50000 with status -9
[WARNING] Failed to listen on port 50000 with status -9
[WARNING] Failed to listen on port 50000 with status -9
[WARNING] Failed to listen on port 50000 with status -9
[WARNING] Failed to listen on port 50000 with status -9
[WARNING] Failed to listen on port 50000 with status -9
[WARNING] Failed to listen on port 50000 with status -9
[WARNING] Failed to listen on port 50000 with status -9
[WARNING] Failed to listen on port 50000 with status -9
[WARNING] Failed to listen on port 50000 with status -9
[WARNING] Failed to listen on port 50000 with status -9
[WARNING] Failed to listen on port 50000 with status -9
[WARNING] Failed to listen on port 50000 with status -9
[WARNING] Failed to listen on port 50000 with status -9
[WARNING] Failed to listen on port 50000 with status -9
[WARNING] Failed to listen on port 50000 with status -9
[WARNING] Failed to listen on port 50000 with status -9
[WARNING] Failed to listen on port 50000 with status -9
[WARNING] Failed to listen on port 50000 with status -9
[WARNING] Failed to listen on port 50000 with status -9
[WARNING] Failed to listen on port 50000 with status -9
[WARNING] Failed to listen on port 50000 with status -9
[WARNING] Failed to listen on port 50000 with status -9
[WARNING] Failed to listen on port 50000 with status -9
[WARNING] Failed to listen on port 50000 with status -9
[WARNING] Failed to listen on port 50000 with status -9
[WARNING] Failed to listen on port 50000 with status -9
[APRS] APRS client connected from 127.0.0.1
[APRS] Received command: APRS_TLM LAT=39.024667 LON=-77.072333 BAT=4.3 TEMP=-263.7 CALL=AMSAT-11
[APRS] Latitude updated: 39.024666 degrees
[APRS] Longitude updated: -77.072334 degrees
[APRS] Battery voltage updated: 4.30 V
[APRS] Temperature updated: -263.7 C
EVENT: (20496) (2:1753817793,296779) ACTIVITY_LO: (usbSoundCard) APRS_PACKET_RECEIVED : Received APRS packet from AMSAT-11
[APRS] Packet #9 received from AMSAT-11
EVENT: (20498) (2:1753817793,296807) ACTIVITY_LO: (usbSoundCard) APRS_POSITION_UPDATE : APRS position update: LAT=39.024666, LON=-77.072334
[APRS] Position: LAT=39.024666, LON=-77.072334
EVENT: (20499) (2:1753817793,296812) ACTIVITY_LO: (usbSoundCard) APRS_TELEMETRY_UPDATE : APRS telemetry: BAT=4.3V, TEMP=-263.7C
[APRS] Telemetry: BAT=4.3V, TEMP=-263.7C
[APRS] Telemetry processed: LAT=39.024666, LON=-77.072334, BAT=4.3, TEMP=-263.7 from AMSAT-11
[WARNING] Failed to listen on port 50000 with status -9
[WARNING] Failed to listen on port 50000 with status -9
[WARNING] Failed to listen on port 50000 with status -9
[WARNING] Failed to listen on port 50000 with status -9
[WARNING] Failed to listen on port 50000 with status -9
[WARNING] Failed to listen on port 50000 with status -9
[WARNING] Failed to listen on port 50000 with status -9
[WARNING] Failed to listen on port 50000 with status -9
[WARNING] Failed to listen on port 50000 with status -9
[WARNING] Failed to listen on port 50000 with status -9
[WARNING] Failed to listen on port 50000 with status -9
[WARNING] Failed to listen on port 50000 with status -9
[WARNING] Failed to listen on port 50000 with status -9
[WARNING] Failed to listen on port 50000 with status -9
[WARNING] Failed to listen on port 50000 with status -9
[WARNING] Failed to listen on port 50000 with status -9
[WARNING] Failed to listen on port 50000 with status -9
[WARNING] Failed to listen on port 50000 with status -9
[WARNING] Failed to listen on port 50000 with status -9
[WARNING] Failed to listen on port 50000 with status -9
[WARNING] Failed to listen on port 50000 with status -9
[WARNING] Failed to listen on port 50000 with status -9
[WARNING] Failed to listen on port 50000 with status -9
[WARNING] Failed to listen on port 50000 with status -9
[WARNING] Failed to listen on port 50000 with status -9
[WARNING] Failed to listen on port 50000 with status -9
[WARNING] Failed to listen on port 50000 with status -9
[WARNING] Failed to listen on port 50000 with status -9
[WARNING] Failed to listen on port 50000 with status -9
[WARNING] Failed to listen on port 50000 with status -9
[WARNING] Failed to listen on port 50000 with status -9
[WARNING] Failed to listen on port 50000 with status -9
[APRS] APRS client connected from 127.0.0.1
[APRS] Received command: APRS_TLM LAT=39.024667 LON=-77.072333 BAT=4.3 TEMP=-248.1 CALL=AMSAT-11
[APRS] Latitude updated: 39.024666 degrees
[APRS] Longitude updated: -77.072334 degrees
[APRS] Battery voltage updated: 4.30 V
[APRS] Temperature updated: -248.1 C
EVENT: (20496) (2:1753817825,296664) ACTIVITY_LO: (usbSoundCard) APRS_PACKET_RECEIVED : Received APRS packet from AMSAT-11
[APRS] Packet #10 received from AMSAT-11
EVENT: (20498) (2:1753817825,296708) ACTIVITY_LO: (usbSoundCard) APRS_POSITION_UPDATE : APRS position update: LAT=39.024666, LON=-77.072334
[APRS] Position: LAT=39.024666, LON=-77.072334
EVENT: (20499) (2:1753817825,296713) ACTIVITY_LO: (usbSoundCard) APRS_TELEMETRY_UPDATE : APRS telemetry: BAT=4.3V, TEMP=-248.1C
[APRS] Telemetry: BAT=4.3V, TEMP=-248.1C
[APRS] Telemetry processed: LAT=39.024666, LON=-77.072334, BAT=4.3, TEMP=-248.1 from AMSAT-11
[WARNING] Failed to listen on port 50000 with status -9
[WARNING] Failed to listen on port 50000 with status -9
[WARNING] Failed to listen on port 50000 with status -9
[WARNING] Failed to listen on port 50000 with status -9
[WARNING] Failed to listen on port 50000 with status -9
[WARNING] Failed to listen on port 50000 with status -9
[WARNING] Failed to listen on port 50000 with status -9
[WARNING] Failed to listen on port 50000 with status -9
[WARNING] Failed to listen on port 50000 with status -9
[WARNING] Failed to listen on port 50000 with status -9
[WARNING] Failed to listen on port 50000 with status -9
[WARNING] Failed to listen on port 50000 with status -9
[WARNING] Failed to listen on port 50000 with status -9
[WARNING] Failed to listen on port 50000 with status -9
[WARNING] Failed to listen on port 50000 with status -9
[WARNING] Failed to listen on port 50000 with status -9
[WARNING] Failed to listen on port 50000 with status -9
[WARNING] Failed to listen on port 50000 with status -9
[WARNING] Failed to listen on port 50000 with status -9
[WARNING] Failed to listen on port 50000 with status -9
[WARNING] Failed to listen on port 50000 with status -9
[WARNING] Failed to listen on port 50000 with status -9
[WARNING] Failed to listen on port 50000 with status -9
[WARNING] Failed to listen on port 50000 with status -9
[WARNING] Failed to listen on port 50000 with status -9
[WARNING] Failed to listen on port 50000 with status -9
[WARNING] Failed to listen on port 50000 with status -9
[WARNING] Failed to listen on port 50000 with status -9
[WARNING] Failed to listen on port 50000 with status -9
[WARNING] Failed to listen on port 50000 with status -9
[WARNING] Failed to listen on port 50000 with status -9
[WARNING] Failed to listen on port 50000 with status -9
[WARNING] Failed to listen on port 50000 with status -9
[WARNING] Failed to listen on port 50000 with status -9
[APRS] APRS client connected from 127.0.0.1
[APRS] Received command: APRS_TLM LAT=39.024833 LON=-77.072000 BAT=4.3 TEMP=-252.9 CALL=AMSAT-11
[APRS] Latitude updated: 39.024834 degrees
[APRS] Longitude updated: -77.071999 degrees
[APRS] Battery voltage updated: 4.30 V
[APRS] Temperature updated: -252.9 C
EVENT: (20496) (2:1753817859,296794) ACTIVITY_LO: (usbSoundCard) APRS_PACKET_RECEIVED : Received APRS packet from AMSAT-11
[APRS] Packet #11 received from AMSAT-11
EVENT: (20498) (2:1753817859,296823) ACTIVITY_LO: (usbSoundCard) APRS_POSITION_UPDATE : APRS position update: LAT=39.024834, LON=-77.071999
[APRS] Position: LAT=39.024834, LON=-77.071999
EVENT: (20499) (2:1753817859,296827) ACTIVITY_LO: (usbSoundCard) APRS_TELEMETRY_UPDATE : APRS telemetry: BAT=4.3V, TEMP=-252.9C
[APRS] Telemetry: BAT=4.3V, TEMP=-252.9C
[APRS] Telemetry processed: LAT=39.024834, LON=-77.071999, BAT=4.3, TEMP=-252.9 from AMSAT-11
[WARNING] Failed to listen on port 50000 with status -9
[WARNING] Failed to listen on port 50000 with status -9
[WARNING] Failed to listen on port 50000 with status -9
[WARNING] Failed to listen on port 50000 with status -9
[WARNING] Failed to listen on port 50000 with status -9
[WARNING] Failed to listen on port 50000 with status -9
[WARNING] Failed to listen on port 50000 with status -9
[WARNING] Failed to listen on port 50000 with status -9
[WARNING] Failed to listen on port 50000 with status -9
[WARNING] Failed to listen on port 50000 with status -9
[WARNING] Failed to listen on port 50000 with status -9
[WARNING] Failed to listen on port 50000 with status -9
[WARNING] Failed to listen on port 50000 with status -9
[WARNING] Failed to listen on port 50000 with status -9
[WARNING] Failed to listen on port 50000 with status -9
[WARNING] Failed to listen on port 50000 with status -9
[WARNING] Failed to listen on port 50000 with status -9
[WARNING] Failed to listen on port 50000 with status -9
[WARNING] Failed to listen on port 50000 with status -9
[WARNING] Failed to listen on port 50000 with status -9
[WARNING] Failed to listen on port 50000 with status -9
[WARNING] Failed to listen on port 50000 with status -9
[WARNING] Failed to listen on port 50000 with status -9
[WARNING] Failed to listen on port 50000 with status -9
[WARNING] Failed to listen on port 50000 with status -9
[WARNING] Failed to listen on port 50000 with status -9
[WARNING] Failed to listen on port 50000 with status -9
[WARNING] Failed to listen on port 50000 with status -9
[WARNING] Failed to listen on port 50000 with status -9
[WARNING] Failed to listen on port 50000 with status -9
[WARNING] Failed to listen on port 50000 with status -9
[WARNING] Failed to listen on port 50000 with status -9
[WARNING] Failed to listen on port 50000 with status -9
[WARNING] Failed to listen on port 50000 with status -9
[WARNING] Failed to listen on port 50000 with status -9
[WARNING] Failed to listen on port 50000 with status -9
[APRS] APRS client connected from 127.0.0.1
[APRS] Received command: APRS_TLM LAT=39.024833 LON=-77.072000 BAT=4.3 TEMP=-247.5 CALL=AMSAT-11
[APRS] Latitude updated: 39.024834 degrees
[APRS] Longitude updated: -77.071999 degrees
[APRS] Battery voltage updated: 4.30 V
[APRS] Temperature updated: -247.5 C
EVENT: (20496) (2:1753817895,296902) ACTIVITY_LO: (usbSoundCard) APRS_PACKET_RECEIVED : Received APRS packet from AMSAT-11
[APRS] Packet #12 received from AMSAT-11
EVENT: (20498) (2:1753817895,296935) ACTIVITY_LO: (usbSoundCard) APRS_POSITION_UPDATE : APRS position update: LAT=39.024834, LON=-77.071999
[APRS] Position: LAT=39.024834, LON=-77.071999
EVENT: (20499) (2:1753817895,296940) ACTIVITY_LO: (usbSoundCard) APRS_TELEMETRY_UPDATE : APRS telemetry: BAT=4.3V, TEMP=-247.5C
[APRS] Telemetry: BAT=4.3V, TEMP=-247.5C
[APRS] Telemetry processed: LAT=39.024834, LON=-77.071999, BAT=4.3, TEMP=-247.5 from AMSAT-11
[WARNING] Failed to listen on port 50000 with status -9
[WARNING] Failed to listen on port 50000 with status -9
[WARNING] Failed to listen on port 50000 with status -9
[WARNING] Failed to listen on port 50000 with status -9
[WARNING] Failed to listen on port 50000 with status -9
[WARNING] Failed to listen on port 50000 with status -9
[WARNING] Failed to listen on port 50000 with status -9
[WARNING] Failed to listen on port 50000 with status -9
[WARNING] Failed to listen on port 50000 with status -9
[WARNING] Failed to listen on port 50000 with status -9
[WARNING] Failed to listen on port 50000 with status -9
[WARNING] Failed to listen on port 50000 with status -9
[WARNING] Failed to listen on port 50000 with status -9
[WARNING] Failed to listen on port 50000 with status -9
[WARNING] Failed to listen on port 50000 with status -9
[WARNING] Failed to listen on port 50000 with status -9
[WARNING] Failed to listen on port 50000 with status -9
[WARNING] Failed to listen on port 50000 with status -9
[WARNING] Failed to listen on port 50000 with status -9
[WARNING] Failed to listen on port 50000 with status -9
[WARNING] Failed to listen on port 50000 with status -9
[WARNING] Failed to listen on port 50000 with status -9
[WARNING] Failed to listen on port 50000 with status -9
[WARNING] Failed to listen on port 50000 with status -9
[WARNING] Failed to listen on port 50000 with status -9
[WARNING] Failed to listen on port 50000 with status -9
[WARNING] Failed to listen on port 50000 with status -9
[WARNING] Failed to listen on port 50000 with status -9
[WARNING] Failed to listen on port 50000 with status -9
[WARNING] Failed to listen on port 50000 with status -9
[WARNING] Failed to listen on port 50000 with status -9
[WARNING] Failed to listen on port 50000 with status -9
[WARNING] Failed to listen on port 50000 with status -9
[WARNING] Failed to listen on port 50000 with status -9
[WARNING] Failed to listen on port 50000 with status -9
[APRS] APRS client connected from 127.0.0.1
[APRS] Received command: APRS_TLM LAT=39.024833 LON=-77.072000 BAT=4.3 TEMP=-254.3 CALL=AMSAT-11
[APRS] Latitude updated: 39.024834 degrees
[APRS] Longitude updated: -77.071999 degrees
[APRS] Battery voltage updated: 4.30 V
[APRS] Temperature updated: -254.3 C
EVENT: (20496) (2:1753817930,296753) ACTIVITY_LO: (usbSoundCard) APRS_PACKET_RECEIVED : Received APRS packet from AMSAT-11
[APRS] Packet #13 received from AMSAT-11
EVENT: (20498) (2:1753817930,296793) ACTIVITY_LO: (usbSoundCard) APRS_POSITION_UPDATE : APRS position update: LAT=39.024834, LON=-77.071999
[APRS] Position: LAT=39.024834, LON=-77.071999
EVENT: (20499) (2:1753817930,296798) ACTIVITY_LO: (usbSoundCard) APRS_TELEMETRY_UPDATE : APRS telemetry: BAT=4.3V, TEMP=-254.3C
[APRS] Telemetry: BAT=4.3V, TEMP=-254.3C
[APRS] Telemetry processed: LAT=39.024834, LON=-77.071999, BAT=4.3, TEMP=-254.3 from AMSAT-11
[WARNING] Failed to listen on port 50000 with status -9
[WARNING] Failed to listen on port 50000 with status -9
[WARNING] Failed to listen on port 50000 with status -9
[WARNING] Failed to listen on port 50000 with status -9
[WARNING] Failed to listen on port 50000 with status -9
[WARNING] Failed to listen on port 50000 with status -9
[WARNING] Failed to listen on port 50000 with status -9
[WARNING] Failed to listen on port 50000 with status -9
[WARNING] Failed to listen on port 50000 with status -9
[WARNING] Failed to listen on port 50000 with status -9
[WARNING] Failed to listen on port 50000 with status -9
[WARNING] Failed to listen on port 50000 with status -9
[WARNING] Failed to listen on port 50000 with status -9
[WARNING] Failed to listen on port 50000 with status -9
[WARNING] Failed to listen on port 50000 with status -9
[WARNING] Failed to listen on port 50000 with status -9
[WARNING] Failed to listen on port 50000 with status -9
[WARNING] Failed to listen on port 50000 with status -9
[WARNING] Failed to listen on port 50000 with status -9
[WARNING] Failed to listen on port 50000 with status -9
[WARNING] Failed to listen on port 50000 with status -9
[WARNING] Failed to listen on port 50000 with status -9
[WARNING] Failed to listen on port 50000 with status -9
[WARNING] Failed to listen on port 50000 with status -9
[WARNING] Failed to listen on port 50000 with status -9
[WARNING] Failed to listen on port 50000 with status -9
[WARNING] Failed to listen on port 50000 with status -9
[WARNING] Failed to listen on port 50000 with status -9
[WARNING] Failed to listen on port 50000 with status -9
[WARNING] Failed to listen on port 50000 with status -9
[WARNING] Failed to listen on port 50000 with status -9
[WARNING] Failed to listen on port 50000 with status -9
[WARNING] Failed to listen on port 50000 with status -9
[WARNING] Failed to listen on port 50000 with status -9
[WARNING] Failed to listen on port 50000 with status -9
[APRS] APRS client connected from 127.0.0.1
[APRS] Received command: APRS_TLM LAT=39.024833 LON=-77.072000 BAT=4.3 TEMP=-245.7 CALL=AMSAT-11
[APRS] Latitude updated: 39.024834 degrees
[APRS] Longitude updated: -77.071999 degrees
[APRS] Battery voltage updated: 4.30 V
[APRS] Temperature updated: -245.7 C
EVENT: (20496) (2:1753817965,297321) ACTIVITY_LO: (usbSoundCard) APRS_PACKET_RECEIVED : Received APRS packet from AMSAT-11
[APRS] Packet #14 received from AMSAT-11
EVENT: (20498) (2:1753817965,297374) ACTIVITY_LO: (usbSoundCard) APRS_POSITION_UPDATE : APRS position update: LAT=39.024834, LON=-77.071999
[APRS] Position: LAT=39.024834, LON=-77.071999
EVENT: (20499) (2:1753817965,297380) ACTIVITY_LO: (usbSoundCard) APRS_TELEMETRY_UPDATE : APRS telemetry: BAT=4.3V, TEMP=-245.7C
[APRS] Telemetry: BAT=4.3V, TEMP=-245.7C
[APRS] Telemetry processed: LAT=39.024834, LON=-77.071999, BAT=4.3, TEMP=-245.7 from AMSAT-11
[WARNING] Failed to listen on port 50000 with status -9
[WARNING] Failed to listen on port 50000 with status -9
[WARNING] Failed to listen on port 50000 with status -9
[WARNING] Failed to listen on port 50000 with status -9
[WARNING] Failed to listen on port 50000 with status -9
[WARNING] Failed to listen on port 50000 with status -9
[WARNING] Failed to listen on port 50000 with status -9
[WARNING] Failed to listen on port 50000 with status -9
[WARNING] Failed to listen on port 50000 with status -9
[WARNING] Failed to listen on port 50000 with status -9
[WARNING] Failed to listen on port 50000 with status -9
[WARNING] Failed to listen on port 50000 with status -9
[WARNING] Failed to listen on port 50000 with status -9
[WARNING] Failed to listen on port 50000 with status -9
[WARNING] Failed to listen on port 50000 with status -9
EVENT: (1792) (2:1753817980,295590) WARNING_HI: (comQueue) QueueOverflow : The COM_QUEUE (0) queue at index 1 overflowed
[WARNING] Failed to listen on port 50000 with status -9
[WARNING] Failed to listen on port 50000 with status -9
[WARNING] Failed to listen on port 50000 with status -9
[WARNING] Failed to listen on port 50000 with status -9
[WARNING] Failed to listen on port 50000 with status -9
[WARNING] Failed to listen on port 50000 with status -9
[WARNING] Failed to listen on port 50000 with status -9
[WARNING] Failed to listen on port 50000 with status -9
[WARNING] Failed to listen on port 50000 with status -9
[WARNING] Failed to listen on port 50000 with status -9
[WARNING] Failed to listen on port 50000 with status -9
[WARNING] Failed to listen on port 50000 with status -9
[WARNING] Failed to listen on port 50000 with status -9
[WARNING] Failed to listen on port 50000 with status -9
[WARNING] Failed to listen on port 50000 with status -9
[WARNING] Failed to listen on port 50000 with status -9
[WARNING] Failed to listen on port 50000 with status -9
[APRS] APRS client connected from 127.0.0.1
[APRS] Received command: APRS_TLM LAT=39.024833 LON=-77.072333 BAT=4.3 TEMP=-247.5 CALL=AMSAT-11
[APRS] Latitude updated: 39.024834 degrees
[APRS] Longitude updated: -77.072334 degrees
[APRS] Battery voltage updated: 4.30 V
[APRS] Temperature updated: -247.5 C
EVENT: (20496) (2:1753817997,296531) ACTIVITY_LO: (usbSoundCard) APRS_PACKET_RECEIVED : Received APRS packet from AMSAT-11
[APRS] Packet #15 received from AMSAT-11
EVENT: (20498) (2:1753817997,296590) ACTIVITY_LO: (usbSoundCard) APRS_POSITION_UPDATE : APRS position update: LAT=39.024834, LON=-77.072334
[APRS] Position: LAT=39.024834, LON=-77.072334
EVENT: (20499) (2:1753817997,296595) ACTIVITY_LO: (usbSoundCard) APRS_TELEMETRY_UPDATE : APRS telemetry: BAT=4.3V, TEMP=-247.5C
[APRS] Telemetry: BAT=4.3V, TEMP=-247.5C
[APRS] Telemetry processed: LAT=39.024834, LON=-77.072334, BAT=4.3, TEMP=-247.5 from AMSAT-11
[WARNING] Failed to listen on port 50000 with status -9
[WARNING] Failed to listen on port 50000 with status -9
[WARNING] Failed to listen on port 50000 with status -9
[WARNING] Failed to listen on port 50000 with status -9
[WARNING] Failed to listen on port 50000 with status -9
[WARNING] Failed to listen on port 50000 with status -9
[WARNING] Failed to listen on port 50000 with status -9
[WARNING] Failed to listen on port 50000 with status -9
[WARNING] Failed to listen on port 50000 with status -9
[WARNING] Failed to listen on port 50000 with status -9
[WARNING] Failed to listen on port 50000 with status -9
[WARNING] Failed to listen on port 50000 with status -9
[WARNING] Failed to listen on port 50000 with status -9
[WARNING] Failed to listen on port 50000 with status -9
[WARNING] Failed to listen on port 50000 with status -9
[WARNING] Failed to listen on port 50000 with status -9
[WARNING] Failed to listen on port 50000 with status -9
[WARNING] Failed to listen on port 50000 with status -9
[WARNING] Failed to listen on port 50000 with status -9
[WARNING] Failed to listen on port 50000 with status -9
[WARNING] Failed to listen on port 50000 with status -9
[WARNING] Failed to listen on port 50000 with status -9
[WARNING] Failed to listen on port 50000 with status -9
[WARNING] Failed to listen on port 50000 with status -9
[WARNING] Failed to listen on port 50000 with status -9
[WARNING] Failed to listen on port 50000 with status -9
[WARNING] Failed to listen on port 50000 with status -9
[WARNING] Failed to listen on port 50000 with status -9
[WARNING] Failed to listen on port 50000 with status -9
[WARNING] Failed to listen on port 50000 with status -9
[WARNING] Failed to listen on port 50000 with status -9
[WARNING] Failed to listen on port 50000 with status -9
[WARNING] Failed to listen on port 50000 with status -9
[WARNING] Failed to listen on port 50000 with status -9
[WARNING] Failed to listen on port 50000 with status -9
[APRS] APRS client connected from 127.0.0.1
[APRS] Received command: APRS_TLM LAT=39.024833 LON=-77.072333 BAT=4.3 TEMP=-259.6 CALL=AMSAT-11
[APRS] Latitude updated: 39.024834 degrees
[APRS] Longitude updated: -77.072334 degrees
[APRS] Battery voltage updated: 4.30 V
[APRS] Temperature updated: -259.6 C
EVENT: (20496) (2:1753818032,297057) ACTIVITY_LO: (usbSoundCard) APRS_PACKET_RECEIVED : Received APRS packet from AMSAT-11
[APRS] Packet #16 received from AMSAT-11
EVENT: (20498) (2:1753818032,297109) ACTIVITY_LO: (usbSoundCard) APRS_POSITION_UPDATE : APRS position update: LAT=39.024834, LON=-77.072334
[APRS] Position: LAT=39.024834, LON=-77.072334
EVENT: (20499) (2:1753818032,297114) ACTIVITY_LO: (usbSoundCard) APRS_TELEMETRY_UPDATE : APRS telemetry: BAT=4.3V, TEMP=-259.6C
[APRS] Telemetry: BAT=4.3V, TEMP=-259.6C
[APRS] Telemetry processed: LAT=39.024834, LON=-77.072334, BAT=4.3, TEMP=-259.6 from AMSAT-11
[WARNING] Failed to listen on port 50000 with status -9
[WARNING] Failed to listen on port 50000 with status -9
[WARNING] Failed to listen on port 50000 with status -9
[WARNING] Failed to listen on port 50000 with status -9
[WARNING] Failed to listen on port 50000 with status -9
[WARNING] Failed to listen on port 50000 with status -9
[WARNING] Failed to listen on port 50000 with status -9
[WARNING] Failed to listen on port 50000 with status -9
[WARNING] Failed to listen on port 50000 with status -9
[WARNING] Failed to listen on port 50000 with status -9
[WARNING] Failed to listen on port 50000 with status -9
[WARNING] Failed to listen on port 50000 with status -9
[WARNING] Failed to listen on port 50000 with status -9
[WARNING] Failed to listen on port 50000 with status -9
[WARNING] Failed to listen on port 50000 with status -9
[WARNING] Failed to listen on port 50000 with status -9
[WARNING] Failed to listen on port 50000 with status -9
[WARNING] Failed to listen on port 50000 with status -9
[WARNING] Failed to listen on port 50000 with status -9
[WARNING] Failed to listen on port 50000 with status -9
[WARNING] Failed to listen on port 50000 with status -9
[WARNING] Failed to listen on port 50000 with status -9
[WARNING] Failed to listen on port 50000 with status -9
[WARNING] Failed to listen on port 50000 with status -9
[WARNING] Failed to listen on port 50000 with status -9
[WARNING] Failed to listen on port 50000 with status -9
[WARNING] Failed to listen on port 50000 with status -9
[WARNING] Failed to listen on port 50000 with status -9
[WARNING] Failed to listen on port 50000 with status -9
[WARNING] Failed to listen on port 50000 with status -9
[WARNING] Failed to listen on port 50000 with status -9
[WARNING] Failed to listen on port 50000 with status -9
[WARNING] Failed to listen on port 50000 with status -9
[WARNING] Failed to listen on port 50000 with status -9
[WARNING] Failed to listen on port 50000 with status -9
[APRS] APRS client connected from 127.0.0.1
[APRS] Received command: APRS_TLM LAT=39.025000 LON=-77.072667 BAT=4.3 TEMP=-261.5 CALL=AMSAT-11
[APRS] Latitude updated: 39.025002 degrees
[APRS] Longitude updated: -77.072670 degrees
[APRS] Battery voltage updated: 4.30 V
[APRS] Temperature updated: -261.5 C
EVENT: (20496) (2:1753818067,298224) ACTIVITY_LO: (usbSoundCard) APRS_PACKET_RECEIVED : Received APRS packet from AMSAT-11
[APRS] Packet #17 received from AMSAT-11
EVENT: (20498) (2:1753818067,298271) ACTIVITY_LO: (usbSoundCard) APRS_POSITION_UPDATE : APRS position update: LAT=39.025002, LON=-77.072670
[APRS] Position: LAT=39.025002, LON=-77.072670
EVENT: (20499) (2:1753818067,298279) ACTIVITY_LO: (usbSoundCard) APRS_TELEMETRY_UPDATE : APRS telemetry: BAT=4.3V, TEMP=-261.5C
[APRS] Telemetry: BAT=4.3V, TEMP=-261.5C
[APRS] Telemetry processed: LAT=39.025002, LON=-77.072670, BAT=4.3, TEMP=-261.5 from AMSAT-11
[WARNING] Failed to listen on port 50000 with status -9
[WARNING] Failed to listen on port 50000 with status -9
[WARNING] Failed to listen on port 50000 with status -9
[WARNING] Failed to listen on port 50000 with status -9
[WARNING] Failed to listen on port 50000 with status -9
[WARNING] Failed to listen on port 50000 with status -9
[WARNING] Failed to listen on port 50000 with status -9
[WARNING] Failed to listen on port 50000 with status -9
[WARNING] Failed to listen on port 50000 with status -9
[WARNING] Failed to listen on port 50000 with status -9
[WARNING] Failed to listen on port 50000 with status -9
[WARNING] Failed to listen on port 50000 with status -9
[WARNING] Failed to listen on port 50000 with status -9
[WARNING] Failed to listen on port 50000 with status -9
[WARNING] Failed to listen on port 50000 with status -9
[WARNING] Failed to listen on port 50000 with status -9
[WARNING] Failed to listen on port 50000 with status -9
[WARNING] Failed to listen on port 50000 with status -9
[WARNING] Failed to listen on port 50000 with status -9
[WARNING] Failed to listen on port 50000 with status -9
[WARNING] Failed to listen on port 50000 with status -9
[WARNING] Failed to listen on port 50000 with status -9
[WARNING] Failed to listen on port 50000 with status -9
[WARNING] Failed to listen on port 50000 with status -9
[WARNING] Failed to listen on port 50000 with status -9
[WARNING] Failed to listen on port 50000 with status -9
[WARNING] Failed to listen on port 50000 with status -9
[WARNING] Failed to listen on port 50000 with status -9
[WARNING] Failed to listen on port 50000 with status -9
[WARNING] Failed to listen on port 50000 with status -9
[WARNING] Failed to listen on port 50000 with status -9
[WARNING] Failed to listen on port 50000 with status -9
[WARNING] Failed to listen on port 50000 with status -9
[WARNING] Failed to listen on port 50000 with status -9
[APRS] APRS client connected from 127.0.0.1
[APRS] Received command: APRS_TLM LAT=39.025000 LON=-77.072667 BAT=4.3 TEMP=-242.8 CALL=AMSAT-11
[APRS] Latitude updated: 39.025002 degrees
[APRS] Longitude updated: -77.072670 degrees
[APRS] Battery voltage updated: 4.30 V
[APRS] Temperature updated: -242.8 C
EVENT: (20496) (2:1753818101,297254) ACTIVITY_LO: (usbSoundCard) APRS_PACKET_RECEIVED : Received APRS packet from AMSAT-11
[APRS] Packet #18 received from AMSAT-11
EVENT: (20498) (2:1753818101,297314) ACTIVITY_LO: (usbSoundCard) APRS_POSITION_UPDATE : APRS position update: LAT=39.025002, LON=-77.072670
[APRS] Position: LAT=39.025002, LON=-77.072670
EVENT: (20499) (2:1753818101,297319) ACTIVITY_LO: (usbSoundCard) APRS_TELEMETRY_UPDATE : APRS telemetry: BAT=4.3V, TEMP=-242.8C
[APRS] Telemetry: BAT=4.3V, TEMP=-242.8C
[APRS] Telemetry processed: LAT=39.025002, LON=-77.072670, BAT=4.3, TEMP=-242.8 from AMSAT-11
[WARNING] Failed to listen on port 50000 with status -9
[WARNING] Failed to listen on port 50000 with status -9
[WARNING] Failed to listen on port 50000 with status -9
[WARNING] Failed to listen on port 50000 with status -9
[WARNING] Failed to listen on port 50000 with status -9
[WARNING] Failed to listen on port 50000 with status -9
[WARNING] Failed to listen on port 50000 with status -9
[WARNING] Failed to listen on port 50000 with status -9
[WARNING] Failed to listen on port 50000 with status -9
[WARNING] Failed to listen on port 50000 with status -9
[WARNING] Failed to listen on port 50000 with status -9
[WARNING] Failed to listen on port 50000 with status -9
[WARNING] Failed to listen on port 50000 with status -9
[WARNING] Failed to listen on port 50000 with status -9
[WARNING] Failed to listen on port 50000 with status -9
[WARNING] Failed to listen on port 50000 with status -9
[WARNING] Failed to listen on port 50000 with status -9
[WARNING] Failed to listen on port 50000 with status -9
[WARNING] Failed to listen on port 50000 with status -9
[WARNING] Failed to listen on port 50000 with status -9
[WARNING] Failed to listen on port 50000 with status -9
[WARNING] Failed to listen on port 50000 with status -9
[WARNING] Failed to listen on port 50000 with status -9
[WARNING] Failed to listen on port 50000 with status -9
[WARNING] Failed to listen on port 50000 with status -9
[WARNING] Failed to listen on port 50000 with status -9
[WARNING] Failed to listen on port 50000 with status -9
[WARNING] Failed to listen on port 50000 with status -9
[WARNING] Failed to listen on port 50000 with status -9
[WARNING] Failed to listen on port 50000 with status -9
[WARNING] Failed to listen on port 50000 with status -9
[WARNING] Failed to listen on port 50000 with status -9
[WARNING] Failed to listen on port 50000 with status -9
[WARNING] Failed to listen on port 50000 with status -9
[WARNING] Failed to listen on port 50000 with status -9
[WARNING] Failed to listen on port 50000 with status -9
[APRS] APRS client connected from 127.0.0.1
[APRS] Received command: APRS_TLM LAT=39.024667 LON=-77.072667 BAT=4.3 TEMP=-258.6 CALL=AMSAT-11
[APRS] Latitude updated: 39.024666 degrees
[APRS] Longitude updated: -77.072670 degrees
[APRS] Battery voltage updated: 4.30 V
[APRS] Temperature updated: -258.6 C
EVENT: (20496) (2:1753818137,297166) ACTIVITY_LO: (usbSoundCard) APRS_PACKET_RECEIVED : Received APRS packet from AMSAT-11
[APRS] Packet #19 received from AMSAT-11
EVENT: (20498) (2:1753818137,297202) ACTIVITY_LO: (usbSoundCard) APRS_POSITION_UPDATE : APRS position update: LAT=39.024666, LON=-77.072670
[APRS] Position: LAT=39.024666, LON=-77.072670
EVENT: (20499) (2:1753818137,297218) ACTIVITY_LO: (usbSoundCard) APRS_TELEMETRY_UPDATE : APRS telemetry: BAT=4.3V, TEMP=-258.6C
[APRS] Telemetry: BAT=4.3V, TEMP=-258.6C
[APRS] Telemetry processed: LAT=39.024666, LON=-77.072670, BAT=4.3, TEMP=-258.6 from AMSAT-11
[WARNING] Failed to listen on port 50000 with status -9
[WARNING] Failed to listen on port 50000 with status -9
[WARNING] Failed to listen on port 50000 with status -9
[WARNING] Failed to listen on port 50000 with status -9
[WARNING] Failed to listen on port 50000 with status -9
[WARNING] Failed to listen on port 50000 with status -9
Exiting...
