[APRS] Failed to bind APRS server socket to port 8080
Hit Ctrl-C to quit
EVENT: (3334) (2:1753920659,266646) WARNING_HI: (prmDb) PrmFileReadError : Parameter file read failed in stage OPEN (0) with record 0 and error 1
EVENT: (1280) (2:1753920659,266702) DIAGNOSTIC: (cmdDisp) OpCodeRegistered : Opcode 0x500 registered to port 0 slot 0
EVENT: (1280) (2:1753920659,266709) DIAGNOSTIC: (cmdDisp) OpCodeRegistered : Opcode 0x501 registered to port 0 slot 1
EVENT: (1280) (2:1753920659,266712) DIAGNOSTIC: (cmdDisp) OpCodeRegistered : Opcode 0x502 registered to port 0 slot 2
EVENT: (1280) (2:1753920659,266717) DIAGNOSTIC: (cmdDisp) OpCodeRegistered : Opcode 0x503 registered to port 0 slot 3
EVENT: (1280) (2:1753920659,266719) DIAGNOSTIC: (cmdDisp) OpCodeRegistered : Opcode 0x600 registered to port 1 slot 4
EVENT: (1280) (2:1753920659,266722) DIAGNOSTIC: (cmdDisp) OpCodeRegistered : Opcode 0x601 registered to port 1 slot 5
EVENT: (1280) (2:1753920659,266725) DIAGNOSTIC: (cmdDisp) OpCodeRegistered : Opcode 0x602 registered to port 1 slot 6
EVENT: (1280) (2:1753920659,266728) DIAGNOSTIC: (cmdDisp) OpCodeRegistered : Opcode 0x603 registered to port 1 slot 7
EVENT: (1280) (2:1753920659,266730) DIAGNOSTIC: (cmdDisp) OpCodeRegistered : Opcode 0x604 registered to port 1 slot 8
EVENT: (1280) (2:1753920659,266733) DIAGNOSTIC: (cmdDisp) OpCodeRegistered : Opcode 0x605 registered to port 1 slot 9
EVENT: (1280) (2:1753920659,266736) DIAGNOSTIC: (cmdDisp) OpCodeRegistered : Opcode 0x606 registered to port 1 slot 10
EVENT: (1280) (2:1753920659,266739) DIAGNOSTIC: (cmdDisp) OpCodeRegistered : Opcode 0x607 registered to port 1 slot 11
EVENT: (1280) (2:1753920659,266741) DIAGNOSTIC: (cmdDisp) OpCodeRegistered : Opcode 0xb00 registered to port 2 slot 12
EVENT: (1280) (2:1753920659,266744) DIAGNOSTIC: (cmdDisp) OpCodeRegistered : Opcode 0xb02 registered to port 2 slot 13
EVENT: (1280) (2:1753920659,266747) DIAGNOSTIC: (cmdDisp) OpCodeRegistered : Opcode 0xb03 registered to port 2 slot 14
EVENT: (1280) (2:1753920659,266750) DIAGNOSTIC: (cmdDisp) OpCodeRegistered : Opcode 0x800 registered to port 3 slot 15
EVENT: (1280) (2:1753920659,266752) DIAGNOSTIC: (cmdDisp) OpCodeRegistered : Opcode 0x801 registered to port 3 slot 16
EVENT: (1280) (2:1753920659,266755) DIAGNOSTIC: (cmdDisp) OpCodeRegistered : Opcode 0x802 registered to port 3 slot 17
EVENT: (1280) (2:1753920659,266758) DIAGNOSTIC: (cmdDisp) OpCodeRegistered : Opcode 0x900 registered to port 4 slot 18
EVENT: (1280) (2:1753920659,266760) DIAGNOSTIC: (cmdDisp) OpCodeRegistered : Opcode 0x901 registered to port 4 slot 19
EVENT: (1280) (2:1753920659,266763) DIAGNOSTIC: (cmdDisp) OpCodeRegistered : Opcode 0x902 registered to port 4 slot 20
EVENT: (1280) (2:1753920659,266766) DIAGNOSTIC: (cmdDisp) OpCodeRegistered : Opcode 0x903 registered to port 4 slot 21
EVENT: (1280) (2:1753920659,266769) DIAGNOSTIC: (cmdDisp) OpCodeRegistered : Opcode 0x904 registered to port 4 slot 22
EVENT: (1280) (2:1753920659,266771) DIAGNOSTIC: (cmdDisp) OpCodeRegistered : Opcode 0x905 registered to port 4 slot 23
EVENT: (1280) (2:1753920659,266774) DIAGNOSTIC: (cmdDisp) OpCodeRegistered : Opcode 0x906 registered to port 4 slot 24
EVENT: (1280) (2:1753920659,266777) DIAGNOSTIC: (cmdDisp) OpCodeRegistered : Opcode 0x2000 registered to port 5 slot 25
EVENT: (1280) (2:1753920659,266780) DIAGNOSTIC: (cmdDisp) OpCodeRegistered : Opcode 0x2001 registered to port 5 slot 26
EVENT: (1280) (2:1753920659,266782) DIAGNOSTIC: (cmdDisp) OpCodeRegistered : Opcode 0x2002 registered to port 5 slot 27
EVENT: (1280) (2:1753920659,266785) DIAGNOSTIC: (cmdDisp) OpCodeRegistered : Opcode 0xd00 registered to port 6 slot 28
EVENT: (1280) (2:1753920659,266788) DIAGNOSTIC: (cmdDisp) OpCodeRegistered : Opcode 0x4a00 registered to port 7 slot 29
EVENT: (1280) (2:1753920659,266790) DIAGNOSTIC: (cmdDisp) OpCodeRegistered : Opcode 0x5000 registered to port 8 slot 30
EVENT: (1280) (2:1753920659,266793) DIAGNOSTIC: (cmdDisp) OpCodeRegistered : Opcode 0x5001 registered to port 8 slot 31
EVENT: (1280) (2:1753920659,266796) DIAGNOSTIC: (cmdDisp) OpCodeRegistered : Opcode 0x5002 registered to port 8 slot 32
EVENT: (1280) (2:1753920659,266802) DIAGNOSTIC: (cmdDisp) OpCodeRegistered : Opcode 0x5003 registered to port 8 slot 33
EVENT: (1280) (2:1753920659,266805) DIAGNOSTIC: (cmdDisp) OpCodeRegistered : Opcode 0x5004 registered to port 8 slot 34
EVENT: (1280) (2:1753920659,266808) DIAGNOSTIC: (cmdDisp) OpCodeRegistered : Opcode 0x4e00 registered to port 9 slot 35
EVENT: (1280) (2:1753920659,266810) DIAGNOSTIC: (cmdDisp) OpCodeRegistered : Opcode 0x4e01 registered to port 9 slot 36
[WARNING] cmdDisp high task priority of 101 clamped to 99
[WARNING] cmdSeq high task priority of 100 clamped to 99
[WARNING] comQueue high task priority of 100 clamped to 99
[WARNING] fileDownlink high task priority of 100 clamped to 99
[WARNING] fileManager high task priority of 100 clamped to 99
[WARNING] fileUplink high task priority of 100 clamped to 99
[WARNING] rateGroup1 high task priority of 120 clamped to 99
[WARNING] rateGroup2 high task priority of 119 clamped to 99
EVENT: (512) (2:1753920659,267149) DIAGNOSTIC: (rateGroup1) RateGroupStarted : Rate group started.
[WARNING] rateGroup3 high task priority of 118 clamped to 99
EVENT: (768) (2:1753920659,267180) DIAGNOSTIC: (rateGroup2) RateGroupStarted : Rate group started.
EVENT: (1024) (2:1753920659,267213) DIAGNOSTIC: (rateGroup3) RateGroupStarted : Rate group started.
[WARNING] ReceiveTask high task priority of 100 clamped to 99
[WARNING] Failed to listen on port 50000 with status -9
[WARNING] Failed to listen on port 50000 with status -9
[WARNING] Failed to listen on port 50000 with status -9
[WARNING] Failed to listen on port 50000 with status -9
[WARNING] Failed to listen on port 50000 with status -9
[WARNING] Failed to listen on port 50000 with status -9
[WARNING] Failed to listen on port 50000 with status -9
[WARNING] Failed to listen on port 50000 with status -9
[WARNING] Failed to listen on port 50000 with status -9
[WARNING] Failed to listen on port 50000 with status -9
[WARNING] Failed to listen on port 50000 with status -9
[WARNING] Failed to listen on port 50000 with status -9
[WARNING] Failed to listen on port 50000 with status -9
[WARNING] Failed to listen on port 50000 with status -9
[WARNING] Failed to listen on port 50000 with status -9
[WARNING] Failed to listen on port 50000 with status -9
[WARNING] Failed to listen on port 50000 with status -9
[WARNING] Failed to listen on port 50000 with status -9
[WARNING] Failed to listen on port 50000 with status -9
[WARNING] Failed to listen on port 50000 with status -9
[WARNING] Failed to listen on port 50000 with status -9
[WARNING] Failed to listen on port 50000 with status -9
[WARNING] Failed to listen on port 50000 with status -9
[WARNING] Failed to listen on port 50000 with status -9
[WARNING] Failed to listen on port 50000 with status -9
[WARNING] Failed to listen on port 50000 with status -9
[WARNING] Failed to listen on port 50000 with status -9
[WARNING] Failed to listen on port 50000 with status -9
[WARNING] Failed to listen on port 50000 with status -9
[WARNING] Failed to listen on port 50000 with status -9
[WARNING] Failed to listen on port 50000 with status -9
[WARNING] Failed to listen on port 50000 with status -9
[WARNING] Failed to listen on port 50000 with status -9
[WARNING] Failed to listen on port 50000 with status -9
[WARNING] Failed to listen on port 50000 with status -9
[WARNING] Failed to listen on port 50000 with status -9
[WARNING] Failed to listen on port 50000 with status -9
[WARNING] Failed to listen on port 50000 with status -9
[WARNING] Failed to listen on port 50000 with status -9
[WARNING] Failed to listen on port 50000 with status -9
[WARNING] Failed to listen on port 50000 with status -9
[WARNING] Failed to listen on port 50000 with status -9
[WARNING] Failed to listen on port 50000 with status -9
[WARNING] Failed to listen on port 50000 with status -9
[WARNING] Failed to listen on port 50000 with status -9
[WARNING] Failed to listen on port 50000 with status -9
[WARNING] Failed to listen on port 50000 with status -9
[WARNING] Failed to listen on port 50000 with status -9
[WARNING] Failed to listen on port 50000 with status -9
[WARNING] Failed to listen on port 50000 with status -9
[WARNING] Failed to listen on port 50000 with status -9
[WARNING] Failed to listen on port 50000 with status -9
[WARNING] Failed to listen on port 50000 with status -9
[WARNING] Failed to listen on port 50000 with status -9
[WARNING] Failed to listen on port 50000 with status -9
[WARNING] Failed to listen on port 50000 with status -9
[WARNING] Failed to listen on port 50000 with status -9
[WARNING] Failed to listen on port 50000 with status -9
[WARNING] Failed to listen on port 50000 with status -9
[WARNING] Failed to listen on port 50000 with status -9
[WARNING] Failed to listen on port 50000 with status -9
[WARNING] Failed to listen on port 50000 with status -9
[WARNING] Failed to listen on port 50000 with status -9
[WARNING] Failed to listen on port 50000 with status -9
[WARNING] Failed to listen on port 50000 with status -9
[WARNING] Failed to listen on port 50000 with status -9
[WARNING] Failed to listen on port 50000 with status -9
[WARNING] Failed to listen on port 50000 with status -9
[WARNING] Failed to listen on port 50000 with status -9
[WARNING] Failed to listen on port 50000 with status -9
[WARNING] Failed to listen on port 50000 with status -9
[WARNING] Failed to listen on port 50000 with status -9
[WARNING] Failed to listen on port 50000 with status -9
[WARNING] Failed to listen on port 50000 with status -9
[WARNING] Failed to listen on port 50000 with status -9
[WARNING] Failed to listen on port 50000 with status -9
[WARNING] Failed to listen on port 50000 with status -9
[WARNING] Failed to listen on port 50000 with status -9
[WARNING] Failed to listen on port 50000 with status -9
[WARNING] Failed to listen on port 50000 with status -9
[WARNING] Failed to listen on port 50000 with status -9
[WARNING] Failed to listen on port 50000 with status -9
[WARNING] Failed to listen on port 50000 with status -9
[WARNING] Failed to listen on port 50000 with status -9
[WARNING] Failed to listen on port 50000 with status -9
[WARNING] Failed to listen on port 50000 with status -9
[WARNING] Failed to listen on port 50000 with status -9
[WARNING] Failed to listen on port 50000 with status -9
[WARNING] Failed to listen on port 50000 with status -9
[WARNING] Failed to listen on port 50000 with status -9
[WARNING] Failed to listen on port 50000 with status -9
[WARNING] Failed to listen on port 50000 with status -9
[WARNING] Failed to listen on port 50000 with status -9
[WARNING] Failed to listen on port 50000 with status -9
Exiting...
